<?xml version="1.0" encoding="UTF-8"?>
<coverage generated="1773613082994" clover="3.2.0">
  <project timestamp="1773613082994" name="All files">
    <metrics statements="1309" coveredstatements="1309" conditionals="432" coveredconditionals="432" methods="317" coveredmethods="317" elements="2058" coveredelements="2058" complexity="0" loc="1309" ncloc="1309" packages="13" files="43" classes="43"/>
    <package name="src">
      <metrics statements="102" coveredstatements="102" conditionals="40" coveredconditionals="40" methods="18" coveredmethods="18"/>
      <file name="args.ts" path="D:\Development\Typescript\solito\src\args.ts">
        <metrics statements="96" coveredstatements="96" conditionals="40" coveredconditionals="40" methods="18" coveredmethods="18"/>
        <line num="1" count="1" type="stmt"/>
        <line num="2" count="1" type="stmt"/>
        <line num="30" count="1" type="stmt"/>
        <line num="32" count="1" type="stmt"/>
        <line num="33" count="1" type="stmt"/>
        <line num="36" count="1" type="stmt"/>
        <line num="37" count="38" type="stmt"/>
        <line num="39" count="38" type="cond" truecount="1" falsecount="0"/>
        <line num="40" count="1" type="stmt"/>
        <line num="43" count="37" type="stmt"/>
        <line num="45" count="37" type="cond" truecount="1" falsecount="0"/>
        <line num="46" count="1" type="stmt"/>
        <line num="49" count="36" type="cond" truecount="1" falsecount="0"/>
        <line num="50" count="5" type="stmt"/>
        <line num="53" count="31" type="cond" truecount="4" falsecount="0"/>
        <line num="54" count="3" type="stmt"/>
        <line num="57" count="28" type="cond" truecount="1" falsecount="0"/>
        <line num="58" count="8" type="stmt"/>
        <line num="62" count="20" type="stmt"/>
        <line num="77" count="28" type="stmt"/>
        <line num="92" count="163" type="cond" truecount="1" falsecount="0"/>
        <line num="93" count="12" type="stmt"/>
        <line num="94" count="11" type="stmt"/>
        <line num="97" count="151" type="cond" truecount="1" falsecount="0"/>
        <line num="98" count="3" type="stmt"/>
        <line num="99" count="3" type="stmt"/>
        <line num="102" count="148" type="stmt"/>
        <line num="112" count="41" type="stmt"/>
        <line num="113" count="5" type="stmt"/>
        <line num="114" count="3" type="stmt"/>
        <line num="115" count="4" type="stmt"/>
        <line num="116" count="1" type="stmt"/>
        <line num="117" count="1" type="stmt"/>
        <line num="122" count="48" type="cond" truecount="3" falsecount="0"/>
        <line num="123" count="3" type="stmt"/>
        <line num="124" count="3" type="stmt"/>
        <line num="127" count="45" type="cond" truecount="1" falsecount="0"/>
        <line num="128" count="2" type="stmt"/>
        <line num="129" count="2" type="stmt"/>
        <line num="132" count="43" type="cond" truecount="3" falsecount="0"/>
        <line num="133" count="2" type="stmt"/>
        <line num="136" count="41" type="stmt"/>
        <line num="140" count="48" type="stmt"/>
        <line num="142" count="48" type="cond" truecount="1" falsecount="0"/>
        <line num="144" count="41" type="stmt"/>
        <line num="145" count="163" type="stmt"/>
        <line num="147" count="162" type="cond" truecount="1" falsecount="0"/>
        <line num="150" count="26" type="stmt"/>
        <line num="154" count="28" type="stmt"/>
        <line num="155" count="28" type="stmt"/>
        <line num="157" count="28" type="stmt"/>
        <line num="158" count="48" type="stmt"/>
        <line num="159" count="48" type="stmt"/>
        <line num="161" count="47" type="cond" truecount="3" falsecount="0"/>
        <line num="162" count="2" type="stmt"/>
        <line num="165" count="45" type="cond" truecount="2" falsecount="0"/>
        <line num="166" count="19" type="stmt"/>
        <line num="167" count="26" type="cond" truecount="2" falsecount="0"/>
        <line num="168" count="1" type="stmt"/>
        <line num="169" count="1" type="stmt"/>
        <line num="171" count="25" type="stmt"/>
        <line num="175" count="24" type="stmt"/>
        <line num="177" count="24" type="cond" truecount="1" falsecount="0"/>
        <line num="178" count="2" type="stmt"/>
        <line num="179" count="2" type="stmt"/>
        <line num="182" count="22" type="stmt"/>
        <line num="190" count="5" type="stmt"/>
        <line num="191" count="5" type="stmt"/>
        <line num="193" count="5" type="stmt"/>
        <line num="194" count="6" type="stmt"/>
        <line num="196" count="6" type="cond" truecount="2" falsecount="0"/>
        <line num="197" count="1" type="stmt"/>
        <line num="198" count="1" type="stmt"/>
        <line num="199" count="5" type="cond" truecount="2" falsecount="0"/>
        <line num="200" count="1" type="stmt"/>
        <line num="201" count="4" type="cond" truecount="2" falsecount="0"/>
        <line num="202" count="1" type="stmt"/>
        <line num="203" count="1" type="stmt"/>
        <line num="204" count="3" type="cond" truecount="2" falsecount="0"/>
        <line num="205" count="1" type="stmt"/>
        <line num="206" count="2" type="cond" truecount="3" falsecount="0"/>
        <line num="207" count="2" type="stmt"/>
        <line num="211" count="3" type="stmt"/>
        <line num="215" count="28" type="stmt"/>
        <line num="217" count="28" type="cond" truecount="1" falsecount="0"/>
        <line num="218" count="25" type="stmt"/>
        <line num="221" count="3" type="stmt"/>
        <line num="228" count="14" type="cond" truecount="1" falsecount="0"/>
        <line num="229" count="1" type="stmt"/>
        <line num="230" count="1" type="stmt"/>
        <line num="233" count="13" type="stmt"/>
        <line num="236" count="1" type="stmt"/>
        <line num="237" count="1" type="stmt"/>
        <line num="238" count="1" type="stmt"/>
        <line num="239" count="4" type="stmt"/>
        <line num="241" count="1" type="stmt"/>
      </file>
      <file name="constants.ts" path="D:\Development\Typescript\solito\src\constants.ts">
        <metrics statements="6" coveredstatements="6" conditionals="0" coveredconditionals="0" methods="0" coveredmethods="0"/>
        <line num="1" count="7" type="stmt"/>
        <line num="2" count="7" type="stmt"/>
        <line num="3" count="7" type="stmt"/>
        <line num="4" count="7" type="stmt"/>
        <line num="6" count="7" type="stmt"/>
        <line num="17" count="7" type="stmt"/>
      </file>
    </package>
    <package name="src.agents">
      <metrics statements="147" coveredstatements="147" conditionals="47" coveredconditionals="47" methods="31" coveredmethods="31"/>
      <file name="claude.ts" path="D:\Development\Typescript\solito\src\agents\claude.ts">
        <metrics statements="81" coveredstatements="81" conditionals="40" coveredconditionals="40" methods="13" coveredmethods="13"/>
        <line num="7" count="3" type="stmt"/>
        <line num="8" count="3" type="stmt"/>
        <line num="9" count="3" type="stmt"/>
        <line num="10" count="3" type="stmt"/>
        <line num="11" count="3" type="stmt"/>
        <line num="22" count="3" type="stmt"/>
        <line num="24" count="3" type="stmt"/>
        <line num="25" count="25" type="stmt"/>
        <line num="34" count="25" type="stmt"/>
        <line num="35" count="25" type="stmt"/>
        <line num="36" count="25" type="stmt"/>
        <line num="37" count="25" type="cond" truecount="2" falsecount="0"/>
        <line num="38" count="25" type="cond" truecount="2" falsecount="0"/>
        <line num="42" count="21" type="stmt"/>
        <line num="44" count="21" type="stmt"/>
        <line num="46" count="21" type="stmt"/>
        <line num="52" count="21" type="stmt"/>
        <line num="55" count="9" type="stmt"/>
        <line num="59" count="21" type="stmt"/>
        <line num="60" count="21" type="stmt"/>
        <line num="62" count="21" type="stmt"/>
        <line num="71" count="2" type="stmt"/>
        <line num="75" count="21" type="stmt"/>
        <line num="77" count="21" type="stmt"/>
        <line num="86" count="21" type="cond" truecount="1" falsecount="0"/>
        <line num="87" count="21" type="stmt"/>
        <line num="90" count="21" type="cond" truecount="1" falsecount="0"/>
        <line num="91" count="1" type="stmt"/>
        <line num="94" count="21" type="stmt"/>
        <line num="98" count="21" type="cond" truecount="1" falsecount="0"/>
        <line num="99" count="1" type="stmt"/>
        <line num="102" count="20" type="stmt"/>
        <line num="107" count="20" type="cond" truecount="3" falsecount="0"/>
        <line num="108" count="5" type="stmt"/>
        <line num="111" count="20" type="stmt"/>
        <line num="115" count="21" type="cond" truecount="2" falsecount="0"/>
        <line num="117" count="21" type="cond" truecount="2" falsecount="0"/>
        <line num="119" count="21" type="stmt"/>
        <line num="130" count="21" type="cond" truecount="3" falsecount="0"/>
        <line num="131" count="16" type="stmt"/>
        <line num="134" count="5" type="stmt"/>
        <line num="135" count="5" type="stmt"/>
        <line num="139" count="9" type="cond" truecount="3" falsecount="0"/>
        <line num="140" count="1" type="stmt"/>
        <line num="143" count="9" type="stmt"/>
        <line num="145" count="9" type="cond" truecount="1" falsecount="0"/>
        <line num="146" count="3" type="stmt"/>
        <line num="149" count="6" type="stmt"/>
        <line num="151" count="6" type="cond" truecount="1" falsecount="0"/>
        <line num="152" count="1" type="stmt"/>
        <line num="155" count="5" type="cond" truecount="2" falsecount="0"/>
        <line num="156" count="1" type="stmt"/>
        <line num="157" count="1" type="stmt"/>
        <line num="158" count="4" type="cond" truecount="1" falsecount="0"/>
        <line num="159" count="2" type="stmt"/>
        <line num="160" count="2" type="stmt"/>
        <line num="171" count="3" type="stmt"/>
        <line num="172" count="3" type="stmt"/>
        <line num="175" count="9" type="cond" truecount="1" falsecount="0"/>
        <line num="176" count="5" type="stmt"/>
        <line num="179" count="4" type="cond" truecount="1" falsecount="0"/>
        <line num="180" count="2" type="stmt"/>
        <line num="181" count="2" type="cond" truecount="2" falsecount="0"/>
        <line num="185" count="2" type="stmt"/>
        <line num="191" count="9" type="cond" truecount="1" falsecount="0"/>
        <line num="192" count="2" type="stmt"/>
        <line num="195" count="7" type="stmt"/>
        <line num="196" count="7" type="stmt"/>
        <line num="203" count="3" type="stmt"/>
        <line num="204" count="9" type="stmt"/>
        <line num="206" count="9" type="stmt"/>
        <line num="207" count="55" type="stmt"/>
        <line num="209" count="55" type="cond" truecount="3" falsecount="0"/>
        <line num="210" count="7" type="stmt"/>
        <line num="211" count="7" type="stmt"/>
        <line num="212" count="7" type="cond" truecount="2" falsecount="0"/>
        <line num="215" count="7" type="stmt"/>
        <line num="216" count="7" type="stmt"/>
        <line num="217" count="7" type="stmt"/>
        <line num="220" count="48" type="cond" truecount="2" falsecount="0"/>
        <line num="223" count="9" type="stmt"/>
      </file>
      <file name="codex.ts" path="D:\Development\Typescript\solito\src\agents\codex.ts">
        <metrics statements="10" coveredstatements="10" conditionals="1" coveredconditionals="1" methods="3" coveredmethods="3"/>
        <line num="3" count="3" type="stmt"/>
        <line num="5" count="3" type="stmt"/>
        <line num="6" count="8" type="stmt"/>
        <line num="8" count="8" type="stmt"/>
        <line num="11" count="5" type="stmt"/>
        <line num="13" count="5" type="cond" truecount="1" falsecount="0"/>
        <line num="14" count="1" type="stmt"/>
        <line num="17" count="5" type="stmt"/>
        <line num="18" count="5" type="stmt"/>
        <line num="22" count="1" type="stmt"/>
      </file>
      <file name="prompt-builder.ts" path="D:\Development\Typescript\solito\src\agents\prompt-builder.ts">
        <metrics statements="27" coveredstatements="27" conditionals="5" coveredconditionals="5" methods="8" coveredmethods="8"/>
        <line num="1" count="4" type="stmt"/>
        <line num="12" count="4" type="stmt"/>
        <line num="13" count="42" type="stmt"/>
        <line num="14" count="42" type="stmt"/>
        <line num="16" count="42" type="stmt"/>
        <line num="18" count="42" type="cond" truecount="1" falsecount="0"/>
        <line num="19" count="3" type="stmt"/>
        <line num="22" count="42" type="cond" truecount="1" falsecount="0"/>
        <line num="23" count="1" type="stmt"/>
        <line num="26" count="42" type="stmt"/>
        <line num="27" count="42" type="stmt"/>
        <line num="28" count="42" type="stmt"/>
        <line num="29" count="42" type="stmt"/>
        <line num="31" count="42" type="cond" truecount="1" falsecount="0"/>
        <line num="32" count="3" type="stmt"/>
        <line num="35" count="42" type="stmt"/>
        <line num="39" count="42" type="stmt"/>
        <line num="88" count="3" type="stmt"/>
        <line num="102" count="1" type="stmt"/>
        <line num="141" count="42" type="cond" truecount="1" falsecount="0"/>
        <line num="142" count="39" type="stmt"/>
        <line num="150" count="3" type="stmt"/>
        <line num="165" count="42" type="cond" truecount="1" falsecount="0"/>
        <line num="166" count="39" type="stmt"/>
        <line num="169" count="3" type="stmt"/>
        <line num="182" count="42" type="stmt"/>
        <line num="215" count="42" type="stmt"/>
      </file>
      <file name="registry.ts" path="D:\Development\Typescript\solito\src\agents\registry.ts">
        <metrics statements="29" coveredstatements="29" conditionals="1" coveredconditionals="1" methods="7" coveredmethods="7"/>
        <line num="2" count="2" type="stmt"/>
        <line num="3" count="2" type="stmt"/>
        <line num="4" count="2" type="stmt"/>
        <line num="5" count="2" type="stmt"/>
        <line num="6" count="2" type="stmt"/>
        <line num="7" count="2" type="stmt"/>
        <line num="8" count="2" type="stmt"/>
        <line num="9" count="2" type="stmt"/>
        <line num="17" count="2" type="stmt"/>
        <line num="19" count="2" type="stmt"/>
        <line num="20" count="5" type="stmt"/>
        <line num="23" count="2" type="stmt"/>
        <line num="24" count="4" type="stmt"/>
        <line num="26" count="4" type="cond" truecount="1" falsecount="0"/>
        <line num="27" count="1" type="stmt"/>
        <line num="28" count="1" type="stmt"/>
        <line num="31" count="3" type="stmt"/>
        <line num="34" count="2" type="stmt"/>
        <line num="35" count="4" type="stmt"/>
        <line num="38" count="2" type="stmt"/>
        <line num="39" count="1" type="stmt"/>
        <line num="43" count="2" type="stmt"/>
        <line num="44" count="2" type="stmt"/>
        <line num="45" count="2" type="stmt"/>
        <line num="47" count="2" type="stmt"/>
        <line num="49" count="2" type="stmt"/>
        <line num="50" count="1" type="stmt"/>
        <line num="63" count="2" type="stmt"/>
        <line num="66" count="2" type="stmt"/>
      </file>
    </package>
    <package name="src.commands">
      <metrics statements="292" coveredstatements="292" conditionals="93" coveredconditionals="93" methods="47" coveredmethods="47"/>
      <file name="command-resolver.ts" path="D:\Development\Typescript\solito\src\commands\command-resolver.ts">
        <metrics statements="20" coveredstatements="20" conditionals="7" coveredconditionals="7" methods="3" coveredmethods="3"/>
        <line num="22" count="1" type="stmt"/>
        <line num="28" count="7" type="stmt"/>
        <line num="29" count="7" type="stmt"/>
        <line num="30" count="7" type="cond" truecount="2" falsecount="0"/>
        <line num="34" count="7" type="stmt"/>
        <line num="36" count="7" type="cond" truecount="1" falsecount="0"/>
        <line num="37" count="3" type="stmt"/>
        <line num="40" count="4" type="stmt"/>
        <line num="42" count="4" type="cond" truecount="1" falsecount="0"/>
        <line num="43" count="3" type="stmt"/>
        <line num="44" count="3" type="stmt"/>
        <line num="45" count="3" type="stmt"/>
        <line num="47" count="3" type="cond" truecount="3" falsecount="0"/>
        <line num="48" count="1" type="stmt"/>
        <line num="49" count="1" type="stmt"/>
        <line num="53" count="3" type="stmt"/>
        <line num="60" count="4" type="stmt"/>
        <line num="65" count="4" type="stmt"/>
        <line num="67" count="3" type="stmt"/>
        <line num="72" count="3" type="stmt"/>
      </file>
      <file name="config-command.ts" path="D:\Development\Typescript\solito\src\commands\config-command.ts">
        <metrics statements="12" coveredstatements="12" conditionals="3" coveredconditionals="3" methods="1" coveredmethods="1"/>
        <line num="1" count="1" type="stmt"/>
        <line num="11" count="1" type="stmt"/>
        <line num="12" count="3" type="stmt"/>
        <line num="13" count="3" type="stmt"/>
        <line num="14" count="3" type="stmt"/>
        <line num="16" count="3" type="cond" truecount="1" falsecount="0"/>
        <line num="17" count="2" type="stmt"/>
        <line num="19" count="2" type="cond" truecount="2" falsecount="0"/>
        <line num="20" count="1" type="stmt"/>
        <line num="21" count="1" type="stmt"/>
        <line num="23" count="1" type="stmt"/>
        <line num="27" count="3" type="stmt"/>
      </file>
      <file name="run-command.ts" path="D:\Development\Typescript\solito\src\commands\run-command.ts">
        <metrics statements="237" coveredstatements="237" conditionals="83" coveredconditionals="83" methods="39" coveredmethods="39"/>
        <line num="5" count="1" type="stmt"/>
        <line num="6" count="1" type="stmt"/>
        <line num="7" count="1" type="stmt"/>
        <line num="8" count="1" type="stmt"/>
        <line num="9" count="1" type="stmt"/>
        <line num="10" count="1" type="stmt"/>
        <line num="13" count="134" type="stmt"/>
        <line num="15" count="1" type="stmt"/>
        <line num="17" count="1" type="stmt"/>
        <line num="19" count="1" type="stmt"/>
        <line num="20" count="1" type="stmt"/>
        <line num="21" count="1" type="stmt"/>
        <line num="64" count="1" type="stmt"/>
        <line num="65" count="39" type="stmt"/>
        <line num="67" count="39" type="stmt"/>
        <line num="69" count="39" type="cond" truecount="1" falsecount="0"/>
        <line num="70" count="1" type="stmt"/>
        <line num="71" count="1" type="stmt"/>
        <line num="74" count="38" type="cond" truecount="2" falsecount="0"/>
        <line num="75" count="38" type="cond" truecount="2" falsecount="0"/>
        <line num="77" count="38" type="stmt"/>
        <line num="86" count="38" type="stmt"/>
        <line num="87" count="38" type="stmt"/>
        <line num="89" count="38" type="stmt"/>
        <line num="94" count="39" type="cond" truecount="2" falsecount="0"/>
        <line num="95" count="39" type="cond" truecount="2" falsecount="0"/>
        <line num="97" count="39" type="stmt"/>
        <line num="118" count="38" type="stmt"/>
        <line num="119" count="93" type="cond" truecount="4" falsecount="0"/>
        <line num="120" count="26" type="stmt"/>
        <line num="121" count="26" type="stmt"/>
        <line num="124" count="67" type="stmt"/>
        <line num="125" count="67" type="stmt"/>
        <line num="127" count="67" type="stmt"/>
        <line num="129" count="67" type="cond" truecount="1" falsecount="0"/>
        <line num="131" count="58" type="cond" truecount="1" falsecount="0"/>
        <line num="133" count="55" type="cond" truecount="1" falsecount="0"/>
        <line num="135" count="52" type="stmt"/>
        <line num="142" count="52" type="stmt"/>
        <line num="143" count="52" type="stmt"/>
        <line num="146" count="3" type="cond" truecount="1" falsecount="0"/>
        <line num="147" count="3" type="stmt"/>
        <line num="150" count="3" type="stmt"/>
        <line num="160" count="67" type="stmt"/>
        <line num="165" count="67" type="stmt"/>
        <line num="166" count="67" type="stmt"/>
        <line num="167" count="67" type="stmt"/>
        <line num="169" count="67" type="cond" truecount="2" falsecount="0"/>
        <line num="170" count="67" type="stmt"/>
        <line num="174" count="67" type="stmt"/>
        <line num="178" count="67" type="stmt"/>
        <line num="180" count="67" type="stmt"/>
        <line num="181" count="67" type="stmt"/>
        <line num="183" count="67" type="stmt"/>
        <line num="184" count="67" type="stmt"/>
        <line num="185" count="67" type="stmt"/>
        <line num="194" count="67" type="stmt"/>
        <line num="196" count="67" type="cond" truecount="1" falsecount="0"/>
        <line num="197" count="3" type="stmt"/>
        <line num="198" count="3" type="stmt"/>
        <line num="201" count="64" type="cond" truecount="3" falsecount="0"/>
        <line num="202" count="3" type="stmt"/>
        <line num="203" count="3" type="stmt"/>
        <line num="204" count="3" type="stmt"/>
        <line num="205" count="3" type="stmt"/>
        <line num="208" count="61" type="cond" truecount="3" falsecount="0"/>
        <line num="209" count="3" type="stmt"/>
        <line num="212" count="58" type="cond" truecount="3" falsecount="0"/>
        <line num="213" count="2" type="stmt"/>
        <line num="214" count="2" type="stmt"/>
        <line num="217" count="56" type="cond" truecount="1" falsecount="0"/>
        <line num="218" count="1" type="stmt"/>
        <line num="219" count="1" type="stmt"/>
        <line num="222" count="55" type="stmt"/>
        <line num="232" count="55" type="cond" truecount="2" falsecount="0"/>
        <line num="233" count="55" type="cond" truecount="4" falsecount="0"/>
        <line num="235" count="55" type="cond" truecount="2" falsecount="0"/>
        <line num="236" count="13" type="stmt"/>
        <line num="238" count="13" type="cond" truecount="1" falsecount="0"/>
        <line num="239" count="2" type="stmt"/>
        <line num="242" count="11" type="stmt"/>
        <line num="244" count="11" type="cond" truecount="1" falsecount="0"/>
        <line num="245" count="1" type="stmt"/>
        <line num="246" count="1" type="stmt"/>
        <line num="249" count="42" type="stmt"/>
        <line num="252" count="52" type="stmt"/>
        <line num="256" count="67" type="cond" truecount="4" falsecount="0"/>
        <line num="257" count="3" type="stmt"/>
        <line num="258" count="64" type="cond" truecount="2" falsecount="0"/>
        <line num="259" count="7" type="stmt"/>
        <line num="260" count="57" type="cond" truecount="2" falsecount="0"/>
        <line num="261" count="38" type="stmt"/>
        <line num="263" count="19" type="stmt"/>
        <line num="266" count="67" type="cond" truecount="1" falsecount="0"/>
        <line num="267" count="10" type="stmt"/>
        <line num="280" count="67" type="stmt"/>
        <line num="290" count="39" type="cond" truecount="2" falsecount="0"/>
        <line num="291" count="39" type="stmt"/>
        <line num="300" count="3" type="stmt"/>
        <line num="302" count="3" type="cond" truecount="1" falsecount="0"/>
        <line num="303" count="2" type="stmt"/>
        <line num="306" count="1" type="stmt"/>
        <line num="324" count="52" type="stmt"/>
        <line num="325" count="52" type="cond" truecount="2" falsecount="0"/>
        <line num="326" count="52" type="stmt"/>
        <line num="328" count="52" type="cond" truecount="1" falsecount="0"/>
        <line num="329" count="50" type="stmt"/>
        <line num="332" count="2" type="stmt"/>
        <line num="342" count="55" type="stmt"/>
        <line num="343" count="55" type="stmt"/>
        <line num="345" count="55" type="cond" truecount="1" falsecount="0"/>
        <line num="346" count="37" type="stmt"/>
        <line num="349" count="18" type="stmt"/>
        <line num="350" count="17" type="cond" truecount="2" falsecount="0"/>
        <line num="352" count="1" type="stmt"/>
        <line num="357" count="13" type="stmt"/>
        <line num="359" count="13" type="stmt"/>
        <line num="361" count="13" type="cond" truecount="1" falsecount="0"/>
        <line num="362" count="5" type="stmt"/>
        <line num="367" count="38" type="stmt"/>
        <line num="368" count="38" type="stmt"/>
        <line num="370" count="38" type="cond" truecount="1" falsecount="0"/>
        <line num="371" count="16" type="stmt"/>
        <line num="379" count="39" type="cond" truecount="1" falsecount="0"/>
        <line num="380" count="28" type="stmt"/>
        <line num="383" count="11" type="stmt"/>
        <line num="386" count="1" type="stmt"/>
        <line num="387" count="1" type="stmt"/>
        <line num="396" count="23" type="stmt"/>
        <line num="398" count="23" type="cond" truecount="3" falsecount="0"/>
        <line num="399" count="3" type="stmt"/>
        <line num="402" count="20" type="stmt"/>
        <line num="407" count="20" type="cond" truecount="1" falsecount="0"/>
        <line num="408" count="3" type="stmt"/>
        <line num="411" count="20" type="stmt"/>
        <line num="417" count="23" type="stmt"/>
        <line num="419" count="23" type="cond" truecount="1" falsecount="0"/>
        <line num="420" count="8" type="stmt"/>
        <line num="427" count="15" type="cond" truecount="1" falsecount="0"/>
        <line num="428" count="8" type="stmt"/>
        <line num="434" count="7" type="stmt"/>
        <line num="446" count="67" type="stmt"/>
        <line num="448" count="67" type="cond" truecount="1" falsecount="0"/>
        <line num="449" count="45" type="stmt"/>
        <line num="452" count="22" type="stmt"/>
        <line num="453" count="22" type="stmt"/>
        <line num="455" count="22" type="stmt"/>
        <line num="456" count="22" type="stmt"/>
        <line num="457" count="22" type="stmt"/>
        <line num="458" count="22" type="stmt"/>
        <line num="460" count="22" type="cond" truecount="1" falsecount="0"/>
        <line num="461" count="18" type="stmt"/>
        <line num="462" count="8" type="stmt"/>
        <line num="463" count="8" type="stmt"/>
        <line num="468" count="8" type="stmt"/>
        <line num="469" count="8" type="stmt"/>
        <line num="473" count="22" type="cond" truecount="3" falsecount="0"/>
        <line num="474" count="22" type="stmt"/>
        <line num="475" count="8" type="stmt"/>
        <line num="476" count="8" type="stmt"/>
        <line num="480" count="8" type="stmt"/>
        <line num="481" count="8" type="stmt"/>
        <line num="485" count="22" type="stmt"/>
        <line num="486" count="7" type="stmt"/>
        <line num="487" count="7" type="stmt"/>
        <line num="488" count="7" type="stmt"/>
        <line num="489" count="7" type="stmt"/>
        <line num="490" count="7" type="stmt"/>
        <line num="493" count="62" type="stmt"/>
        <line num="504" count="19" type="stmt"/>
        <line num="505" count="19" type="stmt"/>
        <line num="506" count="19" type="stmt"/>
        <line num="507" count="19" type="stmt"/>
        <line num="508" count="19" type="stmt"/>
        <line num="512" count="5" type="stmt"/>
        <line num="513" count="5" type="stmt"/>
        <line num="514" count="5" type="stmt"/>
        <line num="515" count="5" type="stmt"/>
        <line num="519" count="3" type="stmt"/>
        <line num="520" count="3" type="stmt"/>
        <line num="521" count="3" type="stmt"/>
        <line num="522" count="3" type="stmt"/>
        <line num="526" count="10" type="stmt"/>
        <line num="527" count="10" type="stmt"/>
        <line num="528" count="10" type="stmt"/>
        <line num="529" count="10" type="stmt"/>
        <line num="533" count="67" type="stmt"/>
        <line num="535" count="67" type="stmt"/>
        <line num="536" count="141" type="stmt"/>
        <line num="537" count="141" type="stmt"/>
        <line num="538" count="141" type="stmt"/>
        <line num="539" count="141" type="stmt"/>
        <line num="540" count="141" type="stmt"/>
        <line num="541" count="141" type="stmt"/>
        <line num="544" count="67" type="stmt"/>
        <line num="548" count="168" type="stmt"/>
        <line num="549" count="168" type="stmt"/>
        <line num="550" count="168" type="stmt"/>
        <line num="552" count="168" type="cond" truecount="1" falsecount="0"/>
        <line num="553" count="3" type="stmt"/>
        <line num="556" count="165" type="stmt"/>
        <line num="560" count="141" type="stmt"/>
        <line num="561" count="141" type="stmt"/>
        <line num="562" count="141" type="stmt"/>
        <line num="563" count="141" type="stmt"/>
        <line num="573" count="1" type="stmt"/>
        <line num="576" count="67" type="stmt"/>
        <line num="577" count="67" type="stmt"/>
        <line num="579" count="67" type="stmt"/>
        <line num="580" count="8" type="stmt"/>
        <line num="581" count="8" type="stmt"/>
        <line num="583" count="8" type="cond" truecount="1" falsecount="0"/>
        <line num="584" count="5" type="stmt"/>
        <line num="585" count="5" type="stmt"/>
        <line num="586" count="5" type="stmt"/>
        <line num="587" count="5" type="stmt"/>
        <line num="590" count="3" type="cond" truecount="1" falsecount="0"/>
        <line num="591" count="1" type="stmt"/>
        <line num="594" count="2" type="stmt"/>
        <line num="595" count="2" type="stmt"/>
        <line num="596" count="2" type="stmt"/>
        <line num="597" count="2" type="stmt"/>
        <line num="600" count="67" type="stmt"/>
        <line num="601" count="1" type="stmt"/>
        <line num="602" count="1" type="stmt"/>
        <line num="603" count="1" type="stmt"/>
        <line num="604" count="1" type="stmt"/>
        <line num="607" count="67" type="stmt"/>
        <line num="609" count="67" type="cond" truecount="1" falsecount="0"/>
        <line num="610" count="1" type="stmt"/>
        <line num="613" count="67" type="stmt"/>
        <line num="614" count="67" type="stmt"/>
        <line num="616" count="67" type="cond" truecount="1" falsecount="0"/>
        <line num="617" count="1" type="stmt"/>
        <line num="622" count="1" type="stmt"/>
        <line num="623" count="1" type="stmt"/>
        <line num="626" count="65" type="cond" truecount="2" falsecount="0"/>
      </file>
      <file name="ui-command.ts" path="D:\Development\Typescript\solito\src\commands\ui-command.ts">
        <metrics statements="23" coveredstatements="23" conditionals="0" coveredconditionals="0" methods="4" coveredmethods="4"/>
        <line num="1" count="1" type="stmt"/>
        <line num="2" count="1" type="stmt"/>
        <line num="3" count="1" type="stmt"/>
        <line num="4" count="1" type="stmt"/>
        <line num="5" count="1" type="stmt"/>
        <line num="6" count="1" type="stmt"/>
        <line num="10" count="1" type="stmt"/>
        <line num="22" count="1" type="stmt"/>
        <line num="23" count="2" type="stmt"/>
        <line num="24" count="2" type="stmt"/>
        <line num="25" count="2" type="stmt"/>
        <line num="26" count="2" type="stmt"/>
        <line num="28" count="2" type="stmt"/>
        <line num="37" count="2" type="stmt"/>
        <line num="39" count="2" type="stmt"/>
        <line num="46" count="2" type="stmt"/>
        <line num="48" count="2" type="stmt"/>
        <line num="49" count="2" type="stmt"/>
        <line num="50" count="3" type="stmt"/>
        <line num="51" count="3" type="stmt"/>
        <line num="52" count="3" type="stmt"/>
        <line num="55" count="2" type="stmt"/>
        <line num="56" count="2" type="stmt"/>
      </file>
    </package>
    <package name="src.config">
      <metrics statements="76" coveredstatements="76" conditionals="26" coveredconditionals="26" methods="14" coveredmethods="14"/>
      <file name="config-merger.ts" path="D:\Development\Typescript\solito\src\config\config-merger.ts">
        <metrics statements="2" coveredstatements="2" conditionals="8" coveredconditionals="8" methods="1" coveredmethods="1"/>
        <line num="3" count="2" type="stmt"/>
        <line num="7" count="9" type="stmt"/>
      </file>
      <file name="config-schema.ts" path="D:\Development\Typescript\solito\src\config\config-schema.ts">
        <metrics statements="14" coveredstatements="14" conditionals="1" coveredconditionals="1" methods="3" coveredmethods="3"/>
        <line num="1" count="2" type="stmt"/>
        <line num="3" count="2" type="stmt"/>
        <line num="8" count="2" type="stmt"/>
        <line num="14" count="2" type="stmt"/>
        <line num="15" count="1" type="stmt"/>
        <line num="21" count="2" type="stmt"/>
        <line num="27" count="2" type="stmt"/>
        <line num="42" count="2" type="stmt"/>
        <line num="43" count="14" type="stmt"/>
        <line num="45" count="14" type="cond" truecount="1" falsecount="0"/>
        <line num="46" count="9" type="stmt"/>
        <line num="49" count="5" type="stmt"/>
        <line num="50" count="6" type="stmt"/>
        <line num="53" count="5" type="stmt"/>
      </file>
      <file name="default-config.ts" path="D:\Development\Typescript\solito\src\config\default-config.ts">
        <metrics statements="8" coveredstatements="8" conditionals="8" coveredconditionals="8" methods="3" coveredmethods="3"/>
        <line num="3" count="3" type="stmt"/>
        <line num="4" count="3" type="stmt"/>
        <line num="5" count="3" type="stmt"/>
        <line num="8" count="3" type="stmt"/>
        <line num="9" count="22" type="stmt"/>
        <line num="57" count="3" type="stmt"/>
        <line num="58" count="13" type="stmt"/>
        <line num="60" count="13" type="stmt"/>
      </file>
      <file name="project-config-loader.ts" path="D:\Development\Typescript\solito\src\config\project-config-loader.ts">
        <metrics statements="12" coveredstatements="12" conditionals="1" coveredconditionals="1" methods="2" coveredmethods="2"/>
        <line num="1" count="1" type="stmt"/>
        <line num="2" count="1" type="stmt"/>
        <line num="6" count="1" type="stmt"/>
        <line num="7" count="1" type="stmt"/>
        <line num="18" count="1" type="stmt"/>
        <line num="23" count="3" type="stmt"/>
        <line num="24" count="3" type="stmt"/>
        <line num="28" count="3" type="stmt"/>
        <line num="30" count="3" type="cond" truecount="1" falsecount="0"/>
        <line num="31" count="1" type="stmt"/>
        <line num="34" count="2" type="stmt"/>
        <line num="35" count="2" type="stmt"/>
      </file>
      <file name="yaml-config-loader.ts" path="D:\Development\Typescript\solito\src\config\yaml-config-loader.ts">
        <metrics statements="40" coveredstatements="40" conditionals="8" coveredconditionals="8" methods="5" coveredmethods="5"/>
        <line num="1" count="1" type="stmt"/>
        <line num="4" count="1" type="stmt"/>
        <line num="5" count="1" type="stmt"/>
        <line num="6" count="1" type="stmt"/>
        <line num="7" count="1" type="stmt"/>
        <line num="9" count="1" type="stmt"/>
        <line num="18" count="1" type="stmt"/>
        <line num="26" count="9" type="stmt"/>
        <line num="27" count="9" type="stmt"/>
        <line num="28" count="9" type="stmt"/>
        <line num="29" count="9" type="cond" truecount="2" falsecount="0"/>
        <line num="30" count="9" type="stmt"/>
        <line num="34" count="9" type="stmt"/>
        <line num="37" count="9" type="cond" truecount="2" falsecount="0"/>
        <line num="38" count="1" type="stmt"/>
        <line num="40" count="8" type="stmt"/>
        <line num="43" count="9" type="stmt"/>
        <line num="47" count="9" type="cond" truecount="1" falsecount="0"/>
        <line num="48" count="6" type="stmt"/>
        <line num="51" count="3" type="stmt"/>
        <line num="53" count="3" type="cond" truecount="1" falsecount="0"/>
        <line num="54" count="1" type="stmt"/>
        <line num="57" count="2" type="stmt"/>
        <line num="58" count="2" type="stmt"/>
        <line num="60" count="2" type="cond" truecount="1" falsecount="0"/>
        <line num="61" count="1" type="stmt"/>
        <line num="66" count="2" type="stmt"/>
        <line num="70" count="1" type="stmt"/>
        <line num="71" count="1" type="stmt"/>
        <line num="72" count="1" type="stmt"/>
        <line num="73" count="1" type="stmt"/>
        <line num="74" count="1" type="stmt"/>
        <line num="78" count="8" type="stmt"/>
        <line num="79" count="8" type="stmt"/>
        <line num="80" count="8" type="stmt"/>
        <line num="82" count="8" type="stmt"/>
        <line num="84" count="8" type="cond" truecount="1" falsecount="0"/>
        <line num="85" count="1" type="stmt"/>
        <line num="86" count="1" type="stmt"/>
        <line num="89" count="8" type="stmt"/>
      </file>
    </package>
    <package name="src.filesystem">
      <metrics statements="18" coveredstatements="18" conditionals="5" coveredconditionals="5" methods="8" coveredmethods="8"/>
      <file name="default-filesystem.ts" path="D:\Development\Typescript\solito\src\filesystem\default-filesystem.ts">
        <metrics statements="18" coveredstatements="18" conditionals="5" coveredconditionals="5" methods="8" coveredmethods="8"/>
        <line num="1" count="2" type="stmt"/>
        <line num="5" count="5" type="cond" truecount="3" falsecount="0"/>
        <line num="8" count="2" type="stmt"/>
        <line num="10" count="15" type="stmt"/>
        <line num="14" count="14" type="stmt"/>
        <line num="18" count="31" type="stmt"/>
        <line num="19" count="31" type="stmt"/>
        <line num="20" count="28" type="stmt"/>
        <line num="22" count="3" type="cond" truecount="1" falsecount="0"/>
        <line num="23" count="1" type="stmt"/>
        <line num="26" count="2" type="stmt"/>
        <line num="31" count="1" type="stmt"/>
        <line num="35" count="3" type="stmt"/>
        <line num="36" count="3" type="stmt"/>
        <line num="37" count="3" type="stmt"/>
        <line num="39" count="2" type="cond" truecount="1" falsecount="0"/>
        <line num="40" count="1" type="stmt"/>
        <line num="43" count="1" type="stmt"/>
      </file>
    </package>
    <package name="src.interpolation">
      <metrics statements="46" coveredstatements="46" conditionals="19" coveredconditionals="19" methods="7" coveredmethods="7"/>
      <file name="variable-resolver.ts" path="D:\Development\Typescript\solito\src\interpolation\variable-resolver.ts">
        <metrics statements="46" coveredstatements="46" conditionals="19" coveredconditionals="19" methods="7" coveredmethods="7"/>
        <line num="1" count="4" type="stmt"/>
        <line num="2" count="4" type="stmt"/>
        <line num="14" count="4" type="stmt"/>
        <line num="19" count="5" type="cond" truecount="2" falsecount="0"/>
        <line num="20" count="5" type="cond" truecount="2" falsecount="0"/>
        <line num="24" count="14" type="stmt"/>
        <line num="25" count="15" type="cond" truecount="1" falsecount="0"/>
        <line num="26" count="3" type="stmt"/>
        <line num="29" count="12" type="stmt"/>
        <line num="38" count="12" type="cond" truecount="1" falsecount="0"/>
        <line num="39" count="5" type="stmt"/>
        <line num="42" count="7" type="cond" truecount="1" falsecount="0"/>
        <line num="43" count="1" type="stmt"/>
        <line num="46" count="6" type="cond" truecount="1" falsecount="0"/>
        <line num="47" count="1" type="stmt"/>
        <line num="50" count="5" type="stmt"/>
        <line num="52" count="5" type="cond" truecount="1" falsecount="0"/>
        <line num="53" count="1" type="stmt"/>
        <line num="56" count="4" type="stmt"/>
        <line num="61" count="3" type="stmt"/>
        <line num="62" count="3" type="cond" truecount="2" falsecount="0"/>
        <line num="65" count="4" type="stmt"/>
        <line num="69" count="9" type="stmt"/>
        <line num="70" count="9" type="stmt"/>
        <line num="72" count="9" type="stmt"/>
        <line num="73" count="14" type="cond" truecount="3" falsecount="0"/>
        <line num="74" count="1" type="stmt"/>
        <line num="78" count="13" type="stmt"/>
        <line num="80" count="13" type="cond" truecount="1" falsecount="0"/>
        <line num="81" count="2" type="stmt"/>
        <line num="84" count="11" type="stmt"/>
        <line num="87" count="6" type="cond" truecount="1" falsecount="0"/>
        <line num="88" count="1" type="stmt"/>
        <line num="91" count="5" type="stmt"/>
        <line num="95" count="3" type="stmt"/>
        <line num="97" count="3" type="stmt"/>
        <line num="98" count="10" type="stmt"/>
        <line num="100" count="10" type="cond" truecount="1" falsecount="0"/>
        <line num="101" count="4" type="stmt"/>
        <line num="102" count="4" type="stmt"/>
        <line num="104" count="3" type="cond" truecount="1" falsecount="0"/>
        <line num="105" count="2" type="stmt"/>
        <line num="112" count="8" type="stmt"/>
        <line num="114" count="8" type="cond" truecount="1" falsecount="0"/>
        <line num="115" count="1" type="stmt"/>
        <line num="118" count="7" type="stmt"/>
      </file>
    </package>
    <package name="src.metrics">
      <metrics statements="74" coveredstatements="74" conditionals="34" coveredconditionals="34" methods="19" coveredmethods="19"/>
      <file name="metrics-reporter.ts" path="D:\Development\Typescript\solito\src\metrics\metrics-reporter.ts">
        <metrics statements="24" coveredstatements="24" conditionals="5" coveredconditionals="5" methods="9" coveredmethods="9"/>
        <line num="1" count="1" type="stmt"/>
        <line num="27" count="1" type="stmt"/>
        <line num="33" count="6" type="stmt"/>
        <line num="34" count="6" type="stmt"/>
        <line num="35" count="6" type="stmt"/>
        <line num="39" count="2" type="stmt"/>
        <line num="40" count="2" type="stmt"/>
        <line num="48" count="1" type="stmt"/>
        <line num="49" count="1" type="stmt"/>
        <line num="53" count="2" type="stmt"/>
        <line num="54" count="1" type="stmt"/>
        <line num="57" count="2" type="stmt"/>
        <line num="62" count="4" type="stmt"/>
        <line num="64" count="4" type="stmt"/>
        <line num="65" count="4" type="stmt"/>
        <line num="77" count="3" type="stmt"/>
        <line num="78" count="3" type="cond" truecount="3" falsecount="0"/>
        <line num="79" count="3" type="cond" truecount="2" falsecount="0"/>
        <line num="80" count="3" type="stmt"/>
        <line num="84" count="4" type="stmt"/>
        <line num="85" count="1" type="stmt"/>
        <line num="86" count="1" type="stmt"/>
        <line num="89" count="4" type="stmt"/>
        <line num="90" count="4" type="stmt"/>
      </file>
      <file name="metrics-watcher.ts" path="D:\Development\Typescript\solito\src\metrics\metrics-watcher.ts">
        <metrics statements="50" coveredstatements="50" conditionals="29" coveredconditionals="29" methods="10" coveredmethods="10"/>
        <line num="21" count="1" type="stmt"/>
        <line num="30" count="18" type="stmt"/>
        <line num="31" count="18" type="stmt"/>
        <line num="34" count="18" type="stmt"/>
        <line num="35" count="18" type="stmt"/>
        <line num="36" count="18" type="stmt"/>
        <line num="37" count="18" type="stmt"/>
        <line num="38" count="18" type="stmt"/>
        <line num="39" count="18" type="stmt"/>
        <line num="40" count="18" type="stmt"/>
        <line num="41" count="18" type="cond" truecount="2" falsecount="0"/>
        <line num="45" count="18" type="stmt"/>
        <line num="46" count="18" type="stmt"/>
        <line num="50" count="19" type="cond" truecount="1" falsecount="0"/>
        <line num="51" count="18" type="stmt"/>
        <line num="52" count="18" type="stmt"/>
        <line num="57" count="21" type="stmt"/>
        <line num="58" count="21" type="stmt"/>
        <line num="60" count="19" type="cond" truecount="1" falsecount="0"/>
        <line num="61" count="4" type="stmt"/>
        <line num="64" count="15" type="stmt"/>
        <line num="65" count="15" type="stmt"/>
        <line num="67" count="15" type="cond" truecount="1" falsecount="0"/>
        <line num="68" count="1" type="stmt"/>
        <line num="71" count="43" type="stmt"/>
        <line num="72" count="14" type="stmt"/>
        <line num="73" count="14" type="stmt"/>
        <line num="75" count="14" type="stmt"/>
        <line num="76" count="16" type="cond" truecount="1" falsecount="0"/>
        <line num="78" count="15" type="stmt"/>
        <line num="79" count="15" type="stmt"/>
        <line num="82" count="2" type="cond" truecount="2" falsecount="0"/>
        <line num="83" count="2" type="stmt"/>
        <line num="88" count="15" type="stmt"/>
        <line num="89" count="15" type="stmt"/>
        <line num="91" count="15" type="cond" truecount="3" falsecount="0"/>
        <line num="93" count="15" type="stmt"/>
        <line num="107" count="45" type="stmt"/>
        <line num="108" count="15" type="stmt"/>
        <line num="110" count="15" type="stmt"/>
        <line num="111" count="46" type="cond" truecount="2" falsecount="0"/>
        <line num="114" count="15" type="stmt"/>
        <line num="121" count="15" type="stmt"/>
        <line num="122" count="15" type="stmt"/>
        <line num="128" count="15" type="stmt"/>
        <line num="129" count="46" type="cond" truecount="1" falsecount="0"/>
        <line num="131" count="15" type="stmt"/>
        <line num="133" count="15" type="cond" truecount="4" falsecount="0"/>
        <line num="134" count="13" type="stmt"/>
        <line num="138" count="15" type="stmt"/>
      </file>
    </package>
    <package name="src.process">
      <metrics statements="82" coveredstatements="82" conditionals="14" coveredconditionals="14" methods="20" coveredmethods="20"/>
      <file name="default-spawner.ts" path="D:\Development\Typescript\solito\src\process\default-spawner.ts">
        <metrics statements="21" coveredstatements="21" conditionals="2" coveredconditionals="2" methods="6" coveredmethods="6"/>
        <line num="1" count="3" type="stmt"/>
        <line num="3" count="3" type="stmt"/>
        <line num="5" count="3" type="stmt"/>
        <line num="7" count="5" type="stmt"/>
        <line num="9" count="5" type="stmt"/>
        <line num="14" count="5" type="stmt"/>
        <line num="15" count="5" type="stmt"/>
        <line num="16" count="5" type="stmt"/>
        <line num="18" count="5" type="stmt"/>
        <line num="19" count="1" type="stmt"/>
        <line num="20" count="1" type="stmt"/>
        <line num="21" count="1" type="stmt"/>
        <line num="24" count="5" type="stmt"/>
        <line num="25" count="1" type="stmt"/>
        <line num="26" count="1" type="stmt"/>
        <line num="27" count="1" type="stmt"/>
        <line num="30" count="5" type="stmt"/>
        <line num="31" count="1" type="stmt"/>
        <line num="34" count="5" type="stmt"/>
        <line num="35" count="5" type="stmt"/>
        <line num="43" count="5" type="stmt"/>
      </file>
      <file name="default-streaming-spawner.ts" path="D:\Development\Typescript\solito\src\process\default-streaming-spawner.ts">
        <metrics statements="32" coveredstatements="32" conditionals="4" coveredconditionals="4" methods="8" coveredmethods="8"/>
        <line num="1" count="3" type="stmt"/>
        <line num="3" count="3" type="stmt"/>
        <line num="5" count="3" type="stmt"/>
        <line num="7" count="8" type="cond" truecount="1" falsecount="0"/>
        <line num="9" count="8" type="stmt"/>
        <line num="11" count="8" type="stmt"/>
        <line num="16" count="8" type="stmt"/>
        <line num="17" count="8" type="stmt"/>
        <line num="18" count="8" type="stmt"/>
        <line num="19" count="8" type="stmt"/>
        <line num="21" count="8" type="stmt"/>
        <line num="22" count="4" type="stmt"/>
        <line num="23" count="4" type="stmt"/>
        <line num="24" count="4" type="stmt"/>
        <line num="25" count="4" type="stmt"/>
        <line num="28" count="8" type="stmt"/>
        <line num="29" count="1" type="stmt"/>
        <line num="30" count="1" type="stmt"/>
        <line num="31" count="1" type="stmt"/>
        <line num="34" count="8" type="stmt"/>
        <line num="35" count="1" type="stmt"/>
        <line num="38" count="8" type="stmt"/>
        <line num="39" count="8" type="stmt"/>
        <line num="40" count="8" type="stmt"/>
        <line num="48" count="8" type="stmt"/>
        <line num="52" count="4" type="stmt"/>
        <line num="53" count="4" type="stmt"/>
        <line num="55" count="4" type="stmt"/>
        <line num="56" count="7" type="stmt"/>
        <line num="59" count="4" type="stmt"/>
        <line num="63" count="8" type="cond" truecount="1" falsecount="0"/>
        <line num="64" count="2" type="stmt"/>
      </file>
      <file name="kill-process-tree.ts" path="D:\Development\Typescript\solito\src\process\kill-process-tree.ts">
        <metrics statements="14" coveredstatements="14" conditionals="4" coveredconditionals="4" methods="3" coveredmethods="3"/>
        <line num="1" count="5" type="stmt"/>
        <line num="3" count="5" type="stmt"/>
        <line num="4" count="19" type="cond" truecount="3" falsecount="0"/>
        <line num="5" count="2" type="stmt"/>
        <line num="8" count="17" type="cond" truecount="1" falsecount="0"/>
        <line num="9" count="14" type="stmt"/>
        <line num="10" count="14" type="stmt"/>
        <line num="13" count="3" type="stmt"/>
        <line num="17" count="14" type="stmt"/>
        <line num="18" count="14" type="stmt"/>
        <line num="20" count="13" type="stmt"/>
        <line num="25" count="3" type="stmt"/>
        <line num="26" count="3" type="stmt"/>
        <line num="28" count="2" type="stmt"/>
      </file>
      <file name="output-buffer.ts" path="D:\Development\Typescript\solito\src\process\output-buffer.ts">
        <metrics statements="15" coveredstatements="15" conditionals="4" coveredconditionals="4" methods="3" coveredmethods="3"/>
        <line num="1" count="5" type="stmt"/>
        <line num="3" count="5" type="stmt"/>
        <line num="4" count="30" type="stmt"/>
        <line num="5" count="30" type="stmt"/>
        <line num="9" count="30" type="stmt"/>
        <line num="13" count="15" type="cond" truecount="1" falsecount="0"/>
        <line num="14" count="1" type="stmt"/>
        <line num="17" count="14" type="cond" truecount="1" falsecount="0"/>
        <line num="18" count="2" type="stmt"/>
        <line num="19" count="2" type="stmt"/>
        <line num="20" count="2" type="stmt"/>
        <line num="23" count="12" type="stmt"/>
        <line num="27" count="30" type="cond" truecount="1" falsecount="0"/>
        <line num="28" count="2" type="stmt"/>
        <line num="31" count="28" type="stmt"/>
      </file>
    </package>
    <package name="src.stream">
      <metrics statements="207" coveredstatements="207" conditionals="86" coveredconditionals="86" methods="31" coveredmethods="31"/>
      <file name="formatter.ts" path="D:\Development\Typescript\solito\src\stream\formatter.ts">
        <metrics statements="137" coveredstatements="137" conditionals="57" coveredconditionals="57" methods="17" coveredmethods="17"/>
        <line num="10" count="3" type="stmt"/>
        <line num="12" count="3" type="stmt"/>
        <line num="28" count="3" type="stmt"/>
        <line num="29" count="40" type="stmt"/>
        <line num="30" count="40" type="stmt"/>
        <line num="31" count="40" type="stmt"/>
        <line num="32" count="40" type="stmt"/>
        <line num="33" count="40" type="stmt"/>
        <line num="39" count="40" type="stmt"/>
        <line num="40" count="40" type="cond" truecount="2" falsecount="0"/>
        <line num="41" count="40" type="cond" truecount="2" falsecount="0"/>
        <line num="45" count="60" type="cond" truecount="1" falsecount="0"/>
        <line num="46" count="48" type="stmt"/>
        <line num="47" count="48" type="stmt"/>
        <line num="50" count="12" type="cond" truecount="1" falsecount="0"/>
        <line num="51" count="9" type="stmt"/>
        <line num="52" count="9" type="stmt"/>
        <line num="55" count="3" type="cond" truecount="3" falsecount="0"/>
        <line num="56" count="2" type="cond" truecount="2" falsecount="0"/>
        <line num="61" count="48" type="cond" truecount="5" falsecount="0"/>
        <line num="63" count="3" type="stmt"/>
        <line num="64" count="3" type="stmt"/>
        <line num="66" count="18" type="stmt"/>
        <line num="67" count="18" type="stmt"/>
        <line num="69" count="13" type="stmt"/>
        <line num="70" count="13" type="stmt"/>
        <line num="72" count="10" type="stmt"/>
        <line num="73" count="10" type="stmt"/>
        <line num="75" count="3" type="stmt"/>
        <line num="76" count="3" type="stmt"/>
        <line num="81" count="3" type="cond" truecount="1" falsecount="0"/>
        <line num="82" count="1" type="stmt"/>
        <line num="85" count="2" type="stmt"/>
        <line num="87" count="2" type="cond" truecount="1" falsecount="0"/>
        <line num="88" count="1" type="stmt"/>
        <line num="91" count="2" type="stmt"/>
        <line num="95" count="18" type="stmt"/>
        <line num="96" count="18" type="stmt"/>
        <line num="98" count="18" type="cond" truecount="1" falsecount="0"/>
        <line num="99" count="5" type="stmt"/>
        <line num="100" count="5" type="stmt"/>
        <line num="101" count="5" type="stmt"/>
        <line num="104" count="13" type="cond" truecount="1" falsecount="0"/>
        <line num="105" count="2" type="cond" truecount="1" falsecount="0"/>
        <line num="106" count="1" type="stmt"/>
        <line num="107" count="1" type="stmt"/>
        <line num="110" count="2" type="stmt"/>
        <line num="113" count="11" type="cond" truecount="1" falsecount="0"/>
        <line num="114" count="11" type="stmt"/>
        <line num="115" count="11" type="stmt"/>
        <line num="117" count="11" type="cond" truecount="1" falsecount="0"/>
        <line num="118" count="3" type="stmt"/>
        <line num="119" count="3" type="stmt"/>
        <line num="122" count="11" type="cond" truecount="1" falsecount="0"/>
        <line num="123" count="1" type="stmt"/>
        <line num="129" count="13" type="stmt"/>
        <line num="131" count="13" type="cond" truecount="1" falsecount="0"/>
        <line num="132" count="4" type="cond" truecount="2" falsecount="0"/>
        <line num="133" count="2" type="stmt"/>
        <line num="135" count="2" type="stmt"/>
        <line num="138" count="4" type="stmt"/>
        <line num="141" count="9" type="cond" truecount="1" falsecount="0"/>
        <line num="142" count="7" type="cond" truecount="4" falsecount="0"/>
        <line num="143" count="6" type="stmt"/>
        <line num="145" count="1" type="stmt"/>
        <line num="147" count="7" type="stmt"/>
        <line num="150" count="2" type="cond" truecount="3" falsecount="0"/>
        <line num="151" count="1" type="stmt"/>
        <line num="156" count="10" type="cond" truecount="1" falsecount="0"/>
        <line num="157" count="3" type="stmt"/>
        <line num="158" count="3" type="stmt"/>
        <line num="161" count="10" type="cond" truecount="1" falsecount="0"/>
        <line num="162" count="7" type="stmt"/>
        <line num="163" count="7" type="stmt"/>
        <line num="164" count="7" type="stmt"/>
        <line num="167" count="10" type="stmt"/>
        <line num="168" count="10" type="stmt"/>
        <line num="169" count="10" type="stmt"/>
        <line num="170" count="10" type="stmt"/>
        <line num="174" count="3" type="cond" truecount="1" falsecount="0"/>
        <line num="175" count="1" type="stmt"/>
        <line num="178" count="2" type="stmt"/>
        <line num="180" count="2" type="cond" truecount="1" falsecount="0"/>
        <line num="181" count="1" type="stmt"/>
        <line num="184" count="1" type="stmt"/>
        <line num="188" count="7" type="cond" truecount="3" falsecount="0"/>
        <line num="189" count="1" type="stmt"/>
        <line num="192" count="6" type="stmt"/>
        <line num="194" count="6" type="cond" truecount="1" falsecount="0"/>
        <line num="195" count="1" type="stmt"/>
        <line num="198" count="5" type="stmt"/>
        <line num="200" count="5" type="cond" truecount="1" falsecount="0"/>
        <line num="201" count="1" type="stmt"/>
        <line num="202" count="1" type="stmt"/>
        <line num="203" count="1" type="stmt"/>
        <line num="204" count="1" type="stmt"/>
        <line num="207" count="4" type="stmt"/>
        <line num="208" count="4" type="stmt"/>
        <line num="210" count="4" type="stmt"/>
        <line num="211" count="5" type="stmt"/>
        <line num="216" count="3" type="cond" truecount="1" falsecount="0"/>
        <line num="217" count="1" type="stmt"/>
        <line num="220" count="2" type="stmt"/>
        <line num="222" count="2" type="cond" truecount="1" falsecount="0"/>
        <line num="223" count="1" type="stmt"/>
        <line num="226" count="2" type="stmt"/>
        <line num="230" count="9" type="stmt"/>
        <line num="232" count="9" type="cond" truecount="1" falsecount="0"/>
        <line num="233" count="2" type="cond" truecount="2" falsecount="0"/>
        <line num="234" count="2" type="stmt"/>
        <line num="237" count="7" type="cond" truecount="1" falsecount="0"/>
        <line num="238" count="4" type="stmt"/>
        <line num="241" count="7" type="cond" truecount="1" falsecount="0"/>
        <line num="242" count="6" type="stmt"/>
        <line num="243" count="6" type="stmt"/>
        <line num="248" count="4" type="stmt"/>
        <line num="250" count="4" type="cond" truecount="1" falsecount="0"/>
        <line num="251" count="1" type="stmt"/>
        <line num="254" count="4" type="cond" truecount="1" falsecount="0"/>
        <line num="255" count="1" type="stmt"/>
        <line num="258" count="4" type="cond" truecount="1" falsecount="0"/>
        <line num="259" count="1" type="stmt"/>
        <line num="262" count="4" type="cond" truecount="1" falsecount="0"/>
        <line num="263" count="2" type="stmt"/>
        <line num="266" count="4" type="cond" truecount="1" falsecount="0"/>
        <line num="267" count="3" type="stmt"/>
        <line num="272" count="33" type="stmt"/>
        <line num="273" count="33" type="stmt"/>
        <line num="277" count="30" type="cond" truecount="1" falsecount="0"/>
        <line num="278" count="1" type="stmt"/>
        <line num="281" count="29" type="stmt"/>
        <line num="282" count="29" type="stmt"/>
        <line num="286" count="10" type="stmt"/>
        <line num="287" count="10" type="stmt"/>
        <line num="291" count="3" type="stmt"/>
        <line num="294" count="3" type="stmt"/>
        <line num="296" count="3" type="stmt"/>
      </file>
      <file name="markdown-renderer.ts" path="D:\Development\Typescript\solito\src\stream\markdown-renderer.ts">
        <metrics statements="19" coveredstatements="19" conditionals="7" coveredconditionals="7" methods="4" coveredmethods="4"/>
        <line num="1" count="3" type="stmt"/>
        <line num="2" count="3" type="stmt"/>
        <line num="8" count="3" type="stmt"/>
        <line num="12" count="5" type="stmt"/>
        <line num="13" count="5" type="stmt"/>
        <line num="20" count="5" type="stmt"/>
        <line num="24" count="12" type="stmt"/>
        <line num="26" count="12" type="cond" truecount="1" falsecount="0"/>
        <line num="27" count="1" type="stmt"/>
        <line num="30" count="11" type="stmt"/>
        <line num="34" count="6" type="stmt"/>
        <line num="37" count="6" type="cond" truecount="1" falsecount="0"/>
        <line num="38" count="1" type="stmt"/>
        <line num="41" count="5" type="stmt"/>
        <line num="43" count="5" type="stmt"/>
        <line num="47" count="19" type="stmt"/>
        <line num="49" count="19" type="cond" truecount="3" falsecount="0"/>
        <line num="50" count="4" type="stmt"/>
        <line num="53" count="15" type="stmt"/>
      </file>
      <file name="parser.ts" path="D:\Development\Typescript\solito\src\stream\parser.ts">
        <metrics statements="13" coveredstatements="13" conditionals="5" coveredconditionals="5" methods="3" coveredmethods="3"/>
        <line num="2" count="3" type="stmt"/>
        <line num="12" count="3" type="stmt"/>
        <line num="13" count="1" type="stmt"/>
        <line num="16" count="3" type="stmt"/>
        <line num="20" count="6" type="cond" truecount="2" falsecount="0"/>
        <line num="24" count="11" type="stmt"/>
        <line num="26" count="11" type="cond" truecount="1" falsecount="0"/>
        <line num="27" count="2" type="stmt"/>
        <line num="30" count="9" type="stmt"/>
        <line num="31" count="9" type="stmt"/>
        <line num="33" count="5" type="cond" truecount="2" falsecount="0"/>
        <line num="36" count="5" type="stmt"/>
        <line num="37" count="5" type="stmt"/>
      </file>
      <file name="tool-formatter.ts" path="D:\Development\Typescript\solito\src\stream\tool-formatter.ts">
        <metrics statements="38" coveredstatements="38" conditionals="17" coveredconditionals="17" methods="7" coveredmethods="7"/>
        <line num="25" count="4" type="stmt"/>
        <line num="27" count="4" type="stmt"/>
        <line num="28" count="31" type="stmt"/>
        <line num="31" count="4" type="stmt"/>
        <line num="32" count="20" type="stmt"/>
        <line num="33" count="20" type="stmt"/>
        <line num="35" count="18" type="cond" truecount="1" falsecount="0"/>
        <line num="36" count="5" type="stmt"/>
        <line num="39" count="13" type="cond" truecount="5" falsecount="0"/>
        <line num="41" count="5" type="stmt"/>
        <line num="43" count="3" type="stmt"/>
        <line num="45" count="2" type="stmt"/>
        <line num="47" count="2" type="stmt"/>
        <line num="49" count="1" type="stmt"/>
        <line num="52" count="2" type="stmt"/>
        <line num="57" count="5" type="cond" truecount="2" falsecount="0"/>
        <line num="58" count="5" type="stmt"/>
        <line num="59" count="5" type="stmt"/>
        <line num="61" count="5" type="cond" truecount="1" falsecount="0"/>
        <line num="62" count="4" type="stmt"/>
        <line num="65" count="5" type="stmt"/>
        <line num="69" count="3" type="stmt"/>
        <line num="71" count="3" type="cond" truecount="1" falsecount="0"/>
        <line num="72" count="2" type="stmt"/>
        <line num="75" count="3" type="cond" truecount="1" falsecount="0"/>
        <line num="76" count="3" type="stmt"/>
        <line num="79" count="3" type="stmt"/>
        <line num="83" count="2" type="stmt"/>
        <line num="85" count="2" type="cond" truecount="1" falsecount="0"/>
        <line num="86" count="1" type="stmt"/>
        <line num="89" count="2" type="stmt"/>
        <line num="93" count="2" type="stmt"/>
        <line num="95" count="2" type="cond" truecount="1" falsecount="0"/>
        <line num="96" count="2" type="stmt"/>
        <line num="99" count="2" type="cond" truecount="1" falsecount="0"/>
        <line num="100" count="1" type="stmt"/>
        <line num="103" count="2" type="stmt"/>
        <line num="107" count="18" type="cond" truecount="3" falsecount="0"/>
      </file>
    </package>
    <package name="src.test">
      <metrics statements="45" coveredstatements="45" conditionals="6" coveredconditionals="6" methods="12" coveredmethods="12"/>
      <file name="mock-agent.ts" path="D:\Development\Typescript\solito\src\test\mock-agent.ts">
        <metrics statements="13" coveredstatements="13" conditionals="2" coveredconditionals="2" methods="3" coveredmethods="3"/>
        <line num="2" count="1" type="stmt"/>
        <line num="5" count="54" type="stmt"/>
        <line num="6" count="54" type="stmt"/>
        <line num="14" count="1" type="cond" truecount="1" falsecount="0"/>
        <line num="15" count="12" type="stmt"/>
        <line num="17" count="12" type="stmt"/>
        <line num="26" count="1" type="stmt"/>
        <line num="30" count="9" type="stmt"/>
        <line num="32" count="9" type="stmt"/>
        <line num="33" count="21" type="stmt"/>
        <line num="36" count="9" type="stmt"/>
        <line num="37" count="9" type="stmt"/>
        <line num="39" count="9" type="stmt"/>
      </file>
      <file name="mock-child-process.ts" path="D:\Development\Typescript\solito\src\test\mock-child-process.ts">
        <metrics statements="9" coveredstatements="9" conditionals="0" coveredconditionals="0" methods="1" coveredmethods="1"/>
        <line num="2" count="3" type="stmt"/>
        <line num="9" count="3" type="stmt"/>
        <line num="10" count="114" type="stmt"/>
        <line num="11" count="114" type="stmt"/>
        <line num="12" count="114" type="stmt"/>
        <line num="13" count="114" type="stmt"/>
        <line num="15" count="114" type="stmt"/>
        <line num="16" count="114" type="stmt"/>
        <line num="18" count="114" type="stmt"/>
      </file>
      <file name="mock-filesystem.ts" path="D:\Development\Typescript\solito\src\test\mock-filesystem.ts">
        <metrics statements="21" coveredstatements="21" conditionals="4" coveredconditionals="4" methods="7" coveredmethods="7"/>
        <line num="4" count="172" type="stmt"/>
        <line num="7" count="8" type="cond" truecount="1" falsecount="0"/>
        <line num="8" count="87" type="stmt"/>
        <line num="10" count="87" type="stmt"/>
        <line num="11" count="33" type="stmt"/>
        <line num="14" count="87" type="stmt"/>
        <line num="16" count="31" type="stmt"/>
        <line num="18" count="31" type="cond" truecount="1" falsecount="0"/>
        <line num="19" count="2" type="stmt"/>
        <line num="22" count="29" type="stmt"/>
        <line num="25" count="6" type="stmt"/>
        <line num="27" count="99" type="stmt"/>
        <line num="30" count="3" type="stmt"/>
        <line num="31" count="3" type="stmt"/>
        <line num="33" count="3" type="stmt"/>
        <line num="34" count="4" type="cond" truecount="1" falsecount="0"/>
        <line num="35" count="4" type="stmt"/>
        <line num="36" count="4" type="stmt"/>
        <line num="38" count="4" type="cond" truecount="1" falsecount="0"/>
        <line num="39" count="4" type="stmt"/>
        <line num="44" count="3" type="stmt"/>
      </file>
      <file name="mock-logger.ts" path="D:\Development\Typescript\solito\src\test\mock-logger.ts">
        <metrics statements="2" coveredstatements="2" conditionals="0" coveredconditionals="0" methods="1" coveredmethods="1"/>
        <line num="3" count="7" type="stmt"/>
        <line num="8" count="73" type="stmt"/>
      </file>
    </package>
    <package name="src.ui">
      <metrics statements="185" coveredstatements="185" conditionals="54" coveredconditionals="54" methods="99" coveredmethods="99"/>
      <file name="metrics-store.ts" path="D:\Development\Typescript\solito\src\ui\metrics-store.ts">
        <metrics statements="14" coveredstatements="14" conditionals="2" coveredconditionals="2" methods="7" coveredmethods="7"/>
        <line num="30" count="3" type="stmt"/>
        <line num="31" count="29" type="stmt"/>
        <line num="34" count="24" type="stmt"/>
        <line num="38" count="7" type="stmt"/>
        <line num="42" count="5" type="stmt"/>
        <line num="46" count="5" type="stmt"/>
        <line num="50" count="3" type="stmt"/>
        <line num="52" count="3" type="stmt"/>
        <line num="53" count="5" type="stmt"/>
        <line num="55" count="5" type="cond" truecount="2" falsecount="0"/>
        <line num="56" count="1" type="stmt"/>
        <line num="57" count="1" type="stmt"/>
        <line num="59" count="4" type="stmt"/>
        <line num="70" count="3" type="stmt"/>
      </file>
      <file name="tsv-parser.ts" path="D:\Development\Typescript\solito\src\ui\tsv-parser.ts">
        <metrics statements="12" coveredstatements="12" conditionals="3" coveredconditionals="3" methods="5" coveredmethods="5"/>
        <line num="9" count="3" type="stmt"/>
        <line num="11" count="7" type="stmt"/>
        <line num="13" count="7" type="cond" truecount="1" falsecount="0"/>
        <line num="14" count="2" type="stmt"/>
        <line num="17" count="5" type="stmt"/>
        <line num="18" count="9" type="stmt"/>
        <line num="22" count="32" type="stmt"/>
        <line num="26" count="9" type="stmt"/>
        <line num="27" count="9" type="stmt"/>
        <line num="29" count="9" type="stmt"/>
        <line num="30" count="21" type="cond" truecount="2" falsecount="0"/>
        <line num="33" count="9" type="stmt"/>
      </file>
      <file name="tsv-row-transformer.ts" path="D:\Development\Typescript\solito\src\ui\tsv-row-transformer.ts">
        <metrics statements="14" coveredstatements="14" conditionals="21" coveredconditionals="21" methods="5" coveredmethods="5"/>
        <line num="8" count="3" type="stmt"/>
        <line num="14" count="3" type="stmt"/>
        <line num="16" count="12" type="stmt"/>
        <line num="17" count="14" type="stmt"/>
        <line num="23" count="14" type="stmt"/>
        <line num="37" count="14" type="cond" truecount="2" falsecount="0"/>
        <line num="38" count="14" type="cond" truecount="2" falsecount="0"/>
        <line num="42" count="14" type="stmt"/>
        <line num="44" count="14" type="stmt"/>
        <line num="45" count="43" type="cond" truecount="1" falsecount="0"/>
        <line num="47" count="16" type="stmt"/>
        <line num="49" count="16" type="cond" truecount="4" falsecount="0"/>
        <line num="50" count="16" type="stmt"/>
        <line num="54" count="14" type="stmt"/>
      </file>
      <file name="ui-charts-js.ts" path="D:\Development\Typescript\solito\src\ui\ui-charts-js.ts">
        <metrics statements="37" coveredstatements="37" conditionals="0" coveredconditionals="0" methods="36" coveredmethods="36"/>
        <line num="1" count="2" type="stmt"/>
        <line num="2" count="1" type="stmt"/>
        <line num="24" count="1" type="stmt"/>
        <line num="38" count="1" type="stmt"/>
        <line num="88" count="1" type="stmt"/>
        <line num="118" count="1" type="stmt"/>
        <line num="172" count="1" type="stmt"/>
        <line num="222" count="1" type="stmt"/>
        <line num="248" count="1" type="stmt"/>
        <line num="264" count="1" type="stmt"/>
        <line num="295" count="1" type="stmt"/>
        <line num="308" count="1" type="stmt"/>
        <line num="335" count="1" type="stmt"/>
        <line num="339" count="1" type="stmt"/>
        <line num="362" count="1" type="stmt"/>
        <line num="386" count="1" type="stmt"/>
        <line num="412" count="1" type="stmt"/>
        <line num="453" count="1" type="stmt"/>
        <line num="463" count="1" type="stmt"/>
        <line num="481" count="1" type="stmt"/>
        <line num="493" count="1" type="stmt"/>
        <line num="497" count="1" type="stmt"/>
        <line num="507" count="1" type="stmt"/>
        <line num="526" count="1" type="stmt"/>
        <line num="544" count="1" type="stmt"/>
        <line num="563" count="1" type="stmt"/>
        <line num="567" count="1" type="stmt"/>
        <line num="587" count="1" type="stmt"/>
        <line num="599" count="1" type="stmt"/>
        <line num="620" count="1" type="stmt"/>
        <line num="640" count="1" type="stmt"/>
        <line num="667" count="1" type="stmt"/>
        <line num="715" count="1" type="stmt"/>
        <line num="743" count="1" type="stmt"/>
        <line num="777" count="1" type="stmt"/>
        <line num="781" count="1" type="stmt"/>
        <line num="825" count="1" type="stmt"/>
      </file>
      <file name="ui-handlers.ts" path="D:\Development\Typescript\solito\src\ui\ui-handlers.ts">
        <metrics statements="59" coveredstatements="59" conditionals="14" coveredconditionals="14" methods="30" coveredmethods="30"/>
        <line num="7" count="2" type="stmt"/>
        <line num="8" count="2" type="stmt"/>
        <line num="30" count="2" type="stmt"/>
        <line num="31" count="22" type="stmt"/>
        <line num="33" count="22" type="stmt"/>
        <line num="35" count="1" type="stmt"/>
        <line num="39" count="1" type="stmt"/>
        <line num="43" count="1" type="stmt"/>
        <line num="47" count="1" type="stmt"/>
        <line num="51" count="1" type="stmt"/>
        <line num="55" count="8" type="stmt"/>
        <line num="59" count="4" type="stmt"/>
        <line num="63" count="4" type="stmt"/>
        <line num="74" count="8" type="stmt"/>
        <line num="75" count="8" type="cond" truecount="1" falsecount="0"/>
        <line num="76" count="1" type="stmt"/>
        <line num="77" count="1" type="stmt"/>
        <line num="80" count="7" type="stmt"/>
        <line num="81" count="7" type="stmt"/>
        <line num="82" count="6" type="stmt"/>
        <line num="83" count="6" type="stmt"/>
        <line num="84" count="6" type="stmt"/>
        <line num="86" count="1" type="stmt"/>
        <line num="92" count="6" type="cond" truecount="2" falsecount="0"/>
        <line num="94" count="6" type="cond" truecount="3" falsecount="0"/>
        <line num="95" count="4" type="stmt"/>
        <line num="96" count="4" type="stmt"/>
        <line num="99" count="6" type="cond" truecount="3" falsecount="0"/>
        <line num="100" count="6" type="cond" truecount="2" falsecount="0"/>
        <line num="104" count="4" type="stmt"/>
        <line num="106" count="4" type="stmt"/>
        <line num="107" count="3" type="cond" truecount="1" falsecount="0"/>
        <line num="108" count="1" type="stmt"/>
        <line num="109" count="1" type="stmt"/>
        <line num="112" count="2" type="stmt"/>
        <line num="113" count="1" type="stmt"/>
        <line num="114" count="1" type="stmt"/>
        <line num="115" count="1" type="stmt"/>
        <line num="117" count="1" type="stmt"/>
        <line num="120" count="1" type="stmt"/>
        <line num="125" count="4" type="stmt"/>
        <line num="127" count="4" type="stmt"/>
        <line num="128" count="3" type="stmt"/>
        <line num="129" count="4" type="stmt"/>
        <line num="130" count="4" type="cond" truecount="2" falsecount="0"/>
        <line num="133" count="3" type="stmt"/>
        <line num="134" count="4" type="stmt"/>
        <line num="135" count="3" type="stmt"/>
        <line num="138" count="1" type="stmt"/>
        <line num="143" count="20" type="stmt"/>
        <line num="144" count="20" type="stmt"/>
        <line num="148" count="20" type="stmt"/>
        <line num="152" count="1" type="stmt"/>
        <line num="156" count="1" type="stmt"/>
        <line num="160" count="8" type="stmt"/>
        <line num="162" count="8" type="stmt"/>
        <line num="163" count="7" type="stmt"/>
        <line num="166" count="8" type="stmt"/>
        <line num="167" count="8" type="stmt"/>
      </file>
      <file name="ui-html.ts" path="D:\Development\Typescript\solito\src\ui\ui-html.ts">
        <metrics statements="4" coveredstatements="4" conditionals="0" coveredconditionals="0" methods="1" coveredmethods="1"/>
        <line num="1" count="2" type="stmt"/>
        <line num="3" count="2" type="stmt"/>
        <line num="4" count="1" type="stmt"/>
        <line num="6" count="1" type="stmt"/>
      </file>
      <file name="ui-routes.ts" path="D:\Development\Typescript\solito\src\ui\ui-routes.ts">
        <metrics statements="23" coveredstatements="23" conditionals="13" coveredconditionals="13" methods="6" coveredmethods="6"/>
        <line num="20" count="2" type="stmt"/>
        <line num="21" count="13" type="stmt"/>
        <line num="29" count="13" type="stmt"/>
        <line num="35" count="13" type="stmt"/>
        <line num="37" count="11" type="cond" truecount="2" falsecount="0"/>
        <line num="38" count="11" type="cond" truecount="2" falsecount="0"/>
        <line num="40" count="11" type="cond" truecount="1" falsecount="0"/>
        <line num="42" count="5" type="cond" truecount="1" falsecount="0"/>
        <line num="44" count="2" type="stmt"/>
        <line num="52" count="41" type="cond" truecount="2" falsecount="0"/>
        <line num="54" count="11" type="cond" truecount="1" falsecount="0"/>
        <line num="56" count="6" type="stmt"/>
        <line num="57" count="6" type="stmt"/>
        <line num="63" count="5" type="stmt"/>
        <line num="64" count="12" type="cond" truecount="3" falsecount="0"/>
        <line num="66" count="3" type="stmt"/>
        <line num="68" count="3" type="cond" truecount="1" falsecount="0"/>
        <line num="69" count="3" type="stmt"/>
        <line num="70" count="3" type="stmt"/>
        <line num="74" count="2" type="stmt"/>
        <line num="78" count="2" type="stmt"/>
        <line num="79" count="2" type="stmt"/>
        <line num="83" count="2" type="stmt"/>
      </file>
      <file name="ui-server.ts" path="D:\Development\Typescript\solito\src\ui\ui-server.ts">
        <metrics statements="22" coveredstatements="22" conditionals="1" coveredconditionals="1" methods="9" coveredmethods="9"/>
        <line num="1" count="2" type="stmt"/>
        <line num="17" count="2" type="stmt"/>
        <line num="22" count="7" type="stmt"/>
        <line num="25" count="7" type="stmt"/>
        <line num="26" count="7" type="stmt"/>
        <line num="27" count="7" type="stmt"/>
        <line num="28" count="7" type="stmt"/>
        <line num="32" count="7" type="stmt"/>
        <line num="33" count="7" type="stmt"/>
        <line num="34" count="1" type="stmt"/>
        <line num="37" count="7" type="stmt"/>
        <line num="38" count="1" type="stmt"/>
        <line num="41" count="7" type="stmt"/>
        <line num="42" count="6" type="stmt"/>
        <line num="43" count="6" type="stmt"/>
        <line num="49" count="10" type="stmt"/>
        <line num="50" count="10" type="cond" truecount="1" falsecount="0"/>
        <line num="51" count="3" type="stmt"/>
        <line num="52" count="3" type="stmt"/>
        <line num="55" count="7" type="stmt"/>
        <line num="56" count="7" type="stmt"/>
        <line num="57" count="7" type="stmt"/>
      </file>
    </package>
    <package name="src.util">
      <metrics statements="19" coveredstatements="19" conditionals="7" coveredconditionals="7" methods="8" coveredmethods="8"/>
      <file name="command.ts" path="D:\Development\Typescript\solito\src\util\command.ts">
        <metrics statements="7" coveredstatements="7" conditionals="2" coveredconditionals="2" methods="3" coveredmethods="3"/>
        <line num="1" count="5" type="stmt"/>
        <line num="3" count="5" type="stmt"/>
        <line num="4" count="4" type="stmt"/>
        <line num="5" count="4" type="cond" truecount="2" falsecount="0"/>
        <line num="7" count="4" type="stmt"/>
        <line num="8" count="4" type="stmt"/>
        <line num="9" count="4" type="stmt"/>
      </file>
      <file name="logger.ts" path="D:\Development\Typescript\solito\src\util\logger.ts">
        <metrics statements="4" coveredstatements="4" conditionals="0" coveredconditionals="0" methods="3" coveredmethods="3"/>
        <line num="7" count="5" type="stmt"/>
        <line num="9" count="133" type="stmt"/>
        <line num="13" count="1" type="stmt"/>
        <line num="17" count="9" type="stmt"/>
      </file>
      <file name="paths.ts" path="D:\Development\Typescript\solito\src\util\paths.ts">
        <metrics statements="8" coveredstatements="8" conditionals="5" coveredconditionals="5" methods="2" coveredmethods="2"/>
        <line num="1" count="3" type="stmt"/>
        <line num="3" count="3" type="stmt"/>
        <line num="4" count="44" type="cond" truecount="4" falsecount="0"/>
        <line num="6" count="44" type="cond" truecount="1" falsecount="0"/>
        <line num="7" count="2" type="stmt"/>
        <line num="10" count="42" type="stmt"/>
        <line num="13" count="3" type="stmt"/>
        <line num="14" count="10" type="stmt"/>
      </file>
    </package>
    <package name="src.workspace">
      <metrics statements="16" coveredstatements="16" conditionals="1" coveredconditionals="1" methods="3" coveredmethods="3"/>
      <file name="workspace-initializer.ts" path="D:\Development\Typescript\solito\src\workspace\workspace-initializer.ts">
        <metrics statements="16" coveredstatements="16" conditionals="1" coveredconditionals="1" methods="3" coveredmethods="3"/>
        <line num="1" count="1" type="stmt"/>
        <line num="4" count="1" type="stmt"/>
        <line num="5" count="1" type="stmt"/>
        <line num="6" count="1" type="stmt"/>
        <line num="18" count="1" type="stmt"/>
        <line num="23" count="3" type="stmt"/>
        <line num="24" count="3" type="stmt"/>
        <line num="28" count="2" type="stmt"/>
        <line num="29" count="2" type="stmt"/>
        <line num="31" count="2" type="stmt"/>
        <line num="33" count="2" type="stmt"/>
        <line num="35" count="2" type="cond" truecount="1" falsecount="0"/>
        <line num="36" count="1" type="stmt"/>
        <line num="41" count="1" type="stmt"/>
        <line num="48" count="1" type="stmt"/>
        <line num="49" count="1" type="stmt"/>
      </file>
    </package>
  </project>
</coverage>
