{"D:\\Development\\Typescript\\solito\\src\\args.ts": {"path":"D:\\Development\\Typescript\\solito\\src\\args.ts","statementMap":{"0":{"start":{"line":32,"column":0},"end":{"line":32,"column":16}},"1":{"start":{"line":36,"column":0},"end":{"line":36,"column":16}},"2":{"start":{"line":236,"column":0},"end":{"line":236,"column":16}},"3":{"start":{"line":1,"column":0},"end":{"line":1,"column":51}},"4":{"start":{"line":2,"column":0},"end":{"line":2,"column":66}},"5":{"start":{"line":30,"column":29},"end":{"line":30,"column":63}},"6":{"start":{"line":33,"column":2},"end":{"line":33,"column":30}},"7":{"start":{"line":37,"column":15},"end":{"line":37,"column":28}},"8":{"start":{"line":39,"column":2},"end":{"line":41,"column":3}},"9":{"start":{"line":40,"column":4},"end":{"line":40,"column":28}},"10":{"start":{"line":43,"column":21},"end":{"line":43,"column":28}},"11":{"start":{"line":45,"column":2},"end":{"line":47,"column":3}},"12":{"start":{"line":46,"column":4},"end":{"line":46,"column":30}},"13":{"start":{"line":49,"column":2},"end":{"line":51,"column":3}},"14":{"start":{"line":50,"column":4},"end":{"line":50,"column":38}},"15":{"start":{"line":53,"column":2},"end":{"line":55,"column":3}},"16":{"start":{"line":54,"column":4},"end":{"line":54,"column":28}},"17":{"start":{"line":57,"column":2},"end":{"line":59,"column":3}},"18":{"start":{"line":58,"column":4},"end":{"line":58,"column":45}},"19":{"start":{"line":62,"column":2},"end":{"line":62,"column":35}},"20":{"start":{"line":77,"column":2},"end":{"line":83,"column":4}},"21":{"start":{"line":92,"column":2},"end":{"line":95,"column":3}},"22":{"start":{"line":93,"column":4},"end":{"line":93,"column":41}},"23":{"start":{"line":94,"column":4},"end":{"line":94,"column":23}},"24":{"start":{"line":97,"column":2},"end":{"line":100,"column":3}},"25":{"start":{"line":98,"column":4},"end":{"line":98,"column":46}},"26":{"start":{"line":99,"column":4},"end":{"line":99,"column":23}},"27":{"start":{"line":102,"column":2},"end":{"line":102,"column":14}},"28":{"start":{"line":112,"column":2},"end":{"line":118,"column":4}},"29":{"start":{"line":113,"column":74},"end":{"line":113,"column":94}},"30":{"start":{"line":114,"column":66},"end":{"line":114,"column":81}},"31":{"start":{"line":115,"column":76},"end":{"line":115,"column":98}},"32":{"start":{"line":116,"column":74},"end":{"line":116,"column":92}},"33":{"start":{"line":117,"column":74},"end":{"line":117,"column":106}},"34":{"start":{"line":122,"column":2},"end":{"line":125,"column":3}},"35":{"start":{"line":123,"column":4},"end":{"line":123,"column":25}},"36":{"start":{"line":124,"column":4},"end":{"line":124,"column":23}},"37":{"start":{"line":127,"column":2},"end":{"line":130,"column":3}},"38":{"start":{"line":128,"column":4},"end":{"line":128,"column":31}},"39":{"start":{"line":129,"column":4},"end":{"line":129,"column":23}},"40":{"start":{"line":132,"column":2},"end":{"line":134,"column":3}},"41":{"start":{"line":133,"column":4},"end":{"line":133,"column":26}},"42":{"start":{"line":136,"column":2},"end":{"line":136,"column":14}},"43":{"start":{"line":140,"column":21},"end":{"line":140,"column":51}},"44":{"start":{"line":142,"column":2},"end":{"line":142,"column":36}},"45":{"start":{"line":142,"column":18},"end":{"line":142,"column":36}},"46":{"start":{"line":144,"column":2},"end":{"line":148,"column":3}},"47":{"start":{"line":145,"column":19},"end":{"line":145,"column":88}},"48":{"start":{"line":147,"column":4},"end":{"line":147,"column":30}},"49":{"start":{"line":147,"column":16},"end":{"line":147,"column":30}},"50":{"start":{"line":150,"column":2},"end":{"line":150,"column":14}},"51":{"start":{"line":154,"column":46},"end":{"line":154,"column":69}},"52":{"start":{"line":155,"column":16},"end":{"line":155,"column":42}},"53":{"start":{"line":157,"column":2},"end":{"line":173,"column":3}},"54":{"start":{"line":157,"column":15},"end":{"line":157,"column":16}},"55":{"start":{"line":158,"column":16},"end":{"line":158,"column":29}},"56":{"start":{"line":159,"column":19},"end":{"line":159,"column":60}},"57":{"start":{"line":161,"column":4},"end":{"line":163,"column":5}},"58":{"start":{"line":162,"column":6},"end":{"line":162,"column":30}},"59":{"start":{"line":165,"column":4},"end":{"line":172,"column":5}},"60":{"start":{"line":166,"column":6},"end":{"line":166,"column":23}},"61":{"start":{"line":167,"column":11},"end":{"line":172,"column":5}},"62":{"start":{"line":168,"column":6},"end":{"line":168,"column":46}},"63":{"start":{"line":169,"column":6},"end":{"line":169,"column":30}},"64":{"start":{"line":171,"column":6},"end":{"line":171,"column":33}},"65":{"start":{"line":175,"column":17},"end":{"line":175,"column":43}},"66":{"start":{"line":177,"column":2},"end":{"line":180,"column":3}},"67":{"start":{"line":178,"column":4},"end":{"line":178,"column":47}},"68":{"start":{"line":179,"column":4},"end":{"line":179,"column":28}},"69":{"start":{"line":182,"column":2},"end":{"line":186,"column":4}},"70":{"start":{"line":190,"column":13},"end":{"line":190,"column":22}},"71":{"start":{"line":191,"column":13},"end":{"line":191,"column":18}},"72":{"start":{"line":193,"column":2},"end":{"line":209,"column":3}},"73":{"start":{"line":193,"column":15},"end":{"line":193,"column":16}},"74":{"start":{"line":194,"column":16},"end":{"line":194,"column":23}},"75":{"start":{"line":196,"column":4},"end":{"line":208,"column":5}},"76":{"start":{"line":197,"column":6},"end":{"line":197,"column":42}},"77":{"start":{"line":198,"column":6},"end":{"line":198,"column":10}},"78":{"start":{"line":199,"column":11},"end":{"line":208,"column":5}},"79":{"start":{"line":200,"column":6},"end":{"line":200,"column":47}},"80":{"start":{"line":201,"column":11},"end":{"line":208,"column":5}},"81":{"start":{"line":202,"column":6},"end":{"line":202,"column":56}},"82":{"start":{"line":203,"column":6},"end":{"line":203,"column":10}},"83":{"start":{"line":204,"column":11},"end":{"line":208,"column":5}},"84":{"start":{"line":205,"column":6},"end":{"line":205,"column":45}},"85":{"start":{"line":206,"column":11},"end":{"line":208,"column":5}},"86":{"start":{"line":207,"column":6},"end":{"line":207,"column":30}},"87":{"start":{"line":211,"column":2},"end":{"line":211,"column":36}},"88":{"start":{"line":215,"column":18},"end":{"line":215,"column":36}},"89":{"start":{"line":217,"column":2},"end":{"line":219,"column":3}},"90":{"start":{"line":218,"column":4},"end":{"line":218,"column":45}},"91":{"start":{"line":221,"column":2},"end":{"line":224,"column":4}},"92":{"start":{"line":228,"column":2},"end":{"line":231,"column":3}},"93":{"start":{"line":229,"column":4},"end":{"line":229,"column":53}},"94":{"start":{"line":230,"column":4},"end":{"line":230,"column":20}},"95":{"start":{"line":233,"column":2},"end":{"line":233,"column":25}},"96":{"start":{"line":237,"column":17},"end":{"line":237,"column":44}},"97":{"start":{"line":238,"column":19},"end":{"line":238,"column":44}},"98":{"start":{"line":239,"column":22},"end":{"line":239,"column":62}},"99":{"start":{"line":239,"column":42},"end":{"line":239,"column":50}},"100":{"start":{"line":241,"column":2},"end":{"line":283,"column":3}}},"fnMap":{"0":{"name":"listBuiltInSubcommands","decl":{"start":{"line":32,"column":16},"end":{"line":32,"column":38}},"loc":{"start":{"line":32,"column":38},"end":{"line":34,"column":1}}},"1":{"name":"parseArgs","decl":{"start":{"line":36,"column":16},"end":{"line":36,"column":25}},"loc":{"start":{"line":36,"column":40},"end":{"line":63,"column":1}}},"2":{"name":"createDefaultRunArgState","decl":{"start":{"line":76,"column":9},"end":{"line":76,"column":33}},"loc":{"start":{"line":76,"column":33},"end":{"line":84,"column":1}}},"3":{"name":"handleValueFlag","decl":{"start":{"line":88,"column":9},"end":{"line":88,"column":24}},"loc":{"start":{"line":90,"column":33},"end":{"line":103,"column":1}}},"4":{"name":"buildValueFlagDefs","decl":{"start":{"line":111,"column":9},"end":{"line":111,"column":27}},"loc":{"start":{"line":111,"column":46},"end":{"line":119,"column":1}}},"5":{"name":"(anonymous_5)","decl":{"start":{"line":113,"column":65},"end":{"line":113,"column":66}},"loc":{"start":{"line":113,"column":71},"end":{"line":113,"column":96}}},"6":{"name":"(anonymous_6)","decl":{"start":{"line":114,"column":57},"end":{"line":114,"column":58}},"loc":{"start":{"line":114,"column":63},"end":{"line":114,"column":83}}},"7":{"name":"(anonymous_7)","decl":{"start":{"line":115,"column":67},"end":{"line":115,"column":68}},"loc":{"start":{"line":115,"column":73},"end":{"line":115,"column":100}}},"8":{"name":"(anonymous_8)","decl":{"start":{"line":116,"column":65},"end":{"line":116,"column":66}},"loc":{"start":{"line":116,"column":71},"end":{"line":116,"column":94}}},"9":{"name":"(anonymous_9)","decl":{"start":{"line":117,"column":65},"end":{"line":117,"column":66}},"loc":{"start":{"line":117,"column":71},"end":{"line":117,"column":108}}},"10":{"name":"processBooleanFlag","decl":{"start":{"line":121,"column":9},"end":{"line":121,"column":27}},"loc":{"start":{"line":121,"column":59},"end":{"line":137,"column":1}}},"11":{"name":"processRunFlag","decl":{"start":{"line":139,"column":9},"end":{"line":139,"column":23}},"loc":{"start":{"line":139,"column":82},"end":{"line":151,"column":1}}},"12":{"name":"parseRunArgs","decl":{"start":{"line":153,"column":9},"end":{"line":153,"column":21}},"loc":{"start":{"line":153,"column":56},"end":{"line":187,"column":1}}},"13":{"name":"parseUiArgs","decl":{"start":{"line":189,"column":9},"end":{"line":189,"column":20}},"loc":{"start":{"line":189,"column":35},"end":{"line":212,"column":1}}},"14":{"name":"splitAtDoubleDash","decl":{"start":{"line":214,"column":9},"end":{"line":214,"column":26}},"loc":{"start":{"line":214,"column":41},"end":{"line":225,"column":1}}},"15":{"name":"requireNextArg","decl":{"start":{"line":227,"column":9},"end":{"line":227,"column":23}},"loc":{"start":{"line":227,"column":67},"end":{"line":234,"column":1}}},"16":{"name":"printUsage","decl":{"start":{"line":236,"column":16},"end":{"line":236,"column":26}},"loc":{"start":{"line":236,"column":26},"end":{"line":284,"column":1}}},"17":{"name":"(anonymous_17)","decl":{"start":{"line":239,"column":35},"end":{"line":239,"column":36}},"loc":{"start":{"line":239,"column":42},"end":{"line":239,"column":50}}}},"branchMap":{"0":{"loc":{"start":{"line":39,"column":2},"end":{"line":41,"column":3}},"type":"if","locations":[{"start":{"line":39,"column":2},"end":{"line":41,"column":3}}]},"1":{"loc":{"start":{"line":45,"column":2},"end":{"line":47,"column":3}},"type":"if","locations":[{"start":{"line":45,"column":2},"end":{"line":47,"column":3}}]},"2":{"loc":{"start":{"line":49,"column":2},"end":{"line":51,"column":3}},"type":"if","locations":[{"start":{"line":49,"column":2},"end":{"line":51,"column":3}}]},"3":{"loc":{"start":{"line":53,"column":2},"end":{"line":55,"column":3}},"type":"if","locations":[{"start":{"line":53,"column":2},"end":{"line":55,"column":3}}]},"4":{"loc":{"start":{"line":53,"column":6},"end":{"line":53,"column":77}},"type":"binary-expr","locations":[{"start":{"line":53,"column":6},"end":{"line":53,"column":29}},{"start":{"line":53,"column":33},"end":{"line":53,"column":52}},{"start":{"line":53,"column":56},"end":{"line":53,"column":77}}]},"5":{"loc":{"start":{"line":57,"column":2},"end":{"line":59,"column":3}},"type":"if","locations":[{"start":{"line":57,"column":2},"end":{"line":59,"column":3}}]},"6":{"loc":{"start":{"line":92,"column":2},"end":{"line":95,"column":3}},"type":"if","locations":[{"start":{"line":92,"column":2},"end":{"line":95,"column":3}}]},"7":{"loc":{"start":{"line":97,"column":2},"end":{"line":100,"column":3}},"type":"if","locations":[{"start":{"line":97,"column":2},"end":{"line":100,"column":3}}]},"8":{"loc":{"start":{"line":122,"column":2},"end":{"line":125,"column":3}},"type":"if","locations":[{"start":{"line":122,"column":2},"end":{"line":125,"column":3}}]},"9":{"loc":{"start":{"line":122,"column":6},"end":{"line":122,"column":41}},"type":"binary-expr","locations":[{"start":{"line":122,"column":6},"end":{"line":122,"column":25}},{"start":{"line":122,"column":29},"end":{"line":122,"column":41}}]},"10":{"loc":{"start":{"line":127,"column":2},"end":{"line":130,"column":3}},"type":"if","locations":[{"start":{"line":127,"column":2},"end":{"line":130,"column":3}}]},"11":{"loc":{"start":{"line":132,"column":2},"end":{"line":134,"column":3}},"type":"if","locations":[{"start":{"line":132,"column":2},"end":{"line":134,"column":3}}]},"12":{"loc":{"start":{"line":132,"column":6},"end":{"line":132,"column":38}},"type":"binary-expr","locations":[{"start":{"line":132,"column":6},"end":{"line":132,"column":22}},{"start":{"line":132,"column":26},"end":{"line":132,"column":38}}]},"13":{"loc":{"start":{"line":142,"column":2},"end":{"line":142,"column":36}},"type":"if","locations":[{"start":{"line":142,"column":2},"end":{"line":142,"column":36}}]},"14":{"loc":{"start":{"line":147,"column":4},"end":{"line":147,"column":30}},"type":"if","locations":[{"start":{"line":147,"column":4},"end":{"line":147,"column":30}}]},"15":{"loc":{"start":{"line":161,"column":4},"end":{"line":163,"column":5}},"type":"if","locations":[{"start":{"line":161,"column":4},"end":{"line":163,"column":5}}]},"16":{"loc":{"start":{"line":161,"column":8},"end":{"line":161,"column":34}},"type":"binary-expr","locations":[{"start":{"line":161,"column":8},"end":{"line":161,"column":14}},{"start":{"line":161,"column":18},"end":{"line":161,"column":34}}]},"17":{"loc":{"start":{"line":165,"column":4},"end":{"line":172,"column":5}},"type":"if","locations":[{"start":{"line":165,"column":4},"end":{"line":172,"column":5}},{"start":{"line":167,"column":11},"end":{"line":172,"column":5}}]},"18":{"loc":{"start":{"line":167,"column":11},"end":{"line":172,"column":5}},"type":"if","locations":[{"start":{"line":167,"column":11},"end":{"line":172,"column":5}},{"start":{"line":170,"column":11},"end":{"line":172,"column":5}}]},"19":{"loc":{"start":{"line":177,"column":2},"end":{"line":180,"column":3}},"type":"if","locations":[{"start":{"line":177,"column":2},"end":{"line":180,"column":3}}]},"20":{"loc":{"start":{"line":196,"column":4},"end":{"line":208,"column":5}},"type":"if","locations":[{"start":{"line":196,"column":4},"end":{"line":208,"column":5}},{"start":{"line":199,"column":11},"end":{"line":208,"column":5}}]},"21":{"loc":{"start":{"line":199,"column":11},"end":{"line":208,"column":5}},"type":"if","locations":[{"start":{"line":199,"column":11},"end":{"line":208,"column":5}},{"start":{"line":201,"column":11},"end":{"line":208,"column":5}}]},"22":{"loc":{"start":{"line":201,"column":11},"end":{"line":208,"column":5}},"type":"if","locations":[{"start":{"line":201,"column":11},"end":{"line":208,"column":5}},{"start":{"line":204,"column":11},"end":{"line":208,"column":5}}]},"23":{"loc":{"start":{"line":204,"column":11},"end":{"line":208,"column":5}},"type":"if","locations":[{"start":{"line":204,"column":11},"end":{"line":208,"column":5}},{"start":{"line":206,"column":11},"end":{"line":208,"column":5}}]},"24":{"loc":{"start":{"line":206,"column":11},"end":{"line":208,"column":5}},"type":"if","locations":[{"start":{"line":206,"column":11},"end":{"line":208,"column":5}}]},"25":{"loc":{"start":{"line":206,"column":15},"end":{"line":206,"column":47}},"type":"binary-expr","locations":[{"start":{"line":206,"column":15},"end":{"line":206,"column":31}},{"start":{"line":206,"column":35},"end":{"line":206,"column":47}}]},"26":{"loc":{"start":{"line":217,"column":2},"end":{"line":219,"column":3}},"type":"if","locations":[{"start":{"line":217,"column":2},"end":{"line":219,"column":3}}]},"27":{"loc":{"start":{"line":228,"column":2},"end":{"line":231,"column":3}},"type":"if","locations":[{"start":{"line":228,"column":2},"end":{"line":231,"column":3}}]}},"s":{"0":1,"1":1,"2":1,"3":1,"4":1,"5":1,"6":1,"7":38,"8":38,"9":1,"10":37,"11":37,"12":1,"13":36,"14":5,"15":31,"16":3,"17":28,"18":8,"19":20,"20":28,"21":163,"22":12,"23":11,"24":151,"25":3,"26":3,"27":148,"28":41,"29":5,"30":3,"31":4,"32":1,"33":1,"34":48,"35":3,"36":3,"37":45,"38":2,"39":2,"40":43,"41":2,"42":41,"43":48,"44":48,"45":7,"46":41,"47":163,"48":162,"49":14,"50":26,"51":28,"52":28,"53":28,"54":28,"55":48,"56":48,"57":47,"58":2,"59":45,"60":19,"61":26,"62":1,"63":1,"64":25,"65":24,"66":24,"67":2,"68":2,"69":22,"70":5,"71":5,"72":5,"73":5,"74":6,"75":6,"76":1,"77":1,"78":5,"79":1,"80":4,"81":1,"82":1,"83":3,"84":1,"85":2,"86":2,"87":3,"88":28,"89":28,"90":25,"91":3,"92":14,"93":1,"94":1,"95":13,"96":1,"97":1,"98":1,"99":4,"100":1},"f":{"0":1,"1":38,"2":28,"3":163,"4":41,"5":5,"6":3,"7":4,"8":1,"9":1,"10":48,"11":48,"12":28,"13":5,"14":28,"15":14,"16":1,"17":4},"b":{"0":[1],"1":[1],"2":[5],"3":[3],"4":[31,30,29],"5":[8],"6":[12],"7":[3],"8":[3],"9":[48,47],"10":[2],"11":[2],"12":[43,42],"13":[7],"14":[14],"15":[2],"16":[47,21],"17":[19,26],"18":[1,25],"19":[2],"20":[1,5],"21":[1,4],"22":[1,3],"23":[1,2],"24":[2],"25":[2,1],"26":[25],"27":[1]}}
,"D:\\Development\\Typescript\\solito\\src\\constants.ts": {"path":"D:\\Development\\Typescript\\solito\\src\\constants.ts","statementMap":{"0":{"start":{"line":1,"column":13},"end":{"line":1,"column":70}},"1":{"start":{"line":2,"column":13},"end":{"line":2,"column":42}},"2":{"start":{"line":3,"column":13},"end":{"line":3,"column":43}},"3":{"start":{"line":4,"column":13},"end":{"line":4,"column":40}},"4":{"start":{"line":6,"column":13},"end":{"line":15,"column":11}},"5":{"start":{"line":17,"column":13},"end":{"line":25,"column":11}}},"fnMap":{},"branchMap":{},"s":{"0":7,"1":7,"2":7,"3":7,"4":7,"5":7},"f":{},"b":{}}
,"D:\\Development\\Typescript\\solito\\src\\agents\\claude.ts": {"path":"D:\\Development\\Typescript\\solito\\src\\agents\\claude.ts","statementMap":{"0":{"start":{"line":203,"column":0},"end":{"line":203,"column":16}},"1":{"start":{"line":7,"column":0},"end":{"line":7,"column":48}},"2":{"start":{"line":8,"column":0},"end":{"line":8,"column":53}},"3":{"start":{"line":9,"column":0},"end":{"line":9,"column":70}},"4":{"start":{"line":10,"column":0},"end":{"line":10,"column":63}},"5":{"start":{"line":11,"column":0},"end":{"line":11,"column":29}},"6":{"start":{"line":22,"column":33},"end":{"line":22,"column":35}},"7":{"start":{"line":25,"column":18},"end":{"line":25,"column":26}},"8":{"start":{"line":34,"column":4},"end":{"line":34,"column":32}},"9":{"start":{"line":35,"column":4},"end":{"line":35,"column":30}},"10":{"start":{"line":36,"column":4},"end":{"line":36,"column":36}},"11":{"start":{"line":37,"column":4},"end":{"line":37,"column":41}},"12":{"start":{"line":38,"column":4},"end":{"line":38,"column":38}},"13":{"start":{"line":42,"column":17},"end":{"line":42,"column":48}},"14":{"start":{"line":44,"column":4},"end":{"line":44,"column":26}},"15":{"start":{"line":46,"column":35},"end":{"line":50,"column":6}},"16":{"start":{"line":52,"column":19},"end":{"line":57,"column":6}},"17":{"start":{"line":55,"column":24},"end":{"line":55,"column":52}},"18":{"start":{"line":59,"column":4},"end":{"line":59,"column":40}},"19":{"start":{"line":60,"column":4},"end":{"line":60,"column":49}},"20":{"start":{"line":62,"column":4},"end":{"line":67,"column":6}},"21":{"start":{"line":71,"column":4},"end":{"line":71,"column":35}},"22":{"start":{"line":75,"column":25},"end":{"line":75,"column":66}},"23":{"start":{"line":77,"column":17},"end":{"line":84,"column":6}},"24":{"start":{"line":86,"column":4},"end":{"line":88,"column":5}},"25":{"start":{"line":87,"column":6},"end":{"line":87,"column":56}},"26":{"start":{"line":90,"column":4},"end":{"line":92,"column":5}},"27":{"start":{"line":91,"column":6},"end":{"line":91,"column":40}},"28":{"start":{"line":94,"column":4},"end":{"line":94,"column":16}},"29":{"start":{"line":98,"column":4},"end":{"line":100,"column":5}},"30":{"start":{"line":99,"column":6},"end":{"line":99,"column":13}},"31":{"start":{"line":102,"column":20},"end":{"line":105,"column":6}},"32":{"start":{"line":107,"column":4},"end":{"line":109,"column":5}},"33":{"start":{"line":108,"column":6},"end":{"line":108,"column":45}},"34":{"start":{"line":111,"column":4},"end":{"line":111,"column":38}},"35":{"start":{"line":115,"column":27},"end":{"line":115,"column":78}},"36":{"start":{"line":117,"column":20},"end":{"line":117,"column":98}},"37":{"start":{"line":119,"column":4},"end":{"line":126,"column":7}},"38":{"start":{"line":130,"column":4},"end":{"line":132,"column":5}},"39":{"start":{"line":131,"column":6},"end":{"line":131,"column":13}},"40":{"start":{"line":134,"column":24},"end":{"line":134,"column":44}},"41":{"start":{"line":135,"column":4},"end":{"line":135,"column":58}},"42":{"start":{"line":139,"column":4},"end":{"line":141,"column":5}},"43":{"start":{"line":140,"column":6},"end":{"line":140,"column":29}},"44":{"start":{"line":143,"column":20},"end":{"line":143,"column":47}},"45":{"start":{"line":145,"column":4},"end":{"line":147,"column":5}},"46":{"start":{"line":146,"column":6},"end":{"line":146,"column":13}},"47":{"start":{"line":149,"column":4},"end":{"line":149,"column":35}},"48":{"start":{"line":151,"column":4},"end":{"line":153,"column":5}},"49":{"start":{"line":152,"column":6},"end":{"line":152,"column":13}},"50":{"start":{"line":155,"column":4},"end":{"line":161,"column":5}},"51":{"start":{"line":156,"column":6},"end":{"line":156,"column":39}},"52":{"start":{"line":157,"column":6},"end":{"line":157,"column":44}},"53":{"start":{"line":158,"column":11},"end":{"line":161,"column":5}},"54":{"start":{"line":159,"column":6},"end":{"line":159,"column":43}},"55":{"start":{"line":160,"column":6},"end":{"line":160,"column":44}},"56":{"start":{"line":24,"column":0},"end":{"line":24,"column":13}},"57":{"start":{"line":171,"column":31},"end":{"line":171,"column":33}},"58":{"start":{"line":172,"column":23},"end":{"line":172,"column":58}},"59":{"start":{"line":175,"column":2},"end":{"line":177,"column":3}},"60":{"start":{"line":176,"column":4},"end":{"line":176,"column":53}},"61":{"start":{"line":179,"column":2},"end":{"line":183,"column":3}},"62":{"start":{"line":180,"column":4},"end":{"line":182,"column":6}},"63":{"start":{"line":181,"column":17},"end":{"line":181,"column":69}},"64":{"start":{"line":185,"column":2},"end":{"line":185,"column":15}},"65":{"start":{"line":191,"column":2},"end":{"line":193,"column":3}},"66":{"start":{"line":192,"column":4},"end":{"line":192,"column":17}},"67":{"start":{"line":195,"column":17},"end":{"line":195,"column":49}},"68":{"start":{"line":196,"column":2},"end":{"line":200,"column":4}},"69":{"start":{"line":204,"column":27},"end":{"line":204,"column":29}},"70":{"start":{"line":206,"column":2},"end":{"line":221,"column":3}},"71":{"start":{"line":206,"column":15},"end":{"line":206,"column":16}},"72":{"start":{"line":207,"column":16},"end":{"line":207,"column":23}},"73":{"start":{"line":209,"column":4},"end":{"line":218,"column":5}},"74":{"start":{"line":210,"column":6},"end":{"line":210,"column":23}},"75":{"start":{"line":211,"column":20},"end":{"line":211,"column":31}},"76":{"start":{"line":212,"column":24},"end":{"line":214,"column":22}},"77":{"start":{"line":215,"column":6},"end":{"line":215,"column":29}},"78":{"start":{"line":216,"column":6},"end":{"line":216,"column":10}},"79":{"start":{"line":217,"column":6},"end":{"line":217,"column":15}},"80":{"start":{"line":220,"column":4},"end":{"line":220,"column":54}},"81":{"start":{"line":223,"column":2},"end":{"line":223,"column":16}}},"fnMap":{"0":{"name":"(anonymous_9)","decl":{"start":{"line":33,"column":2},"end":{"line":33,"column":14}},"loc":{"start":{"line":33,"column":35},"end":{"line":39,"column":3}}},"1":{"name":"(anonymous_10)","decl":{"start":{"line":41,"column":2},"end":{"line":41,"column":5}},"loc":{"start":{"line":41,"column":47},"end":{"line":68,"column":3}}},"2":{"name":"(anonymous_11)","decl":{"start":{"line":55,"column":14},"end":{"line":55,"column":15}},"loc":{"start":{"line":55,"column":24},"end":{"line":55,"column":52}}},"3":{"name":"(anonymous_12)","decl":{"start":{"line":70,"column":2},"end":{"line":70,"column":7}},"loc":{"start":{"line":70,"column":19},"end":{"line":72,"column":3}}},"4":{"name":"(anonymous_13)","decl":{"start":{"line":74,"column":10},"end":{"line":74,"column":19}},"loc":{"start":{"line":74,"column":61},"end":{"line":95,"column":3}}},"5":{"name":"(anonymous_14)","decl":{"start":{"line":97,"column":10},"end":{"line":97,"column":27}},"loc":{"start":{"line":97,"column":63},"end":{"line":112,"column":3}}},"6":{"name":"(anonymous_15)","decl":{"start":{"line":114,"column":10},"end":{"line":114,"column":29}},"loc":{"start":{"line":114,"column":71},"end":{"line":127,"column":3}}},"7":{"name":"(anonymous_16)","decl":{"start":{"line":129,"column":10},"end":{"line":129,"column":20}},"loc":{"start":{"line":129,"column":35},"end":{"line":136,"column":3}}},"8":{"name":"(anonymous_17)","decl":{"start":{"line":138,"column":10},"end":{"line":138,"column":20}},"loc":{"start":{"line":138,"column":57},"end":{"line":162,"column":3}}},"9":{"name":"containsMarker","decl":{"start":{"line":174,"column":9},"end":{"line":174,"column":23}},"loc":{"start":{"line":174,"column":59},"end":{"line":186,"column":1}}},"10":{"name":"(anonymous_19)","decl":{"start":{"line":181,"column":6},"end":{"line":181,"column":7}},"loc":{"start":{"line":181,"column":17},"end":{"line":181,"column":69}}},"11":{"name":"isStreamTextDelta","decl":{"start":{"line":188,"column":9},"end":{"line":188,"column":26}},"loc":{"start":{"line":188,"column":46},"end":{"line":201,"column":1}}},"12":{"name":"redactLongArgs","decl":{"start":{"line":203,"column":16},"end":{"line":203,"column":30}},"loc":{"start":{"line":203,"column":45},"end":{"line":224,"column":1}}}},"branchMap":{"0":{"loc":{"start":{"line":37,"column":19},"end":{"line":37,"column":40}},"type":"binary-expr","locations":[{"start":{"line":37,"column":19},"end":{"line":37,"column":31}},{"start":{"line":37,"column":35},"end":{"line":37,"column":40}}]},"1":{"loc":{"start":{"line":38,"column":18},"end":{"line":38,"column":37}},"type":"binary-expr","locations":[{"start":{"line":38,"column":18},"end":{"line":38,"column":29}},{"start":{"line":38,"column":33},"end":{"line":38,"column":37}}]},"2":{"loc":{"start":{"line":86,"column":4},"end":{"line":88,"column":5}},"type":"if","locations":[{"start":{"line":86,"column":4},"end":{"line":88,"column":5}}]},"3":{"loc":{"start":{"line":90,"column":4},"end":{"line":92,"column":5}},"type":"if","locations":[{"start":{"line":90,"column":4},"end":{"line":92,"column":5}}]},"4":{"loc":{"start":{"line":98,"column":4},"end":{"line":100,"column":5}},"type":"if","locations":[{"start":{"line":98,"column":4},"end":{"line":100,"column":5}}]},"5":{"loc":{"start":{"line":107,"column":4},"end":{"line":109,"column":5}},"type":"if","locations":[{"start":{"line":107,"column":4},"end":{"line":109,"column":5}}]},"6":{"loc":{"start":{"line":107,"column":8},"end":{"line":107,"column":35}},"type":"binary-expr","locations":[{"start":{"line":107,"column":8},"end":{"line":107,"column":20}},{"start":{"line":107,"column":24},"end":{"line":107,"column":35}}]},"7":{"loc":{"start":{"line":115,"column":27},"end":{"line":115,"column":78}},"type":"binary-expr","locations":[{"start":{"line":115,"column":27},"end":{"line":115,"column":50}},{"start":{"line":115,"column":54},"end":{"line":115,"column":78}}]},"8":{"loc":{"start":{"line":117,"column":20},"end":{"line":117,"column":98}},"type":"cond-expr","locations":[{"start":{"line":117,"column":48},"end":{"line":117,"column":86}},{"start":{"line":117,"column":89},"end":{"line":117,"column":98}}]},"9":{"loc":{"start":{"line":130,"column":4},"end":{"line":132,"column":5}},"type":"if","locations":[{"start":{"line":130,"column":4},"end":{"line":132,"column":5}}]},"10":{"loc":{"start":{"line":130,"column":8},"end":{"line":130,"column":37}},"type":"binary-expr","locations":[{"start":{"line":130,"column":8},"end":{"line":130,"column":21}},{"start":{"line":130,"column":25},"end":{"line":130,"column":37}}]},"11":{"loc":{"start":{"line":139,"column":4},"end":{"line":141,"column":5}},"type":"if","locations":[{"start":{"line":139,"column":4},"end":{"line":141,"column":5}}]},"12":{"loc":{"start":{"line":139,"column":8},"end":{"line":139,"column":35}},"type":"binary-expr","locations":[{"start":{"line":139,"column":8},"end":{"line":139,"column":20}},{"start":{"line":139,"column":24},"end":{"line":139,"column":35}}]},"13":{"loc":{"start":{"line":145,"column":4},"end":{"line":147,"column":5}},"type":"if","locations":[{"start":{"line":145,"column":4},"end":{"line":147,"column":5}}]},"14":{"loc":{"start":{"line":151,"column":4},"end":{"line":153,"column":5}},"type":"if","locations":[{"start":{"line":151,"column":4},"end":{"line":153,"column":5}}]},"15":{"loc":{"start":{"line":155,"column":4},"end":{"line":161,"column":5}},"type":"if","locations":[{"start":{"line":155,"column":4},"end":{"line":161,"column":5}},{"start":{"line":158,"column":11},"end":{"line":161,"column":5}}]},"16":{"loc":{"start":{"line":158,"column":11},"end":{"line":161,"column":5}},"type":"if","locations":[{"start":{"line":158,"column":11},"end":{"line":161,"column":5}}]},"17":{"loc":{"start":{"line":175,"column":2},"end":{"line":177,"column":3}},"type":"if","locations":[{"start":{"line":175,"column":2},"end":{"line":177,"column":3}}]},"18":{"loc":{"start":{"line":179,"column":2},"end":{"line":183,"column":3}},"type":"if","locations":[{"start":{"line":179,"column":2},"end":{"line":183,"column":3}}]},"19":{"loc":{"start":{"line":181,"column":17},"end":{"line":181,"column":69}},"type":"binary-expr","locations":[{"start":{"line":181,"column":17},"end":{"line":181,"column":38}},{"start":{"line":181,"column":42},"end":{"line":181,"column":69}}]},"20":{"loc":{"start":{"line":191,"column":2},"end":{"line":193,"column":3}},"type":"if","locations":[{"start":{"line":191,"column":2},"end":{"line":193,"column":3}}]},"21":{"loc":{"start":{"line":197,"column":4},"end":{"line":199,"column":37}},"type":"binary-expr","locations":[{"start":{"line":197,"column":4},"end":{"line":197,"column":40}},{"start":{"line":198,"column":4},"end":{"line":198,"column":20}},{"start":{"line":199,"column":4},"end":{"line":199,"column":37}}]},"22":{"loc":{"start":{"line":209,"column":4},"end":{"line":218,"column":5}},"type":"if","locations":[{"start":{"line":209,"column":4},"end":{"line":218,"column":5}}]},"23":{"loc":{"start":{"line":209,"column":8},"end":{"line":209,"column":54}},"type":"binary-expr","locations":[{"start":{"line":209,"column":8},"end":{"line":209,"column":31}},{"start":{"line":209,"column":35},"end":{"line":209,"column":54}}]},"24":{"loc":{"start":{"line":212,"column":24},"end":{"line":214,"column":22}},"type":"cond-expr","locations":[{"start":{"line":213,"column":10},"end":{"line":213,"column":58}},{"start":{"line":214,"column":10},"end":{"line":214,"column":22}}]},"25":{"loc":{"start":{"line":220,"column":16},"end":{"line":220,"column":52}},"type":"cond-expr","locations":[{"start":{"line":220,"column":36},"end":{"line":220,"column":46}},{"start":{"line":220,"column":49},"end":{"line":220,"column":52}}]}},"s":{"0":3,"1":3,"2":3,"3":3,"4":3,"5":3,"6":3,"7":25,"8":25,"9":25,"10":25,"11":25,"12":25,"13":21,"14":21,"15":21,"16":21,"17":9,"18":21,"19":21,"20":21,"21":2,"22":21,"23":21,"24":21,"25":21,"26":21,"27":1,"28":21,"29":21,"30":1,"31":20,"32":20,"33":5,"34":20,"35":21,"36":21,"37":21,"38":21,"39":16,"40":5,"41":5,"42":9,"43":1,"44":9,"45":9,"46":3,"47":6,"48":6,"49":1,"50":5,"51":1,"52":1,"53":4,"54":2,"55":2,"56":3,"57":3,"58":3,"59":9,"60":5,"61":4,"62":2,"63":2,"64":2,"65":9,"66":2,"67":7,"68":7,"69":9,"70":9,"71":9,"72":55,"73":55,"74":7,"75":7,"76":7,"77":7,"78":7,"79":7,"80":48,"81":9},"f":{"0":25,"1":21,"2":9,"3":2,"4":21,"5":21,"6":21,"7":21,"8":9,"9":9,"10":2,"11":9,"12":9},"b":{"0":[25,19],"1":[25,18],"2":[21],"3":[1],"4":[1],"5":[5],"6":[20,5],"7":[21,20],"8":[1,20],"9":[16],"10":[21,5],"11":[1],"12":[9,1],"13":[3],"14":[1],"15":[1,4],"16":[2],"17":[5],"18":[2],"19":[2,2],"20":[2],"21":[7,5,5],"22":[7],"23":[55,7],"24":[6,1],"25":[1,47]}}
,"D:\\Development\\Typescript\\solito\\src\\agents\\codex.ts": {"path":"D:\\Development\\Typescript\\solito\\src\\agents\\codex.ts","statementMap":{"0":{"start":{"line":3,"column":0},"end":{"line":3,"column":48}},"1":{"start":{"line":6,"column":18},"end":{"line":6,"column":25}},"2":{"start":{"line":8,"column":31},"end":{"line":8,"column":54}},"3":{"start":{"line":11,"column":17},"end":{"line":11,"column":37}},"4":{"start":{"line":13,"column":4},"end":{"line":15,"column":5}},"5":{"start":{"line":14,"column":6},"end":{"line":14,"column":40}},"6":{"start":{"line":17,"column":19},"end":{"line":17,"column":52}},"7":{"start":{"line":18,"column":4},"end":{"line":18,"column":95}},"8":{"start":{"line":22,"column":4},"end":{"line":22,"column":34}},"9":{"start":{"line":5,"column":0},"end":{"line":5,"column":13}}},"fnMap":{"0":{"name":"(anonymous_0)","decl":{"start":{"line":8,"column":2},"end":{"line":8,"column":31}},"loc":{"start":{"line":8,"column":54},"end":{"line":8,"column":58}}},"1":{"name":"(anonymous_1)","decl":{"start":{"line":10,"column":2},"end":{"line":10,"column":5}},"loc":{"start":{"line":10,"column":47},"end":{"line":19,"column":3}}},"2":{"name":"(anonymous_2)","decl":{"start":{"line":21,"column":2},"end":{"line":21,"column":7}},"loc":{"start":{"line":21,"column":19},"end":{"line":23,"column":3}}}},"branchMap":{"0":{"loc":{"start":{"line":13,"column":4},"end":{"line":15,"column":5}},"type":"if","locations":[{"start":{"line":13,"column":4},"end":{"line":15,"column":5}}]}},"s":{"0":3,"1":8,"2":8,"3":5,"4":5,"5":1,"6":5,"7":5,"8":1,"9":3},"f":{"0":8,"1":5,"2":1},"b":{"0":[1]}}
,"D:\\Development\\Typescript\\solito\\src\\agents\\prompt-builder.ts": {"path":"D:\\Development\\Typescript\\solito\\src\\agents\\prompt-builder.ts","statementMap":{"0":{"start":{"line":12,"column":0},"end":{"line":12,"column":16}},"1":{"start":{"line":1,"column":0},"end":{"line":1,"column":70}},"2":{"start":{"line":13,"column":104},"end":{"line":13,"column":110}},"3":{"start":{"line":14,"column":26},"end":{"line":14,"column":28}},"4":{"start":{"line":16,"column":2},"end":{"line":16,"column":58}},"5":{"start":{"line":18,"column":2},"end":{"line":20,"column":3}},"6":{"start":{"line":19,"column":4},"end":{"line":19,"column":45}},"7":{"start":{"line":22,"column":2},"end":{"line":24,"column":3}},"8":{"start":{"line":23,"column":4},"end":{"line":23,"column":40}},"9":{"start":{"line":26,"column":2},"end":{"line":26,"column":57}},"10":{"start":{"line":27,"column":2},"end":{"line":27,"column":46}},"11":{"start":{"line":28,"column":2},"end":{"line":28,"column":40}},"12":{"start":{"line":29,"column":2},"end":{"line":29,"column":43}},"13":{"start":{"line":31,"column":2},"end":{"line":33,"column":3}},"14":{"start":{"line":32,"column":4},"end":{"line":32,"column":40}},"15":{"start":{"line":35,"column":2},"end":{"line":35,"column":28}},"16":{"start":{"line":39,"column":2},"end":{"line":84,"column":15}},"17":{"start":{"line":88,"column":2},"end":{"line":98,"column":15}},"18":{"start":{"line":102,"column":2},"end":{"line":137,"column":15}},"19":{"start":{"line":141,"column":2},"end":{"line":148,"column":3}},"20":{"start":{"line":142,"column":4},"end":{"line":147,"column":17}},"21":{"start":{"line":150,"column":2},"end":{"line":161,"column":15}},"22":{"start":{"line":165,"column":2},"end":{"line":167,"column":3}},"23":{"start":{"line":166,"column":4},"end":{"line":166,"column":14}},"24":{"start":{"line":169,"column":2},"end":{"line":178,"column":15}},"25":{"start":{"line":182,"column":2},"end":{"line":211,"column":15}},"26":{"start":{"line":215,"column":2},"end":{"line":215,"column":40}}},"fnMap":{"0":{"name":"buildSystemPrompt","decl":{"start":{"line":12,"column":16},"end":{"line":12,"column":33}},"loc":{"start":{"line":12,"column":61},"end":{"line":36,"column":1}}},"1":{"name":"buildAutonomousAgentSection","decl":{"start":{"line":38,"column":9},"end":{"line":38,"column":36}},"loc":{"start":{"line":38,"column":59},"end":{"line":85,"column":1}}},"2":{"name":"buildWorkDirSection","decl":{"start":{"line":87,"column":9},"end":{"line":87,"column":28}},"loc":{"start":{"line":87,"column":44},"end":{"line":99,"column":1}}},"3":{"name":"buildToolCheckSection","decl":{"start":{"line":101,"column":9},"end":{"line":101,"column":30}},"loc":{"start":{"line":101,"column":30},"end":{"line":138,"column":1}}},"4":{"name":"buildProgressFileSection","decl":{"start":{"line":140,"column":9},"end":{"line":140,"column":33}},"loc":{"start":{"line":140,"column":59},"end":{"line":162,"column":1}}},"5":{"name":"buildMetricsLogSection","decl":{"start":{"line":164,"column":9},"end":{"line":164,"column":31}},"loc":{"start":{"line":164,"column":48},"end":{"line":179,"column":1}}},"6":{"name":"buildLoopSummarySection","decl":{"start":{"line":181,"column":9},"end":{"line":181,"column":32}},"loc":{"start":{"line":181,"column":32},"end":{"line":212,"column":1}}},"7":{"name":"buildTaskSection","decl":{"start":{"line":214,"column":9},"end":{"line":214,"column":25}},"loc":{"start":{"line":214,"column":44},"end":{"line":216,"column":1}}}},"branchMap":{"0":{"loc":{"start":{"line":18,"column":2},"end":{"line":20,"column":3}},"type":"if","locations":[{"start":{"line":18,"column":2},"end":{"line":20,"column":3}}]},"1":{"loc":{"start":{"line":22,"column":2},"end":{"line":24,"column":3}},"type":"if","locations":[{"start":{"line":22,"column":2},"end":{"line":24,"column":3}}]},"2":{"loc":{"start":{"line":31,"column":2},"end":{"line":33,"column":3}},"type":"if","locations":[{"start":{"line":31,"column":2},"end":{"line":33,"column":3}}]},"3":{"loc":{"start":{"line":141,"column":2},"end":{"line":148,"column":3}},"type":"if","locations":[{"start":{"line":141,"column":2},"end":{"line":148,"column":3}}]},"4":{"loc":{"start":{"line":165,"column":2},"end":{"line":167,"column":3}},"type":"if","locations":[{"start":{"line":165,"column":2},"end":{"line":167,"column":3}}]}},"s":{"0":4,"1":4,"2":42,"3":42,"4":42,"5":42,"6":3,"7":42,"8":1,"9":42,"10":42,"11":42,"12":42,"13":42,"14":3,"15":42,"16":42,"17":3,"18":1,"19":42,"20":39,"21":3,"22":42,"23":39,"24":3,"25":42,"26":42},"f":{"0":42,"1":42,"2":3,"3":1,"4":42,"5":42,"6":42,"7":42},"b":{"0":[3],"1":[1],"2":[3],"3":[39],"4":[39]}}
,"D:\\Development\\Typescript\\solito\\src\\agents\\registry.ts": {"path":"D:\\Development\\Typescript\\solito\\src\\agents\\registry.ts","statementMap":{"0":{"start":{"line":19,"column":0},"end":{"line":19,"column":16}},"1":{"start":{"line":23,"column":0},"end":{"line":23,"column":16}},"2":{"start":{"line":34,"column":0},"end":{"line":34,"column":16}},"3":{"start":{"line":38,"column":0},"end":{"line":38,"column":16}},"4":{"start":{"line":2,"column":0},"end":{"line":2,"column":39}},"5":{"start":{"line":3,"column":0},"end":{"line":3,"column":37}},"6":{"start":{"line":4,"column":0},"end":{"line":4,"column":67}},"7":{"start":{"line":5,"column":0},"end":{"line":5,"column":79}},"8":{"start":{"line":6,"column":0},"end":{"line":6,"column":52}},"9":{"start":{"line":7,"column":0},"end":{"line":7,"column":61}},"10":{"start":{"line":8,"column":0},"end":{"line":8,"column":71}},"11":{"start":{"line":9,"column":0},"end":{"line":9,"column":47}},"12":{"start":{"line":17,"column":18},"end":{"line":17,"column":49}},"13":{"start":{"line":20,"column":2},"end":{"line":20,"column":31}},"14":{"start":{"line":24,"column":18},"end":{"line":24,"column":37}},"15":{"start":{"line":26,"column":2},"end":{"line":29,"column":3}},"16":{"start":{"line":27,"column":22},"end":{"line":27,"column":49}},"17":{"start":{"line":28,"column":4},"end":{"line":28,"column":79}},"18":{"start":{"line":31,"column":2},"end":{"line":31,"column":26}},"19":{"start":{"line":35,"column":2},"end":{"line":35,"column":38}},"20":{"start":{"line":39,"column":2},"end":{"line":39,"column":36}},"21":{"start":{"line":43,"column":25},"end":{"line":43,"column":52}},"22":{"start":{"line":44,"column":27},"end":{"line":44,"column":56}},"23":{"start":{"line":45,"column":23},"end":{"line":45,"column":45}},"24":{"start":{"line":47,"column":27},"end":{"line":47,"column":57}},"25":{"start":{"line":49,"column":2},"end":{"line":61,"column":4}},"26":{"start":{"line":50,"column":4},"end":{"line":60,"column":6}},"27":{"start":{"line":63,"column":2},"end":{"line":63,"column":63}},"28":{"start":{"line":63,"column":31},"end":{"line":63,"column":61}},"29":{"start":{"line":66,"column":0},"end":{"line":66,"column":24}}},"fnMap":{"0":{"name":"registerAgent","decl":{"start":{"line":19,"column":16},"end":{"line":19,"column":29}},"loc":{"start":{"line":19,"column":65},"end":{"line":21,"column":1}}},"1":{"name":"getAgent","decl":{"start":{"line":23,"column":16},"end":{"line":23,"column":24}},"loc":{"start":{"line":23,"column":64},"end":{"line":32,"column":1}}},"2":{"name":"listAgentNames","decl":{"start":{"line":34,"column":16},"end":{"line":34,"column":30}},"loc":{"start":{"line":34,"column":30},"end":{"line":36,"column":1}}},"3":{"name":"stdoutWrite","decl":{"start":{"line":38,"column":16},"end":{"line":38,"column":27}},"loc":{"start":{"line":38,"column":40},"end":{"line":40,"column":1}}},"4":{"name":"registerBuiltinAgents","decl":{"start":{"line":42,"column":9},"end":{"line":42,"column":30}},"loc":{"start":{"line":42,"column":30},"end":{"line":64,"column":1}}},"5":{"name":"(anonymous_5)","decl":{"start":{"line":49,"column":26},"end":{"line":49,"column":27}},"loc":{"start":{"line":50,"column":4},"end":{"line":60,"column":6}}},"6":{"name":"(anonymous_6)","decl":{"start":{"line":63,"column":25},"end":{"line":63,"column":28}},"loc":{"start":{"line":63,"column":31},"end":{"line":63,"column":61}}}},"branchMap":{"0":{"loc":{"start":{"line":26,"column":2},"end":{"line":29,"column":3}},"type":"if","locations":[{"start":{"line":26,"column":2},"end":{"line":29,"column":3}}]}},"s":{"0":2,"1":2,"2":2,"3":2,"4":2,"5":2,"6":2,"7":2,"8":2,"9":2,"10":2,"11":2,"12":2,"13":5,"14":4,"15":4,"16":1,"17":1,"18":3,"19":4,"20":1,"21":2,"22":2,"23":2,"24":2,"25":2,"26":1,"27":2,"28":1,"29":2},"f":{"0":5,"1":4,"2":4,"3":1,"4":2,"5":1,"6":1},"b":{"0":[1]}}
,"D:\\Development\\Typescript\\solito\\src\\commands\\command-resolver.ts": {"path":"D:\\Development\\Typescript\\solito\\src\\commands\\command-resolver.ts","statementMap":{"0":{"start":{"line":28,"column":4},"end":{"line":28,"column":33}},"1":{"start":{"line":29,"column":4},"end":{"line":29,"column":45}},"2":{"start":{"line":30,"column":4},"end":{"line":30,"column":35}},"3":{"start":{"line":34,"column":24},"end":{"line":34,"column":44}},"4":{"start":{"line":36,"column":4},"end":{"line":38,"column":5}},"5":{"start":{"line":37,"column":6},"end":{"line":37,"column":53}},"6":{"start":{"line":40,"column":23},"end":{"line":40,"column":41}},"7":{"start":{"line":42,"column":4},"end":{"line":51,"column":5}},"8":{"start":{"line":43,"column":24},"end":{"line":43,"column":54}},"9":{"start":{"line":44,"column":19},"end":{"line":44,"column":57}},"10":{"start":{"line":45,"column":21},"end":{"line":45,"column":45}},"11":{"start":{"line":47,"column":6},"end":{"line":50,"column":7}},"12":{"start":{"line":48,"column":23},"end":{"line":48,"column":67}},"13":{"start":{"line":49,"column":8},"end":{"line":49,"column":49}},"14":{"start":{"line":53,"column":4},"end":{"line":53,"column":47}},"15":{"start":{"line":60,"column":25},"end":{"line":62,"column":null}},"16":{"start":{"line":65,"column":20},"end":{"line":65,"column":64}},"17":{"start":{"line":67,"column":28},"end":{"line":69,"column":null}},"18":{"start":{"line":72,"column":4},"end":{"line":72,"column":75}},"19":{"start":{"line":22,"column":0},"end":{"line":22,"column":13}}},"fnMap":{"0":{"name":"(anonymous_0)","decl":{"start":{"line":27,"column":2},"end":{"line":27,"column":14}},"loc":{"start":{"line":27,"column":77},"end":{"line":31,"column":3}}},"1":{"name":"(anonymous_1)","decl":{"start":{"line":33,"column":2},"end":{"line":33,"column":7}},"loc":{"start":{"line":33,"column":29},"end":{"line":54,"column":3}}},"2":{"name":"(anonymous_2)","decl":{"start":{"line":56,"column":10},"end":{"line":56,"column":15}},"loc":{"start":{"line":58,"column":25},"end":{"line":73,"column":3}}}},"branchMap":{"0":{"loc":{"start":{"line":30,"column":20},"end":{"line":30,"column":34}},"type":"binary-expr","locations":[{"start":{"line":30,"column":20},"end":{"line":30,"column":28}},{"start":{"line":30,"column":32},"end":{"line":30,"column":34}}]},"1":{"loc":{"start":{"line":36,"column":4},"end":{"line":38,"column":5}},"type":"if","locations":[{"start":{"line":36,"column":4},"end":{"line":38,"column":5}}]},"2":{"loc":{"start":{"line":42,"column":4},"end":{"line":51,"column":5}},"type":"if","locations":[{"start":{"line":42,"column":4},"end":{"line":51,"column":5}}]},"3":{"loc":{"start":{"line":47,"column":6},"end":{"line":50,"column":7}},"type":"if","locations":[{"start":{"line":47,"column":6},"end":{"line":50,"column":7}}]},"4":{"loc":{"start":{"line":47,"column":10},"end":{"line":47,"column":24}},"type":"binary-expr","locations":[{"start":{"line":47,"column":10},"end":{"line":47,"column":16}},{"start":{"line":47,"column":20},"end":{"line":47,"column":24}}]}},"s":{"0":7,"1":7,"2":7,"3":7,"4":7,"5":3,"6":4,"7":4,"8":3,"9":3,"10":3,"11":3,"12":1,"13":1,"14":3,"15":4,"16":4,"17":3,"18":3,"19":1},"f":{"0":7,"1":7,"2":4},"b":{"0":[7,1],"1":[3],"2":[3],"3":[1],"4":[3,1]}}
,"D:\\Development\\Typescript\\solito\\src\\commands\\config-command.ts": {"path":"D:\\Development\\Typescript\\solito\\src\\commands\\config-command.ts","statementMap":{"0":{"start":{"line":11,"column":0},"end":{"line":11,"column":7}},"1":{"start":{"line":1,"column":0},"end":{"line":1,"column":33}},"2":{"start":{"line":12,"column":17},"end":{"line":12,"column":47}},"3":{"start":{"line":13,"column":2},"end":{"line":13,"column":52}},"4":{"start":{"line":14,"column":2},"end":{"line":14,"column":33}},"5":{"start":{"line":16,"column":2},"end":{"line":25,"column":3}},"6":{"start":{"line":17,"column":26},"end":{"line":17,"column":63}},"7":{"start":{"line":19,"column":4},"end":{"line":24,"column":5}},"8":{"start":{"line":20,"column":6},"end":{"line":20,"column":63}},"9":{"start":{"line":21,"column":6},"end":{"line":21,"column":44}},"10":{"start":{"line":23,"column":6},"end":{"line":23,"column":50}},"11":{"start":{"line":27,"column":2},"end":{"line":27,"column":11}}},"fnMap":{"0":{"name":"executeConfigCommand","decl":{"start":{"line":11,"column":22},"end":{"line":11,"column":42}},"loc":{"start":{"line":11,"column":66},"end":{"line":28,"column":1}}}},"branchMap":{"0":{"loc":{"start":{"line":16,"column":2},"end":{"line":25,"column":3}},"type":"if","locations":[{"start":{"line":16,"column":2},"end":{"line":25,"column":3}}]},"1":{"loc":{"start":{"line":19,"column":4},"end":{"line":24,"column":5}},"type":"if","locations":[{"start":{"line":19,"column":4},"end":{"line":24,"column":5}},{"start":{"line":22,"column":11},"end":{"line":24,"column":5}}]}},"s":{"0":1,"1":1,"2":3,"3":3,"4":3,"5":3,"6":2,"7":2,"8":1,"9":1,"10":1,"11":3},"f":{"0":3},"b":{"0":[2],"1":[1,1]}}
,"D:\\Development\\Typescript\\solito\\src\\commands\\run-command.ts": {"path":"D:\\Development\\Typescript\\solito\\src\\commands\\run-command.ts","statementMap":{"0":{"start":{"line":64,"column":0},"end":{"line":64,"column":7}},"1":{"start":{"line":5,"column":0},"end":{"line":5,"column":69}},"2":{"start":{"line":6,"column":0},"end":{"line":6,"column":55}},"3":{"start":{"line":7,"column":0},"end":{"line":7,"column":45}},"4":{"start":{"line":8,"column":0},"end":{"line":8,"column":54}},"5":{"start":{"line":9,"column":0},"end":{"line":9,"column":63}},"6":{"start":{"line":10,"column":0},"end":{"line":10,"column":29}},"7":{"start":{"line":13,"column":2},"end":{"line":13,"column":38}},"8":{"start":{"line":15,"column":32},"end":{"line":15,"column":62}},"9":{"start":{"line":17,"column":2},"end":{"line":17,"column":133}},"10":{"start":{"line":19,"column":2},"end":{"line":19,"column":132}},"11":{"start":{"line":20,"column":27},"end":{"line":20,"column":45}},"12":{"start":{"line":21,"column":33},"end":{"line":21,"column":34}},"13":{"start":{"line":65,"column":14},"end":{"line":65,"column":38}},"14":{"start":{"line":67,"column":20},"end":{"line":67,"column":49}},"15":{"start":{"line":69,"column":2},"end":{"line":72,"column":3}},"16":{"start":{"line":70,"column":4},"end":{"line":70,"column":84}},"17":{"start":{"line":71,"column":4},"end":{"line":71,"column":13}},"18":{"start":{"line":74,"column":34},"end":{"line":74,"column":81}},"19":{"start":{"line":75,"column":2},"end":{"line":75,"column":130}},"20":{"start":{"line":77,"column":27},"end":{"line":84,"column":4}},"21":{"start":{"line":86,"column":2},"end":{"line":90,"column":3}},"22":{"start":{"line":87,"column":4},"end":{"line":87,"column":37}},"23":{"start":{"line":89,"column":4},"end":{"line":89,"column":60}},"24":{"start":{"line":94,"column":17},"end":{"line":94,"column":53}},"25":{"start":{"line":95,"column":13},"end":{"line":95,"column":49}},"26":{"start":{"line":97,"column":2},"end":{"line":114,"column":4}},"27":{"start":{"line":118,"column":2},"end":{"line":144,"column":3}},"28":{"start":{"line":119,"column":4},"end":{"line":122,"column":5}},"29":{"start":{"line":120,"column":6},"end":{"line":120,"column":76}},"30":{"start":{"line":121,"column":6},"end":{"line":121,"column":32}},"31":{"start":{"line":124,"column":4},"end":{"line":124,"column":27}},"32":{"start":{"line":125,"column":4},"end":{"line":125,"column":34}},"33":{"start":{"line":127,"column":23},"end":{"line":127,"column":59}},"34":{"start":{"line":129,"column":4},"end":{"line":129,"column":63}},"35":{"start":{"line":129,"column":40},"end":{"line":129,"column":63}},"36":{"start":{"line":131,"column":4},"end":{"line":131,"column":51}},"37":{"start":{"line":131,"column":42},"end":{"line":131,"column":51}},"38":{"start":{"line":133,"column":4},"end":{"line":133,"column":45}},"39":{"start":{"line":133,"column":39},"end":{"line":133,"column":45}},"40":{"start":{"line":135,"column":4},"end":{"line":141,"column":7}},"41":{"start":{"line":142,"column":4},"end":{"line":142,"column":43}},"42":{"start":{"line":143,"column":4},"end":{"line":143,"column":29}},"43":{"start":{"line":146,"column":2},"end":{"line":148,"column":3}},"44":{"start":{"line":147,"column":4},"end":{"line":147,"column":47}},"45":{"start":{"line":150,"column":2},"end":{"line":150,"column":28}},"46":{"start":{"line":160,"column":18},"end":{"line":164,"column":4}},"47":{"start":{"line":165,"column":17},"end":{"line":165,"column":60}},"48":{"start":{"line":166,"column":2},"end":{"line":166,"column":32}},"49":{"start":{"line":167,"column":2},"end":{"line":167,"column":29}},"50":{"start":{"line":169,"column":24},"end":{"line":169,"column":60}},"51":{"start":{"line":170,"column":25},"end":{"line":173,"column":4}},"52":{"start":{"line":174,"column":25},"end":{"line":177,"column":4}},"53":{"start":{"line":178,"column":24},"end":{"line":178,"column":68}},"54":{"start":{"line":180,"column":2},"end":{"line":186,"column":3}},"55":{"start":{"line":181,"column":4},"end":{"line":181,"column":60}},"56":{"start":{"line":183,"column":4},"end":{"line":183,"column":21}},"57":{"start":{"line":184,"column":4},"end":{"line":184,"column":21}},"58":{"start":{"line":185,"column":4},"end":{"line":185,"column":20}},"59":{"start":{"line":194,"column":17},"end":{"line":194,"column":36}},"60":{"start":{"line":196,"column":2},"end":{"line":199,"column":3}},"61":{"start":{"line":197,"column":4},"end":{"line":197,"column":52}},"62":{"start":{"line":198,"column":4},"end":{"line":198,"column":43}},"63":{"start":{"line":201,"column":2},"end":{"line":206,"column":3}},"64":{"start":{"line":202,"column":4},"end":{"line":202,"column":29}},"65":{"start":{"line":203,"column":4},"end":{"line":203,"column":29}},"66":{"start":{"line":204,"column":4},"end":{"line":204,"column":104}},"67":{"start":{"line":205,"column":4},"end":{"line":205,"column":34}},"68":{"start":{"line":208,"column":2},"end":{"line":210,"column":3}},"69":{"start":{"line":209,"column":4},"end":{"line":209,"column":31}},"70":{"start":{"line":212,"column":2},"end":{"line":215,"column":3}},"71":{"start":{"line":213,"column":4},"end":{"line":213,"column":52}},"72":{"start":{"line":214,"column":4},"end":{"line":214,"column":43}},"73":{"start":{"line":217,"column":2},"end":{"line":220,"column":3}},"74":{"start":{"line":218,"column":4},"end":{"line":218,"column":86}},"75":{"start":{"line":219,"column":4},"end":{"line":219,"column":41}},"76":{"start":{"line":222,"column":2},"end":{"line":222,"column":76}},"77":{"start":{"line":232,"column":26},"end":{"line":232,"column":77}},"78":{"start":{"line":233,"column":2},"end":{"line":233,"column":90}},"79":{"start":{"line":235,"column":2},"end":{"line":250,"column":3}},"80":{"start":{"line":236,"column":4},"end":{"line":236,"column":48}},"81":{"start":{"line":238,"column":4},"end":{"line":240,"column":5}},"82":{"start":{"line":239,"column":6},"end":{"line":239,"column":50}},"83":{"start":{"line":242,"column":4},"end":{"line":242,"column":32}},"84":{"start":{"line":244,"column":4},"end":{"line":247,"column":5}},"85":{"start":{"line":245,"column":6},"end":{"line":245,"column":93}},"86":{"start":{"line":246,"column":6},"end":{"line":246,"column":50}},"87":{"start":{"line":249,"column":4},"end":{"line":249,"column":34}},"88":{"start":{"line":252,"column":2},"end":{"line":252,"column":28}},"89":{"start":{"line":256,"column":2},"end":{"line":264,"column":3}},"90":{"start":{"line":257,"column":4},"end":{"line":257,"column":79}},"91":{"start":{"line":258,"column":9},"end":{"line":264,"column":3}},"92":{"start":{"line":259,"column":4},"end":{"line":259,"column":83}},"93":{"start":{"line":260,"column":9},"end":{"line":264,"column":3}},"94":{"start":{"line":261,"column":4},"end":{"line":261,"column":58}},"95":{"start":{"line":263,"column":4},"end":{"line":263,"column":130}},"96":{"start":{"line":266,"column":2},"end":{"line":268,"column":3}},"97":{"start":{"line":267,"column":4},"end":{"line":267,"column":53}},"98":{"start":{"line":280,"column":2},"end":{"line":286,"column":4}},"99":{"start":{"line":290,"column":14},"end":{"line":290,"column":43}},"100":{"start":{"line":291,"column":2},"end":{"line":291,"column":44}},"101":{"start":{"line":300,"column":19},"end":{"line":300,"column":77}},"102":{"start":{"line":302,"column":2},"end":{"line":304,"column":3}},"103":{"start":{"line":303,"column":4},"end":{"line":303,"column":31}},"104":{"start":{"line":306,"column":2},"end":{"line":312,"column":15}},"105":{"start":{"line":324,"column":76},"end":{"line":324,"column":82}},"106":{"start":{"line":325,"column":21},"end":{"line":325,"column":62}},"107":{"start":{"line":326,"column":19},"end":{"line":326,"column":63}},"108":{"start":{"line":328,"column":2},"end":{"line":330,"column":3}},"109":{"start":{"line":329,"column":4},"end":{"line":329,"column":22}},"110":{"start":{"line":332,"column":2},"end":{"line":338,"column":15}},"111":{"start":{"line":342,"column":2},"end":{"line":353,"column":3}},"112":{"start":{"line":343,"column":19},"end":{"line":343,"column":44}},"113":{"start":{"line":345,"column":4},"end":{"line":347,"column":5}},"114":{"start":{"line":346,"column":6},"end":{"line":346,"column":18}},"115":{"start":{"line":349,"column":20},"end":{"line":349,"column":47}},"116":{"start":{"line":350,"column":4},"end":{"line":350,"column":34}},"117":{"start":{"line":352,"column":4},"end":{"line":352,"column":16}},"118":{"start":{"line":357,"column":2},"end":{"line":357,"column":54}},"119":{"start":{"line":359,"column":18},"end":{"line":359,"column":31}},"120":{"start":{"line":361,"column":2},"end":{"line":363,"column":3}},"121":{"start":{"line":362,"column":4},"end":{"line":362,"column":26}},"122":{"start":{"line":367,"column":2},"end":{"line":375,"column":3}},"123":{"start":{"line":368,"column":19},"end":{"line":368,"column":44}},"124":{"start":{"line":370,"column":4},"end":{"line":372,"column":5}},"125":{"start":{"line":371,"column":6},"end":{"line":371,"column":39}},"126":{"start":{"line":379,"column":2},"end":{"line":381,"column":3}},"127":{"start":{"line":380,"column":4},"end":{"line":380,"column":21}},"128":{"start":{"line":383,"column":2},"end":{"line":383,"column":54}},"129":{"start":{"line":386,"column":31},"end":{"line":386,"column":44}},"130":{"start":{"line":387,"column":33},"end":{"line":387,"column":46}},"131":{"start":{"line":396,"column":34},"end":{"line":396,"column":41}},"132":{"start":{"line":398,"column":2},"end":{"line":400,"column":3}},"133":{"start":{"line":399,"column":4},"end":{"line":399,"column":11}},"134":{"start":{"line":402,"column":18},"end":{"line":405,"column":4}},"135":{"start":{"line":407,"column":2},"end":{"line":409,"column":3}},"136":{"start":{"line":408,"column":4},"end":{"line":408,"column":62}},"137":{"start":{"line":411,"column":2},"end":{"line":411,"column":36}},"138":{"start":{"line":417,"column":20},"end":{"line":417,"column":39}},"139":{"start":{"line":419,"column":2},"end":{"line":425,"column":3}},"140":{"start":{"line":420,"column":4},"end":{"line":424,"column":17}},"141":{"start":{"line":427,"column":2},"end":{"line":432,"column":3}},"142":{"start":{"line":428,"column":4},"end":{"line":431,"column":17}},"143":{"start":{"line":434,"column":2},"end":{"line":434,"column":96}},"144":{"start":{"line":446,"column":64},"end":{"line":446,"column":71}},"145":{"start":{"line":448,"column":2},"end":{"line":450,"column":3}},"146":{"start":{"line":449,"column":4},"end":{"line":449,"column":20}},"147":{"start":{"line":452,"column":14},"end":{"line":452,"column":52}},"148":{"start":{"line":453,"column":35},"end":{"line":453,"column":37}},"149":{"start":{"line":455,"column":17},"end":{"line":455,"column":64}},"150":{"start":{"line":456,"column":19},"end":{"line":456,"column":68}},"151":{"start":{"line":457,"column":26},"end":{"line":457,"column":44}},"152":{"start":{"line":458,"column":28},"end":{"line":458,"column":48}},"153":{"start":{"line":460,"column":2},"end":{"line":471,"column":3}},"154":{"start":{"line":461,"column":4},"end":{"line":470,"column":16}},"155":{"start":{"line":462,"column":28},"end":{"line":462,"column":51}},"156":{"start":{"line":463,"column":20},"end":{"line":467,"column":8}},"157":{"start":{"line":468,"column":6},"end":{"line":468,"column":59}},"158":{"start":{"line":469,"column":6},"end":{"line":469,"column":107}},"159":{"start":{"line":473,"column":2},"end":{"line":483,"column":3}},"160":{"start":{"line":474,"column":4},"end":{"line":482,"column":18}},"161":{"start":{"line":475,"column":30},"end":{"line":475,"column":55}},"162":{"start":{"line":476,"column":20},"end":{"line":479,"column":8}},"163":{"start":{"line":480,"column":6},"end":{"line":480,"column":59}},"164":{"start":{"line":481,"column":6},"end":{"line":481,"column":111}},"165":{"start":{"line":485,"column":2},"end":{"line":491,"column":17}},"166":{"start":{"line":486,"column":4},"end":{"line":486,"column":26}},"167":{"start":{"line":487,"column":16},"end":{"line":487,"column":128}},"168":{"start":{"line":488,"column":4},"end":{"line":488,"column":44}},"169":{"start":{"line":489,"column":4},"end":{"line":489,"column":92}},"170":{"start":{"line":490,"column":4},"end":{"line":490,"column":27}},"171":{"start":{"line":493,"column":2},"end":{"line":493,"column":54}},"172":{"start":{"line":493,"column":15},"end":{"line":493,"column":53}},"173":{"start":{"line":493,"column":37},"end":{"line":493,"column":52}},"174":{"start":{"line":504,"column":55},"end":{"line":504,"column":61}},"175":{"start":{"line":505,"column":18},"end":{"line":505,"column":55}},"176":{"start":{"line":506,"column":14},"end":{"line":506,"column":52}},"177":{"start":{"line":507,"column":18},"end":{"line":507,"column":138}},"178":{"start":{"line":508,"column":2},"end":{"line":508,"column":46}},"179":{"start":{"line":512,"column":18},"end":{"line":512,"column":55}},"180":{"start":{"line":513,"column":14},"end":{"line":513,"column":52}},"181":{"start":{"line":514,"column":18},"end":{"line":514,"column":108}},"182":{"start":{"line":515,"column":2},"end":{"line":515,"column":46}},"183":{"start":{"line":519,"column":18},"end":{"line":519,"column":55}},"184":{"start":{"line":520,"column":14},"end":{"line":520,"column":52}},"185":{"start":{"line":521,"column":18},"end":{"line":521,"column":130}},"186":{"start":{"line":522,"column":2},"end":{"line":522,"column":46}},"187":{"start":{"line":526,"column":20},"end":{"line":526,"column":62}},"188":{"start":{"line":527,"column":17},"end":{"line":527,"column":63}},"189":{"start":{"line":528,"column":15},"end":{"line":528,"column":54}},"190":{"start":{"line":529,"column":2},"end":{"line":529,"column":46}},"191":{"start":{"line":533,"column":20},"end":{"line":533,"column":21}},"192":{"start":{"line":535,"column":16},"end":{"line":542,"column":12}},"193":{"start":{"line":536,"column":4},"end":{"line":536,"column":18}},"194":{"start":{"line":537,"column":16},"end":{"line":537,"column":26}},"195":{"start":{"line":538,"column":17},"end":{"line":538,"column":32}},"196":{"start":{"line":539,"column":20},"end":{"line":539,"column":57}},"197":{"start":{"line":540,"column":16},"end":{"line":540,"column":54}},"198":{"start":{"line":541,"column":4},"end":{"line":541,"column":125}},"199":{"start":{"line":544,"column":2},"end":{"line":544,"column":36}},"200":{"start":{"line":544,"column":15},"end":{"line":544,"column":35}},"201":{"start":{"line":548,"column":23},"end":{"line":548,"column":44}},"202":{"start":{"line":549,"column":16},"end":{"line":549,"column":47}},"203":{"start":{"line":550,"column":18},"end":{"line":550,"column":56}},"204":{"start":{"line":552,"column":2},"end":{"line":554,"column":3}},"205":{"start":{"line":553,"column":4},"end":{"line":553,"column":35}},"206":{"start":{"line":556,"column":2},"end":{"line":556,"column":23}},"207":{"start":{"line":560,"column":16},"end":{"line":560,"column":59}},"208":{"start":{"line":561,"column":18},"end":{"line":561,"column":63}},"209":{"start":{"line":562,"column":18},"end":{"line":562,"column":63}},"210":{"start":{"line":563,"column":2},"end":{"line":563,"column":42}},"211":{"start":{"line":573,"column":27},"end":{"line":573,"column":30}},"212":{"start":{"line":576,"column":61},"end":{"line":576,"column":68}},"213":{"start":{"line":577,"column":23},"end":{"line":577,"column":24}},"214":{"start":{"line":579,"column":19},"end":{"line":598,"column":3}},"215":{"start":{"line":580,"column":16},"end":{"line":580,"column":26}},"216":{"start":{"line":581,"column":16},"end":{"line":581,"column":54}},"217":{"start":{"line":583,"column":4},"end":{"line":588,"column":5}},"218":{"start":{"line":584,"column":6},"end":{"line":584,"column":38}},"219":{"start":{"line":585,"column":6},"end":{"line":585,"column":27}},"220":{"start":{"line":586,"column":6},"end":{"line":586,"column":188}},"221":{"start":{"line":587,"column":6},"end":{"line":587,"column":13}},"222":{"start":{"line":590,"column":4},"end":{"line":592,"column":5}},"223":{"start":{"line":591,"column":6},"end":{"line":591,"column":13}},"224":{"start":{"line":594,"column":4},"end":{"line":594,"column":29}},"225":{"start":{"line":595,"column":4},"end":{"line":595,"column":126}},"226":{"start":{"line":596,"column":4},"end":{"line":596,"column":27}},"227":{"start":{"line":597,"column":4},"end":{"line":597,"column":22}},"228":{"start":{"line":600,"column":20},"end":{"line":605,"column":3}},"229":{"start":{"line":601,"column":4},"end":{"line":601,"column":29}},"230":{"start":{"line":602,"column":16},"end":{"line":602,"column":54}},"231":{"start":{"line":603,"column":4},"end":{"line":603,"column":124}},"232":{"start":{"line":604,"column":4},"end":{"line":604,"column":27}},"233":{"start":{"line":607,"column":2},"end":{"line":607,"column":33}},"234":{"start":{"line":609,"column":2},"end":{"line":611,"column":3}},"235":{"start":{"line":610,"column":4},"end":{"line":610,"column":37}},"236":{"start":{"line":613,"column":2},"end":{"line":619,"column":4}},"237":{"start":{"line":614,"column":4},"end":{"line":614,"column":47}},"238":{"start":{"line":616,"column":4},"end":{"line":618,"column":5}},"239":{"start":{"line":617,"column":6},"end":{"line":617,"column":51}},"240":{"start":{"line":622,"column":28},"end":{"line":622,"column":38}},"241":{"start":{"line":623,"column":25},"end":{"line":623,"column":28}},"242":{"start":{"line":626,"column":2},"end":{"line":626,"column":75}}},"fnMap":{"0":{"name":"isWindows","decl":{"start":{"line":12,"column":9},"end":{"line":12,"column":18}},"loc":{"start":{"line":12,"column":18},"end":{"line":14,"column":1}}},"1":{"name":"executeRunCommand","decl":{"start":{"line":64,"column":22},"end":{"line":64,"column":39}},"loc":{"start":{"line":64,"column":64},"end":{"line":91,"column":1}}},"2":{"name":"buildLoopContext","decl":{"start":{"line":93,"column":9},"end":{"line":93,"column":25}},"loc":{"start":{"line":93,"column":50},"end":{"line":115,"column":1}}},"3":{"name":"runLoop","decl":{"start":{"line":117,"column":15},"end":{"line":117,"column":22}},"loc":{"start":{"line":117,"column":57},"end":{"line":151,"column":1}}},"4":{"name":"runSingleIteration","decl":{"start":{"line":159,"column":15},"end":{"line":159,"column":33}},"loc":{"start":{"line":159,"column":68},"end":{"line":187,"column":1}}},"5":{"name":"processIterationResult","decl":{"start":{"line":189,"column":15},"end":{"line":189,"column":37}},"loc":{"start":{"line":192,"column":34},"end":{"line":223,"column":1}}},"6":{"name":"handleExitCode","decl":{"start":{"line":225,"column":9},"end":{"line":225,"column":23}},"loc":{"start":{"line":230,"column":34},"end":{"line":253,"column":1}}},"7":{"name":"logIterationStart","decl":{"start":{"line":255,"column":9},"end":{"line":255,"column":26}},"loc":{"start":{"line":255,"column":61},"end":{"line":269,"column":1}}},"8":{"name":"buildRunOptions","decl":{"start":{"line":279,"column":9},"end":{"line":279,"column":24}},"loc":{"start":{"line":279,"column":54},"end":{"line":287,"column":1}}},"9":{"name":"getProgressFilePath","decl":{"start":{"line":289,"column":9},"end":{"line":289,"column":28}},"loc":{"start":{"line":289,"column":49},"end":{"line":292,"column":1}}},"10":{"name":"buildStopPrompt","decl":{"start":{"line":299,"column":15},"end":{"line":299,"column":30}},"loc":{"start":{"line":299,"column":55},"end":{"line":313,"column":1}}},"11":{"name":"buildContinuationPrompt","decl":{"start":{"line":323,"column":15},"end":{"line":323,"column":38}},"loc":{"start":{"line":323,"column":71},"end":{"line":339,"column":1}}},"12":{"name":"readProgressFile","decl":{"start":{"line":341,"column":15},"end":{"line":341,"column":31}},"loc":{"start":{"line":341,"column":64},"end":{"line":354,"column":1}}},"13":{"name":"logAgentError","decl":{"start":{"line":356,"column":9},"end":{"line":356,"column":22}},"loc":{"start":{"line":356,"column":71},"end":{"line":364,"column":1}}},"14":{"name":"cleanupProgressFile","decl":{"start":{"line":366,"column":15},"end":{"line":366,"column":34}},"loc":{"start":{"line":366,"column":67},"end":{"line":376,"column":1}}},"15":{"name":"getTimeoutMs","decl":{"start":{"line":378,"column":9},"end":{"line":378,"column":21}},"loc":{"start":{"line":378,"column":45},"end":{"line":384,"column":1}}},"16":{"name":"writeStdinMessage","decl":{"start":{"line":395,"column":9},"end":{"line":395,"column":26}},"loc":{"start":{"line":395,"column":53},"end":{"line":412,"column":1}}},"17":{"name":"buildWarningText","decl":{"start":{"line":416,"column":9},"end":{"line":416,"column":25}},"loc":{"start":{"line":416,"column":66},"end":{"line":435,"column":1}}},"18":{"name":"setupTimeoutWarnings","decl":{"start":{"line":445,"column":9},"end":{"line":445,"column":29}},"loc":{"start":{"line":445,"column":61},"end":{"line":494,"column":1}}},"19":{"name":"(anonymous_28)","decl":{"start":{"line":449,"column":11},"end":{"line":449,"column":14}},"loc":{"start":{"line":449,"column":16},"end":{"line":449,"column":19}}},"20":{"name":"(anonymous_29)","decl":{"start":{"line":461,"column":27},"end":{"line":461,"column":30}},"loc":{"start":{"line":461,"column":32},"end":{"line":470,"column":5}}},"21":{"name":"(anonymous_30)","decl":{"start":{"line":474,"column":27},"end":{"line":474,"column":30}},"loc":{"start":{"line":474,"column":32},"end":{"line":482,"column":5}}},"22":{"name":"(anonymous_31)","decl":{"start":{"line":485,"column":25},"end":{"line":485,"column":28}},"loc":{"start":{"line":485,"column":30},"end":{"line":491,"column":3}}},"23":{"name":"(anonymous_32)","decl":{"start":{"line":493,"column":9},"end":{"line":493,"column":12}},"loc":{"start":{"line":493,"column":15},"end":{"line":493,"column":53}}},"24":{"name":"(anonymous_33)","decl":{"start":{"line":493,"column":30},"end":{"line":493,"column":31}},"loc":{"start":{"line":493,"column":37},"end":{"line":493,"column":52}}},"25":{"name":"writeLoopTransition","decl":{"start":{"line":503,"column":9},"end":{"line":503,"column":28}},"loc":{"start":{"line":503,"column":57},"end":{"line":509,"column":1}}},"26":{"name":"writeInterruptBanner","decl":{"start":{"line":511,"column":9},"end":{"line":511,"column":29}},"loc":{"start":{"line":511,"column":63},"end":{"line":516,"column":1}}},"27":{"name":"writeStopBanner","decl":{"start":{"line":518,"column":9},"end":{"line":518,"column":24}},"loc":{"start":{"line":518,"column":58},"end":{"line":523,"column":1}}},"28":{"name":"writeUserPrompt","decl":{"start":{"line":525,"column":9},"end":{"line":525,"column":24}},"loc":{"start":{"line":525,"column":55},"end":{"line":530,"column":1}}},"29":{"name":"setupMinuteTicker","decl":{"start":{"line":532,"column":9},"end":{"line":532,"column":26}},"loc":{"start":{"line":532,"column":60},"end":{"line":545,"column":1}}},"30":{"name":"(anonymous_39)","decl":{"start":{"line":535,"column":28},"end":{"line":535,"column":31}},"loc":{"start":{"line":535,"column":33},"end":{"line":542,"column":3}}},"31":{"name":"(anonymous_40)","decl":{"start":{"line":544,"column":9},"end":{"line":544,"column":12}},"loc":{"start":{"line":544,"column":15},"end":{"line":544,"column":35}}},"32":{"name":"formatElapsed","decl":{"start":{"line":547,"column":9},"end":{"line":547,"column":22}},"loc":{"start":{"line":547,"column":33},"end":{"line":557,"column":1}}},"33":{"name":"formatTime","decl":{"start":{"line":559,"column":9},"end":{"line":559,"column":19}},"loc":{"start":{"line":559,"column":30},"end":{"line":564,"column":1}}},"34":{"name":"setupSignalForwarding","decl":{"start":{"line":575,"column":9},"end":{"line":575,"column":30}},"loc":{"start":{"line":575,"column":63},"end":{"line":620,"column":1}}},"35":{"name":"(anonymous_44)","decl":{"start":{"line":579,"column":19},"end":{"line":579,"column":22}},"loc":{"start":{"line":579,"column":24},"end":{"line":598,"column":3}}},"36":{"name":"(anonymous_45)","decl":{"start":{"line":600,"column":20},"end":{"line":600,"column":23}},"loc":{"start":{"line":600,"column":25},"end":{"line":605,"column":3}}},"37":{"name":"(anonymous_46)","decl":{"start":{"line":613,"column":9},"end":{"line":613,"column":12}},"loc":{"start":{"line":613,"column":14},"end":{"line":619,"column":3}}},"38":{"name":"isInterruptExitCode","decl":{"start":{"line":625,"column":9},"end":{"line":625,"column":28}},"loc":{"start":{"line":625,"column":45},"end":{"line":627,"column":1}}}},"branchMap":{"0":{"loc":{"start":{"line":69,"column":2},"end":{"line":72,"column":3}},"type":"if","locations":[{"start":{"line":69,"column":2},"end":{"line":72,"column":3}}]},"1":{"loc":{"start":{"line":74,"column":34},"end":{"line":74,"column":81}},"type":"binary-expr","locations":[{"start":{"line":74,"column":34},"end":{"line":74,"column":71}},{"start":{"line":74,"column":75},"end":{"line":74,"column":81}}]},"2":{"loc":{"start":{"line":75,"column":87},"end":{"line":75,"column":110}},"type":"binary-expr","locations":[{"start":{"line":75,"column":87},"end":{"line":75,"column":100}},{"start":{"line":75,"column":104},"end":{"line":75,"column":110}}]},"3":{"loc":{"start":{"line":94,"column":17},"end":{"line":94,"column":53}},"type":"binary-expr","locations":[{"start":{"line":94,"column":17},"end":{"line":94,"column":30}},{"start":{"line":94,"column":34},"end":{"line":94,"column":53}}]},"4":{"loc":{"start":{"line":95,"column":13},"end":{"line":95,"column":49}},"type":"binary-expr","locations":[{"start":{"line":95,"column":13},"end":{"line":95,"column":22}},{"start":{"line":95,"column":26},"end":{"line":95,"column":49}}]},"5":{"loc":{"start":{"line":108,"column":20},"end":{"line":108,"column":81}},"type":"binary-expr","locations":[{"start":{"line":108,"column":20},"end":{"line":108,"column":54}},{"start":{"line":108,"column":58},"end":{"line":108,"column":81}}]},"6":{"loc":{"start":{"line":109,"column":19},"end":{"line":109,"column":78}},"type":"binary-expr","locations":[{"start":{"line":109,"column":19},"end":{"line":109,"column":52}},{"start":{"line":109,"column":56},"end":{"line":109,"column":78}}]},"7":{"loc":{"start":{"line":119,"column":4},"end":{"line":122,"column":5}},"type":"if","locations":[{"start":{"line":119,"column":4},"end":{"line":122,"column":5}}]},"8":{"loc":{"start":{"line":119,"column":8},"end":{"line":119,"column":106}},"type":"binary-expr","locations":[{"start":{"line":119,"column":8},"end":{"line":119,"column":39}},{"start":{"line":119,"column":43},"end":{"line":119,"column":84}},{"start":{"line":119,"column":88},"end":{"line":119,"column":106}}]},"9":{"loc":{"start":{"line":129,"column":4},"end":{"line":129,"column":63}},"type":"if","locations":[{"start":{"line":129,"column":4},"end":{"line":129,"column":63}}]},"10":{"loc":{"start":{"line":131,"column":4},"end":{"line":131,"column":51}},"type":"if","locations":[{"start":{"line":131,"column":4},"end":{"line":131,"column":51}}]},"11":{"loc":{"start":{"line":133,"column":4},"end":{"line":133,"column":45}},"type":"if","locations":[{"start":{"line":133,"column":4},"end":{"line":133,"column":45}}]},"12":{"loc":{"start":{"line":146,"column":2},"end":{"line":148,"column":3}},"type":"if","locations":[{"start":{"line":146,"column":2},"end":{"line":148,"column":3}}]},"13":{"loc":{"start":{"line":169,"column":24},"end":{"line":169,"column":60}},"type":"cond-expr","locations":[{"start":{"line":169,"column":38},"end":{"line":169,"column":48}},{"start":{"line":169,"column":51},"end":{"line":169,"column":60}}]},"14":{"loc":{"start":{"line":196,"column":2},"end":{"line":199,"column":3}},"type":"if","locations":[{"start":{"line":196,"column":2},"end":{"line":199,"column":3}}]},"15":{"loc":{"start":{"line":201,"column":2},"end":{"line":206,"column":3}},"type":"if","locations":[{"start":{"line":201,"column":2},"end":{"line":206,"column":3}}]},"16":{"loc":{"start":{"line":201,"column":6},"end":{"line":201,"column":56}},"type":"binary-expr","locations":[{"start":{"line":201,"column":6},"end":{"line":201,"column":34}},{"start":{"line":201,"column":38},"end":{"line":201,"column":56}}]},"17":{"loc":{"start":{"line":208,"column":2},"end":{"line":210,"column":3}},"type":"if","locations":[{"start":{"line":208,"column":2},"end":{"line":210,"column":3}}]},"18":{"loc":{"start":{"line":208,"column":6},"end":{"line":208,"column":55}},"type":"binary-expr","locations":[{"start":{"line":208,"column":6},"end":{"line":208,"column":34}},{"start":{"line":208,"column":38},"end":{"line":208,"column":55}}]},"19":{"loc":{"start":{"line":212,"column":2},"end":{"line":215,"column":3}},"type":"if","locations":[{"start":{"line":212,"column":2},"end":{"line":215,"column":3}}]},"20":{"loc":{"start":{"line":212,"column":6},"end":{"line":212,"column":65}},"type":"binary-expr","locations":[{"start":{"line":212,"column":6},"end":{"line":212,"column":42}},{"start":{"line":212,"column":46},"end":{"line":212,"column":65}}]},"21":{"loc":{"start":{"line":217,"column":2},"end":{"line":220,"column":3}},"type":"if","locations":[{"start":{"line":217,"column":2},"end":{"line":220,"column":3}}]},"22":{"loc":{"start":{"line":232,"column":26},"end":{"line":232,"column":77}},"type":"binary-expr","locations":[{"start":{"line":232,"column":26},"end":{"line":232,"column":44}},{"start":{"line":232,"column":48},"end":{"line":232,"column":77}}]},"23":{"loc":{"start":{"line":233,"column":23},"end":{"line":233,"column":89}},"type":"cond-expr","locations":[{"start":{"line":233,"column":77},"end":{"line":233,"column":78}},{"start":{"line":233,"column":81},"end":{"line":233,"column":89}}]},"24":{"loc":{"start":{"line":233,"column":24},"end":{"line":233,"column":73}},"type":"binary-expr","locations":[{"start":{"line":233,"column":24},"end":{"line":233,"column":54}},{"start":{"line":233,"column":58},"end":{"line":233,"column":73}}]},"25":{"loc":{"start":{"line":235,"column":2},"end":{"line":250,"column":3}},"type":"if","locations":[{"start":{"line":235,"column":2},"end":{"line":250,"column":3}},{"start":{"line":248,"column":9},"end":{"line":250,"column":3}}]},"26":{"loc":{"start":{"line":238,"column":4},"end":{"line":240,"column":5}},"type":"if","locations":[{"start":{"line":238,"column":4},"end":{"line":240,"column":5}}]},"27":{"loc":{"start":{"line":244,"column":4},"end":{"line":247,"column":5}},"type":"if","locations":[{"start":{"line":244,"column":4},"end":{"line":247,"column":5}}]},"28":{"loc":{"start":{"line":256,"column":2},"end":{"line":264,"column":3}},"type":"if","locations":[{"start":{"line":256,"column":2},"end":{"line":264,"column":3}},{"start":{"line":258,"column":9},"end":{"line":264,"column":3}}]},"29":{"loc":{"start":{"line":256,"column":6},"end":{"line":256,"column":55}},"type":"binary-expr","locations":[{"start":{"line":256,"column":6},"end":{"line":256,"column":23}},{"start":{"line":256,"column":27},"end":{"line":256,"column":55}}]},"30":{"loc":{"start":{"line":258,"column":9},"end":{"line":264,"column":3}},"type":"if","locations":[{"start":{"line":258,"column":9},"end":{"line":264,"column":3}},{"start":{"line":260,"column":9},"end":{"line":264,"column":3}}]},"31":{"loc":{"start":{"line":260,"column":9},"end":{"line":264,"column":3}},"type":"if","locations":[{"start":{"line":260,"column":9},"end":{"line":264,"column":3}},{"start":{"line":262,"column":9},"end":{"line":264,"column":3}}]},"32":{"loc":{"start":{"line":266,"column":2},"end":{"line":268,"column":3}},"type":"if","locations":[{"start":{"line":266,"column":2},"end":{"line":268,"column":3}}]},"33":{"loc":{"start":{"line":290,"column":14},"end":{"line":290,"column":43}},"type":"binary-expr","locations":[{"start":{"line":290,"column":14},"end":{"line":290,"column":25}},{"start":{"line":290,"column":29},"end":{"line":290,"column":43}}]},"34":{"loc":{"start":{"line":302,"column":2},"end":{"line":304,"column":3}},"type":"if","locations":[{"start":{"line":302,"column":2},"end":{"line":304,"column":3}}]},"35":{"loc":{"start":{"line":325,"column":21},"end":{"line":325,"column":62}},"type":"cond-expr","locations":[{"start":{"line":325,"column":32},"end":{"line":325,"column":45}},{"start":{"line":325,"column":48},"end":{"line":325,"column":62}}]},"36":{"loc":{"start":{"line":328,"column":2},"end":{"line":330,"column":3}},"type":"if","locations":[{"start":{"line":328,"column":2},"end":{"line":330,"column":3}}]},"37":{"loc":{"start":{"line":345,"column":4},"end":{"line":347,"column":5}},"type":"if","locations":[{"start":{"line":345,"column":4},"end":{"line":347,"column":5}}]},"38":{"loc":{"start":{"line":350,"column":11},"end":{"line":350,"column":33}},"type":"binary-expr","locations":[{"start":{"line":350,"column":11},"end":{"line":350,"column":25}},{"start":{"line":350,"column":29},"end":{"line":350,"column":33}}]},"39":{"loc":{"start":{"line":361,"column":2},"end":{"line":363,"column":3}},"type":"if","locations":[{"start":{"line":361,"column":2},"end":{"line":363,"column":3}}]},"40":{"loc":{"start":{"line":370,"column":4},"end":{"line":372,"column":5}},"type":"if","locations":[{"start":{"line":370,"column":4},"end":{"line":372,"column":5}}]},"41":{"loc":{"start":{"line":379,"column":2},"end":{"line":381,"column":3}},"type":"if","locations":[{"start":{"line":379,"column":2},"end":{"line":381,"column":3}}]},"42":{"loc":{"start":{"line":398,"column":2},"end":{"line":400,"column":3}},"type":"if","locations":[{"start":{"line":398,"column":2},"end":{"line":400,"column":3}}]},"43":{"loc":{"start":{"line":
[...]
tart":{"line":128,"column":28},"end":{"line":128,"column":29}},"loc":{"start":{"line":128,"column":36},"end":{"line":131,"column":5}}},"20":{"name":"(anonymous_29)","decl":{"start":{"line":130,"column":50},"end":{"line":130,"column":51}},"loc":{"start":{"line":130,"column":63},"end":{"line":130,"column":82}}},"21":{"name":"(anonymous_30)","decl":{"start":{"line":133,"column":36},"end":{"line":133,"column":37}},"loc":{"start":{"line":133,"column":48},"end":{"line":136,"column":5}}},"22":{"name":"(anonymous_31)","decl":{"start":{"line":134,"column":38},"end":{"line":134,"column":39}},"loc":{"start":{"line":134,"column":58},"end":{"line":134,"column":68}}},"23":{"name":"(anonymous_32)","decl":{"start":{"line":137,"column":11},"end":{"line":137,"column":14}},"loc":{"start":{"line":137,"column":16},"end":{"line":139,"column":3}}},"24":{"name":"sendJson","decl":{"start":{"line":142,"column":9},"end":{"line":142,"column":17}},"loc":{"start":{"line":142,"column":68},"end":{"line":149,"column":1}}},"25":{"name":"sendHtml","decl":{"start":{"line":151,"column":9},"end":{"line":151,"column":17}},"loc":{"start":{"line":151,"column":67},"end":{"line":157,"column":1}}},"26":{"name":"readBody","decl":{"start":{"line":159,"column":9},"end":{"line":159,"column":17}},"loc":{"start":{"line":159,"column":91},"end":{"line":168,"column":1}}},"27":{"name":"(anonymous_36)","decl":{"start":{"line":162,"column":17},"end":{"line":162,"column":18}},"loc":{"start":{"line":162,"column":35},"end":{"line":164,"column":3}}},"28":{"name":"(anonymous_37)","decl":{"start":{"line":166,"column":16},"end":{"line":166,"column":19}},"loc":{"start":{"line":166,"column":22},"end":{"line":166,"column":42}}},"29":{"name":"(anonymous_38)","decl":{"start":{"line":167,"column":18},"end":{"line":167,"column":19}},"loc":{"start":{"line":167,"column":27},"end":{"line":167,"column":44}}}},"branchMap":{"0":{"loc":{"start":{"line":75,"column":4},"end":{"line":78,"column":5}},"type":"if","locations":[{"start":{"line":75,"column":4},"end":{"line":78,"column":5}}]},"1":{"loc":{"start":{"line":92,"column":14},"end":{"line":92,"column":79}},"type":"cond-expr","locations":[{"start":{"line":92,"column":34},"end":{"line":92,"column":67}},{"start":{"line":92,"column":70},"end":{"line":92,"column":79}}]},"2":{"loc":{"start":{"line":94,"column":2},"end":{"line":97,"column":3}},"type":"if","locations":[{"start":{"line":94,"column":2},"end":{"line":97,"column":3}}]},"3":{"loc":{"start":{"line":94,"column":6},"end":{"line":94,"column":64}},"type":"binary-expr","locations":[{"start":{"line":94,"column":6},"end":{"line":94,"column":23}},{"start":{"line":94,"column":27},"end":{"line":94,"column":64}}]},"4":{"loc":{"start":{"line":99,"column":17},"end":{"line":99,"column":58}},"type":"binary-expr","locations":[{"start":{"line":99,"column":17},"end":{"line":99,"column":35}},{"start":{"line":99,"column":39},"end":{"line":99,"column":52}},{"start":{"line":99,"column":56},"end":{"line":99,"column":58}}]},"5":{"loc":{"start":{"line":100,"column":69},"end":{"line":100,"column":97}},"type":"cond-expr","locations":[{"start":{"line":100,"column":78},"end":{"line":100,"column":92}},{"start":{"line":100,"column":95},"end":{"line":100,"column":97}}]},"6":{"loc":{"start":{"line":107,"column":4},"end":{"line":110,"column":5}},"type":"if","locations":[{"start":{"line":107,"column":4},"end":{"line":110,"column":5}}]},"7":{"loc":{"start":{"line":130,"column":63},"end":{"line":130,"column":82}},"type":"cond-expr","locations":[{"start":{"line":130,"column":72},"end":{"line":130,"column":75}},{"start":{"line":130,"column":78},"end":{"line":130,"column":82}}]}},"s":{"0":2,"1":2,"2":2,"3":22,"4":22,"5":1,"6":1,"7":1,"8":1,"9":1,"10":8,"11":4,"12":4,"13":8,"14":8,"15":1,"16":1,"17":7,"18":7,"19":6,"20":6,"21":6,"22":1,"23":6,"24":6,"25":4,"26":4,"27":6,"28":6,"29":4,"30":4,"31":3,"32":1,"33":1,"34":2,"35":1,"36":1,"37":1,"38":1,"39":1,"40":4,"41":4,"42":3,"43":4,"44":4,"45":4,"46":3,"47":3,"48":4,"49":3,"50":1,"51":20,"52":20,"53":20,"54":1,"55":1,"56":8,"57":8,"58":7,"59":8,"60":7,"61":8,"62":1},"f":{"0":22,"1":1,"2":1,"3":1,"4":1,"5":1,"6":8,"7":4,"8":4,"9":8,"10":8,"11":6,"12":4,"13":3,"14":1,"15":1,"16":1,"17":4,"18":3,"19":4,"20":4,"21":3,"22":4,"23":1,"24":20,"25":1,"26":8,"27":7,"28":7,"29":1},"b":{"0":[1],"1":[5,1],"2":[4],"3":[6,5],"4":[6,1,1],"5":[5,1],"6":[1],"7":[3,1]}}
,"D:\\Development\\Typescript\\solito\\src\\ui\\ui-html.ts": {"path":"D:\\Development\\Typescript\\solito\\src\\ui\\ui-html.ts","statementMap":{"0":{"start":{"line":3,"column":0},"end":{"line":3,"column":16}},"1":{"start":{"line":1,"column":0},"end":{"line":1,"column":51}},"2":{"start":{"line":4,"column":23},"end":{"line":4,"column":42}},"3":{"start":{"line":6,"column":2},"end":{"line":59,"column":9}}},"fnMap":{"0":{"name":"buildDashboardHtml","decl":{"start":{"line":3,"column":16},"end":{"line":3,"column":34}},"loc":{"start":{"line":3,"column":34},"end":{"line":60,"column":1}}}},"branchMap":{},"s":{"0":2,"1":2,"2":1,"3":1},"f":{"0":1},"b":{}}
,"D:\\Development\\Typescript\\solito\\src\\ui\\ui-routes.ts": {"path":"D:\\Development\\Typescript\\solito\\src\\ui\\ui-routes.ts","statementMap":{"0":{"start":{"line":20,"column":0},"end":{"line":20,"column":16}},"1":{"start":{"line":21,"column":31},"end":{"line":27,"column":4}},"2":{"start":{"line":29,"column":38},"end":{"line":33,"column":4}},"3":{"start":{"line":35,"column":2},"end":{"line":46,"column":4}},"4":{"start":{"line":37,"column":21},"end":{"line":37,"column":40}},"5":{"start":{"line":38,"column":18},"end":{"line":38,"column":32}},"6":{"start":{"line":40,"column":6},"end":{"line":40,"column":68}},"7":{"start":{"line":40,"column":61},"end":{"line":40,"column":68}},"8":{"start":{"line":42,"column":6},"end":{"line":42,"column":70}},"9":{"start":{"line":42,"column":63},"end":{"line":42,"column":70}},"10":{"start":{"line":44,"column":6},"end":{"line":44,"column":24}},"11":{"start":{"line":52,"column":16},"end":{"line":52,"column":73}},"12":{"start":{"line":52,"column":35},"end":{"line":52,"column":72}},"13":{"start":{"line":54,"column":2},"end":{"line":54,"column":27}},"14":{"start":{"line":54,"column":14},"end":{"line":54,"column":27}},"15":{"start":{"line":56,"column":2},"end":{"line":56,"column":26}},"16":{"start":{"line":57,"column":2},"end":{"line":57,"column":14}},"17":{"start":{"line":63,"column":2},"end":{"line":72,"column":3}},"18":{"start":{"line":64,"column":4},"end":{"line":64,"column":75}},"19":{"start":{"line":64,"column":66},"end":{"line":64,"column":75}},"20":{"start":{"line":66,"column":18},"end":{"line":66,"column":48}},"21":{"start":{"line":68,"column":4},"end":{"line":71,"column":5}},"22":{"start":{"line":69,"column":6},"end":{"line":69,"column":37}},"23":{"start":{"line":70,"column":6},"end":{"line":70,"column":18}},"24":{"start":{"line":74,"column":2},"end":{"line":74,"column":15}},"25":{"start":{"line":78,"column":15},"end":{"line":78,"column":53}},"26":{"start":{"line":79,"column":2},"end":{"line":82,"column":5}},"27":{"start":{"line":83,"column":2},"end":{"line":83,"column":16}}},"fnMap":{"0":{"name":"createRouteDispatcher","decl":{"start":{"line":20,"column":16},"end":{"line":20,"column":37}},"loc":{"start":{"line":20,"column":58},"end":{"line":47,"column":1}}},"1":{"name":"(anonymous_1)","decl":{"start":{"line":36,"column":4},"end":{"line":36,"column":12}},"loc":{"start":{"line":36,"column":21},"end":{"line":45,"column":5}}},"2":{"name":"tryExactRoute","decl":{"start":{"line":49,"column":9},"end":{"line":49,"column":22}},"loc":{"start":{"line":50,"column":89},"end":{"line":58,"column":1}}},"3":{"name":"(anonymous_3)","decl":{"start":{"line":52,"column":28},"end":{"line":52,"column":29}},"loc":{"start":{"line":52,"column":35},"end":{"line":52,"column":72}}},"4":{"name":"tryPrefixRoute","decl":{"start":{"line":60,"column":9},"end":{"line":60,"column":23}},"loc":{"start":{"line":61,"column":95},"end":{"line":75,"column":1}}},"5":{"name":"sendNotFound","decl":{"start":{"line":77,"column":9},"end":{"line":77,"column":21}},"loc":{"start":{"line":77,"column":41},"end":{"line":84,"column":1}}}},"branchMap":{"0":{"loc":{"start":{"line":37,"column":21},"end":{"line":37,"column":40}},"type":"binary-expr","locations":[{"start":{"line":37,"column":21},"end":{"line":37,"column":31}},{"start":{"line":37,"column":35},"end":{"line":37,"column":40}}]},"1":{"loc":{"start":{"line":38,"column":18},"end":{"line":38,"column":32}},"type":"binary-expr","locations":[{"start":{"line":38,"column":18},"end":{"line":38,"column":25}},{"start":{"line":38,"column":29},"end":{"line":38,"column":32}}]},"2":{"loc":{"start":{"line":40,"column":6},"end":{"line":40,"column":68}},"type":"if","locations":[{"start":{"line":40,"column":6},"end":{"line":40,"column":68}}]},"3":{"loc":{"start":{"line":42,"column":6},"end":{"line":42,"column":70}},"type":"if","locations":[{"start":{"line":42,"column":6},"end":{"line":42,"column":70}}]},"4":{"loc":{"start":{"line":52,"column":35},"end":{"line":52,"column":72}},"type":"binary-expr","locations":[{"start":{"line":52,"column":35},"end":{"line":52,"column":54}},{"start":{"line":52,"column":58},"end":{"line":52,"column":72}}]},"5":{"loc":{"start":{"line":54,"column":2},"end":{"line":54,"column":27}},"type":"if","locations":[{"start":{"line":54,"column":2},"end":{"line":54,"column":27}}]},"6":{"loc":{"start":{"line":64,"column":4},"end":{"line":64,"column":75}},"type":"if","locations":[{"start":{"line":64,"column":4},"end":{"line":64,"column":75}}]},"7":{"loc":{"start":{"line":64,"column":8},"end":{"line":64,"column":64}},"type":"binary-expr","locations":[{"start":{"line":64,"column":8},"end":{"line":64,"column":31}},{"start":{"line":64,"column":35},"end":{"line":64,"column":64}}]},"8":{"loc":{"start":{"line":68,"column":4},"end":{"line":71,"column":5}},"type":"if","locations":[{"start":{"line":68,"column":4},"end":{"line":71,"column":5}}]}},"s":{"0":2,"1":13,"2":13,"3":13,"4":11,"5":11,"6":11,"7":6,"8":5,"9":3,"10":2,"11":11,"12":41,"13":11,"14":5,"15":6,"16":6,"17":5,"18":12,"19":9,"20":3,"21":3,"22":3,"23":3,"24":2,"25":2,"26":2,"27":2},"f":{"0":13,"1":11,"2":11,"3":41,"4":5,"5":2},"b":{"0":[11,1],"1":[11,1],"2":[6],"3":[3],"4":[41,28],"5":[5],"6":[9],"7":[12,9],"8":[3]}}
,"D:\\Development\\Typescript\\solito\\src\\ui\\ui-server.ts": {"path":"D:\\Development\\Typescript\\solito\\src\\ui\\ui-server.ts","statementMap":{"0":{"start":{"line":1,"column":0},"end":{"line":1,"column":29}},"1":{"start":{"line":22,"column":39},"end":{"line":22,"column":43}},"2":{"start":{"line":25,"column":4},"end":{"line":25,"column":33}},"3":{"start":{"line":26,"column":4},"end":{"line":26,"column":21}},"4":{"start":{"line":27,"column":4},"end":{"line":27,"column":21}},"5":{"start":{"line":28,"column":4},"end":{"line":28,"column":25}},"6":{"start":{"line":32,"column":4},"end":{"line":45,"column":7}},"7":{"start":{"line":33,"column":6},"end":{"line":35,"column":9}},"8":{"start":{"line":34,"column":8},"end":{"line":34,"column":43}},"9":{"start":{"line":37,"column":6},"end":{"line":39,"column":9}},"10":{"start":{"line":38,"column":8},"end":{"line":38,"column":20}},"11":{"start":{"line":41,"column":6},"end":{"line":44,"column":9}},"12":{"start":{"line":42,"column":8},"end":{"line":42,"column":82}},"13":{"start":{"line":43,"column":8},"end":{"line":43,"column":18}},"14":{"start":{"line":49,"column":4},"end":{"line":59,"column":7}},"15":{"start":{"line":50,"column":6},"end":{"line":53,"column":7}},"16":{"start":{"line":51,"column":8},"end":{"line":51,"column":18}},"17":{"start":{"line":52,"column":8},"end":{"line":52,"column":15}},"18":{"start":{"line":55,"column":6},"end":{"line":58,"column":9}},"19":{"start":{"line":56,"column":8},"end":{"line":56,"column":27}},"20":{"start":{"line":57,"column":8},"end":{"line":57,"column":18}},"21":{"start":{"line":17,"column":0},"end":{"line":17,"column":13}}},"fnMap":{"0":{"name":"(anonymous_9)","decl":{"start":{"line":24,"column":2},"end":{"line":24,"column":14}},"loc":{"start":{"line":24,"column":62},"end":{"line":29,"column":3}}},"1":{"name":"(anonymous_10)","decl":{"start":{"line":31,"column":2},"end":{"line":31,"column":7}},"loc":{"start":{"line":31,"column":13},"end":{"line":46,"column":3}}},"2":{"name":"(anonymous_11)","decl":{"start":{"line":32,"column":23},"end":{"line":32,"column":24}},"loc":{"start":{"line":32,"column":43},"end":{"line":45,"column":5}}},"3":{"name":"(anonymous_12)","decl":{"start":{"line":33,"column":38},"end":{"line":33,"column":39}},"loc":{"start":{"line":33,"column":51},"end":{"line":35,"column":7}}},"4":{"name":"(anonymous_13)","decl":{"start":{"line":37,"column":30},"end":{"line":37,"column":31}},"loc":{"start":{"line":37,"column":38},"end":{"line":39,"column":7}}},"5":{"name":"(anonymous_14)","decl":{"start":{"line":41,"column":47},"end":{"line":41,"column":50}},"loc":{"start":{"line":41,"column":52},"end":{"line":44,"column":7}}},"6":{"name":"(anonymous_15)","decl":{"start":{"line":48,"column":2},"end":{"line":48,"column":7}},"loc":{"start":{"line":48,"column":12},"end":{"line":60,"column":3}}},"7":{"name":"(anonymous_16)","decl":{"start":{"line":49,"column":23},"end":{"line":49,"column":24}},"loc":{"start":{"line":49,"column":35},"end":{"line":59,"column":5}}},"8":{"name":"(anonymous_17)","decl":{"start":{"line":55,"column":24},"end":{"line":55,"column":27}},"loc":{"start":{"line":55,"column":29},"end":{"line":58,"column":7}}}},"branchMap":{"0":{"loc":{"start":{"line":50,"column":6},"end":{"line":53,"column":7}},"type":"if","locations":[{"start":{"line":50,"column":6},"end":{"line":53,"column":7}}]}},"s":{"0":2,"1":7,"2":7,"3":7,"4":7,"5":7,"6":7,"7":7,"8":1,"9":7,"10":1,"11":7,"12":6,"13":6,"14":10,"15":10,"16":3,"17":3,"18":7,"19":7,"20":7,"21":2},"f":{"0":7,"1":7,"2":7,"3":1,"4":1,"5":6,"6":10,"7":10,"8":7},"b":{"0":[3]}}
,"D:\\Development\\Typescript\\solito\\src\\util\\command.ts": {"path":"D:\\Development\\Typescript\\solito\\src\\util\\command.ts","statementMap":{"0":{"start":{"line":3,"column":0},"end":{"line":3,"column":16}},"1":{"start":{"line":1,"column":0},"end":{"line":1,"column":41}},"2":{"start":{"line":4,"column":20},"end":{"line":4,"column":48}},"3":{"start":{"line":5,"column":19},"end":{"line":5,"column":48}},"4":{"start":{"line":7,"column":2},"end":{"line":11,"column":5}},"5":{"start":{"line":8,"column":4},"end":{"line":10,"column":7}},"6":{"start":{"line":9,"column":6},"end":{"line":9,"column":22}}},"fnMap":{"0":{"name":"commandExists","decl":{"start":{"line":3,"column":16},"end":{"line":3,"column":29}},"loc":{"start":{"line":3,"column":45},"end":{"line":12,"column":1}}},"1":{"name":"(anonymous_1)","decl":{"start":{"line":7,"column":21},"end":{"line":7,"column":22}},"loc":{"start":{"line":7,"column":33},"end":{"line":11,"column":3}}},"2":{"name":"(anonymous_2)","decl":{"start":{"line":8,"column":57},"end":{"line":8,"column":58}},"loc":{"start":{"line":8,"column":67},"end":{"line":10,"column":5}}}},"branchMap":{"0":{"loc":{"start":{"line":5,"column":19},"end":{"line":5,"column":48}},"type":"cond-expr","locations":[{"start":{"line":5,"column":31},"end":{"line":5,"column":38}},{"start":{"line":5,"column":41},"end":{"line":5,"column":48}}]}},"s":{"0":5,"1":5,"2":4,"3":4,"4":4,"5":4,"6":4},"f":{"0":4,"1":4,"2":4},"b":{"0":[3,1]}}
,"D:\\Development\\Typescript\\solito\\src\\util\\logger.ts": {"path":"D:\\Development\\Typescript\\solito\\src\\util\\logger.ts","statementMap":{"0":{"start":{"line":9,"column":4},"end":{"line":9,"column":25}},"1":{"start":{"line":13,"column":4},"end":{"line":13,"column":26}},"2":{"start":{"line":17,"column":4},"end":{"line":17,"column":27}},"3":{"start":{"line":7,"column":0},"end":{"line":7,"column":13}}},"fnMap":{"0":{"name":"(anonymous_0)","decl":{"start":{"line":8,"column":2},"end":{"line":8,"column":6}},"loc":{"start":{"line":8,"column":22},"end":{"line":10,"column":3}}},"1":{"name":"(anonymous_1)","decl":{"start":{"line":12,"column":2},"end":{"line":12,"column":6}},"loc":{"start":{"line":12,"column":22},"end":{"line":14,"column":3}}},"2":{"name":"(anonymous_2)","decl":{"start":{"line":16,"column":2},"end":{"line":16,"column":7}},"loc":{"start":{"line":16,"column":23},"end":{"line":18,"column":3}}}},"branchMap":{},"s":{"0":133,"1":1,"2":9,"3":5},"f":{"0":133,"1":1,"2":9},"b":{}}
,"D:\\Development\\Typescript\\solito\\src\\util\\paths.ts": {"path":"D:\\Development\\Typescript\\solito\\src\\util\\paths.ts","statementMap":{"0":{"start":{"line":3,"column":0},"end":{"line":3,"column":16}},"1":{"start":{"line":13,"column":0},"end":{"line":13,"column":16}},"2":{"start":{"line":1,"column":0},"end":{"line":1,"column":29}},"3":{"start":{"line":4,"column":15},"end":{"line":4,"column":75}},"4":{"start":{"line":6,"column":2},"end":{"line":8,"column":3}},"5":{"start":{"line":7,"column":4},"end":{"line":7,"column":77}},"6":{"start":{"line":10,"column":2},"end":{"line":10,"column":36}},"7":{"start":{"line":14,"column":2},"end":{"line":14,"column":45}}},"fnMap":{"0":{"name":"getConfigDir","decl":{"start":{"line":3,"column":16},"end":{"line":3,"column":28}},"loc":{"start":{"line":3,"column":45},"end":{"line":11,"column":1}}},"1":{"name":"getConfigFilePath","decl":{"start":{"line":13,"column":16},"end":{"line":13,"column":33}},"loc":{"start":{"line":13,"column":51},"end":{"line":15,"column":1}}}},"branchMap":{"0":{"loc":{"start":{"line":4,"column":15},"end":{"line":4,"column":75}},"type":"binary-expr","locations":[{"start":{"line":4,"column":15},"end":{"line":4,"column":22}},{"start":{"line":4,"column":26},"end":{"line":4,"column":42}},{"start":{"line":4,"column":46},"end":{"line":4,"column":69}},{"start":{"line":4,"column":73},"end":{"line":4,"column":75}}]},"1":{"loc":{"start":{"line":6,"column":2},"end":{"line":8,"column":3}},"type":"if","locations":[{"start":{"line":6,"column":2},"end":{"line":8,"column":3}}]}},"s":{"0":3,"1":3,"2":3,"3":44,"4":44,"5":2,"6":42,"7":10},"f":{"0":44,"1":10},"b":{"0":[44,42,2,1],"1":[2]}}
,"D:\\Development\\Typescript\\solito\\src\\workspace\\workspace-initializer.ts": {"path":"D:\\Development\\Typescript\\solito\\src\\workspace\\workspace-initializer.ts","statementMap":{"0":{"start":{"line":1,"column":0},"end":{"line":1,"column":29}},"1":{"start":{"line":4,"column":20},"end":{"line":4,"column":29}},"2":{"start":{"line":5,"column":20},"end":{"line":5,"column":33}},"3":{"start":{"line":6,"column":21},"end":{"line":6,"column":31}},"4":{"start":{"line":23,"column":4},"end":{"line":23,"column":33}},"5":{"start":{"line":24,"column":4},"end":{"line":24,"column":19}},"6":{"start":{"line":28,"column":23},"end":{"line":28,"column":55}},"7":{"start":{"line":29,"column":23},"end":{"line":29,"column":57}},"8":{"start":{"line":31,"column":4},"end":{"line":31,"column":53}},"9":{"start":{"line":33,"column":25},"end":{"line":33,"column":65}},"10":{"start":{"line":35,"column":4},"end":{"line":37,"column":5}},"11":{"start":{"line":36,"column":6},"end":{"line":36,"column":54}},"12":{"start":{"line":41,"column":23},"end":{"line":45,"column":null}},"13":{"start":{"line":48,"column":4},"end":{"line":48,"column":53}},"14":{"start":{"line":49,"column":4},"end":{"line":49,"column":22}},"15":{"start":{"line":18,"column":0},"end":{"line":18,"column":13}}},"fnMap":{"0":{"name":"(anonymous_9)","decl":{"start":{"line":22,"column":2},"end":{"line":22,"column":14}},"loc":{"start":{"line":22,"column":59},"end":{"line":25,"column":3}}},"1":{"name":"(anonymous_10)","decl":{"start":{"line":27,"column":2},"end":{"line":27,"column":7}},"loc":{"start":{"line":27,"column":24},"end":{"line":38,"column":3}}},"2":{"name":"(anonymous_11)","decl":{"start":{"line":40,"column":2},"end":{"line":40,"column":7}},"loc":{"start":{"line":40,"column":44},"end":{"line":50,"column":3}}}},"branchMap":{"0":{"loc":{"start":{"line":35,"column":4},"end":{"line":37,"column":5}},"type":"if","locations":[{"start":{"line":35,"column":4},"end":{"line":37,"column":5}}]}},"s":{"0":1,"1":1,"2":1,"3":1,"4":3,"5":3,"6":2,"7":2,"8":2,"9":2,"10":2,"11":1,"12":1,"13":1,"14":1,"15":1},"f":{"0":3,"1":2,"2":1},"b":{"0":[1]}}
}
