TN:
SF:src\args.ts
FN:32,listBuiltInSubcommands
FN:36,parseArgs
FN:76,createDefaultRunArgState
FN:88,handleValueFlag
FN:111,buildValueFlagDefs
FN:113,(anonymous_5)
FN:114,(anonymous_6)
FN:115,(anonymous_7)
FN:116,(anonymous_8)
FN:117,(anonymous_9)
FN:121,processBooleanFlag
FN:139,processRunFlag
FN:153,parseRunArgs
FN:189,parseUiArgs
FN:214,splitAtDoubleDash
FN:227,requireNextArg
FN:236,printUsage
FN:239,(anonymous_17)
FNF:18
FNH:18
FNDA:1,listBuiltInSubcommands
FNDA:38,parseArgs
FNDA:28,createDefaultRunArgState
FNDA:163,handleValueFlag
FNDA:41,buildValueFlagDefs
FNDA:5,(anonymous_5)
FNDA:3,(anonymous_6)
FNDA:4,(anonymous_7)
FNDA:1,(anonymous_8)
FNDA:1,(anonymous_9)
FNDA:48,processBooleanFlag
FNDA:48,processRunFlag
FNDA:28,parseRunArgs
FNDA:5,parseUiArgs
FNDA:28,splitAtDoubleDash
FNDA:14,requireNextArg
FNDA:1,printUsage
FNDA:4,(anonymous_17)
DA:1,1
DA:2,1
DA:30,1
DA:32,1
DA:33,1
DA:36,1
DA:37,38
DA:39,38
DA:40,1
DA:43,37
DA:45,37
DA:46,1
DA:49,36
DA:50,5
DA:53,31
DA:54,3
DA:57,28
DA:58,8
DA:62,20
DA:77,28
DA:92,163
DA:93,12
DA:94,11
DA:97,151
DA:98,3
DA:99,3
DA:102,148
DA:112,41
DA:113,5
DA:114,3
DA:115,4
DA:116,1
DA:117,1
DA:122,48
DA:123,3
DA:124,3
DA:127,45
DA:128,2
DA:129,2
DA:132,43
DA:133,2
DA:136,41
DA:140,48
DA:142,48
DA:144,41
DA:145,163
DA:147,162
DA:150,26
DA:154,28
DA:155,28
DA:157,28
DA:158,48
DA:159,48
DA:161,47
DA:162,2
DA:165,45
DA:166,19
DA:167,26
DA:168,1
DA:169,1
DA:171,25
DA:175,24
DA:177,24
DA:178,2
DA:179,2
DA:182,22
DA:190,5
DA:191,5
DA:193,5
DA:194,6
DA:196,6
DA:197,1
DA:198,1
DA:199,5
DA:200,1
DA:201,4
DA:202,1
DA:203,1
DA:204,3
DA:205,1
DA:206,2
DA:207,2
DA:211,3
DA:215,28
DA:217,28
DA:218,25
DA:221,3
DA:228,14
DA:229,1
DA:230,1
DA:233,13
DA:236,1
DA:237,1
DA:238,1
DA:239,4
DA:241,1
LF:96
LH:96
BRDA:39,0,0,1
BRDA:45,1,0,1
BRDA:49,2,0,5
BRDA:53,3,0,3
BRDA:53,4,0,31
BRDA:53,4,1,30
BRDA:53,4,2,29
BRDA:57,5,0,8
BRDA:92,6,0,12
BRDA:97,7,0,3
BRDA:122,8,0,3
BRDA:122,9,0,48
BRDA:122,9,1,47
BRDA:127,10,0,2
BRDA:132,11,0,2
BRDA:132,12,0,43
BRDA:132,12,1,42
BRDA:142,13,0,7
BRDA:147,14,0,14
BRDA:161,15,0,2
BRDA:161,16,0,47
BRDA:161,16,1,21
BRDA:165,17,0,19
BRDA:165,17,1,26
BRDA:167,18,0,1
BRDA:167,18,1,25
BRDA:177,19,0,2
BRDA:196,20,0,1
BRDA:196,20,1,5
BRDA:199,21,0,1
BRDA:199,21,1,4
BRDA:201,22,0,1
BRDA:201,22,1,3
BRDA:204,23,0,1
BRDA:204,23,1,2
BRDA:206,24,0,2
BRDA:206,25,0,2
BRDA:206,25,1,1
BRDA:217,26,0,25
BRDA:228,27,0,1
BRF:40
BRH:40
end_of_record
TN:
SF:src\constants.ts
FNF:0
FNH:0
DA:1,7
DA:2,7
DA:3,7
DA:4,7
DA:6,7
DA:17,7
LF:6
LH:6
BRF:0
BRH:0
end_of_record
TN:
SF:src\agents\claude.ts
FN:33,(anonymous_9)
FN:41,(anonymous_10)
FN:55,(anonymous_11)
FN:70,(anonymous_12)
FN:74,(anonymous_13)
FN:97,(anonymous_14)
FN:114,(anonymous_15)
FN:129,(anonymous_16)
FN:138,(anonymous_17)
FN:174,containsMarker
FN:181,(anonymous_19)
FN:188,isStreamTextDelta
FN:203,redactLongArgs
FNF:13
FNH:13
FNDA:25,(anonymous_9)
FNDA:21,(anonymous_10)
FNDA:9,(anonymous_11)
FNDA:2,(anonymous_12)
FNDA:21,(anonymous_13)
FNDA:21,(anonymous_14)
FNDA:21,(anonymous_15)
FNDA:21,(anonymous_16)
FNDA:9,(anonymous_17)
FNDA:9,containsMarker
FNDA:2,(anonymous_19)
FNDA:9,isStreamTextDelta
FNDA:9,redactLongArgs
DA:7,3
DA:8,3
DA:9,3
DA:10,3
DA:11,3
DA:22,3
DA:24,3
DA:25,25
DA:34,25
DA:35,25
DA:36,25
DA:37,25
DA:38,25
DA:42,21
DA:44,21
DA:46,21
DA:52,21
DA:55,9
DA:59,21
DA:60,21
DA:62,21
DA:71,2
DA:75,21
DA:77,21
DA:86,21
DA:87,21
DA:90,21
DA:91,1
DA:94,21
DA:98,21
DA:99,1
DA:102,20
DA:107,20
DA:108,5
DA:111,20
DA:115,21
DA:117,21
DA:119,21
DA:130,21
DA:131,16
DA:134,5
DA:135,5
DA:139,9
DA:140,1
DA:143,9
DA:145,9
DA:146,3
DA:149,6
DA:151,6
DA:152,1
DA:155,5
DA:156,1
DA:157,1
DA:158,4
DA:159,2
DA:160,2
DA:171,3
DA:172,3
DA:175,9
DA:176,5
DA:179,4
DA:180,2
DA:181,2
DA:185,2
DA:191,9
DA:192,2
DA:195,7
DA:196,7
DA:203,3
DA:204,9
DA:206,9
DA:207,55
DA:209,55
DA:210,7
DA:211,7
DA:212,7
DA:215,7
DA:216,7
DA:217,7
DA:220,48
DA:223,9
LF:81
LH:81
BRDA:37,0,0,25
BRDA:37,0,1,19
BRDA:38,1,0,25
BRDA:38,1,1,18
BRDA:86,2,0,21
BRDA:90,3,0,1
BRDA:98,4,0,1
BRDA:107,5,0,5
BRDA:107,6,0,20
BRDA:107,6,1,5
BRDA:115,7,0,21
BRDA:115,7,1,20
BRDA:117,8,0,1
BRDA:117,8,1,20
BRDA:130,9,0,16
BRDA:130,10,0,21
BRDA:130,10,1,5
BRDA:139,11,0,1
BRDA:139,12,0,9
BRDA:139,12,1,1
BRDA:145,13,0,3
BRDA:151,14,0,1
BRDA:155,15,0,1
BRDA:155,15,1,4
BRDA:158,16,0,2
BRDA:175,17,0,5
BRDA:179,18,0,2
BRDA:181,19,0,2
BRDA:181,19,1,2
BRDA:191,20,0,2
BRDA:197,21,0,7
BRDA:197,21,1,5
BRDA:197,21,2,5
BRDA:209,22,0,7
BRDA:209,23,0,55
BRDA:209,23,1,7
BRDA:212,24,0,6
BRDA:212,24,1,1
BRDA:220,25,0,1
BRDA:220,25,1,47
BRF:40
BRH:40
end_of_record
TN:
SF:src\agents\codex.ts
FN:8,(anonymous_0)
FN:10,(anonymous_1)
FN:21,(anonymous_2)
FNF:3
FNH:3
FNDA:8,(anonymous_0)
FNDA:5,(anonymous_1)
FNDA:1,(anonymous_2)
DA:3,3
DA:5,3
DA:6,8
DA:8,8
DA:11,5
DA:13,5
DA:14,1
DA:17,5
DA:18,5
DA:22,1
LF:10
LH:10
BRDA:13,0,0,1
BRF:1
BRH:1
end_of_record
TN:
SF:src\agents\prompt-builder.ts
FN:12,buildSystemPrompt
FN:38,buildAutonomousAgentSection
FN:87,buildWorkDirSection
FN:101,buildToolCheckSection
FN:140,buildProgressFileSection
FN:164,buildMetricsLogSection
FN:181,buildLoopSummarySection
FN:214,buildTaskSection
FNF:8
FNH:8
FNDA:42,buildSystemPrompt
FNDA:42,buildAutonomousAgentSection
FNDA:3,buildWorkDirSection
FNDA:1,buildToolCheckSection
FNDA:42,buildProgressFileSection
FNDA:42,buildMetricsLogSection
FNDA:42,buildLoopSummarySection
FNDA:42,buildTaskSection
DA:1,4
DA:12,4
DA:13,42
DA:14,42
DA:16,42
DA:18,42
DA:19,3
DA:22,42
DA:23,1
DA:26,42
DA:27,42
DA:28,42
DA:29,42
DA:31,42
DA:32,3
DA:35,42
DA:39,42
DA:88,3
DA:102,1
DA:141,42
DA:142,39
DA:150,3
DA:165,42
DA:166,39
DA:169,3
DA:182,42
DA:215,42
LF:27
LH:27
BRDA:18,0,0,3
BRDA:22,1,0,1
BRDA:31,2,0,3
BRDA:141,3,0,39
BRDA:165,4,0,39
BRF:5
BRH:5
end_of_record
TN:
SF:src\agents\registry.ts
FN:19,registerAgent
FN:23,getAgent
FN:34,listAgentNames
FN:38,stdoutWrite
FN:42,registerBuiltinAgents
FN:49,(anonymous_5)
FN:63,(anonymous_6)
FNF:7
FNH:7
FNDA:5,registerAgent
FNDA:4,getAgent
FNDA:4,listAgentNames
FNDA:1,stdoutWrite
FNDA:2,registerBuiltinAgents
FNDA:1,(anonymous_5)
FNDA:1,(anonymous_6)
DA:2,2
DA:3,2
DA:4,2
DA:5,2
DA:6,2
DA:7,2
DA:8,2
DA:9,2
DA:17,2
DA:19,2
DA:20,5
DA:23,2
DA:24,4
DA:26,4
DA:27,1
DA:28,1
DA:31,3
DA:34,2
DA:35,4
DA:38,2
DA:39,1
DA:43,2
DA:44,2
DA:45,2
DA:47,2
DA:49,2
DA:50,1
DA:63,2
DA:66,2
LF:29
LH:29
BRDA:26,0,0,1
BRF:1
BRH:1
end_of_record
TN:
SF:src\commands\command-resolver.ts
FN:27,(anonymous_0)
FN:33,(anonymous_1)
FN:56,(anonymous_2)
FNF:3
FNH:3
FNDA:7,(anonymous_0)
FNDA:7,(anonymous_1)
FNDA:4,(anonymous_2)
DA:22,1
DA:28,7
DA:29,7
DA:30,7
DA:34,7
DA:36,7
DA:37,3
DA:40,4
DA:42,4
DA:43,3
DA:44,3
DA:45,3
DA:47,3
DA:48,1
DA:49,1
DA:53,3
DA:60,4
DA:65,4
DA:67,3
DA:72,3
LF:20
LH:20
BRDA:30,0,0,7
BRDA:30,0,1,1
BRDA:36,1,0,3
BRDA:42,2,0,3
BRDA:47,3,0,1
BRDA:47,4,0,3
BRDA:47,4,1,1
BRF:7
BRH:7
end_of_record
TN:
SF:src\commands\config-command.ts
FN:11,executeConfigCommand
FNF:1
FNH:1
FNDA:3,executeConfigCommand
DA:1,1
DA:11,1
DA:12,3
DA:13,3
DA:14,3
DA:16,3
DA:17,2
DA:19,2
DA:20,1
DA:21,1
DA:23,1
DA:27,3
LF:12
LH:12
BRDA:16,0,0,2
BRDA:19,1,0,1
BRDA:19,1,1,1
BRF:3
BRH:3
end_of_record
TN:
SF:src\commands\run-command.ts
FN:12,isWindows
FN:64,executeRunCommand
FN:93,buildLoopContext
FN:117,runLoop
FN:159,runSingleIteration
FN:189,processIterationResult
FN:225,handleExitCode
FN:255,logIterationStart
FN:279,buildRunOptions
FN:289,getProgressFilePath
FN:299,buildStopPrompt
FN:323,buildContinuationPrompt
FN:341,readProgressFile
FN:356,logAgentError
FN:366,cleanupProgressFile
FN:378,getTimeoutMs
FN:395,writeStdinMessage
FN:416,buildWarningText
FN:445,setupTimeoutWarnings
FN:449,(anonymous_28)
FN:461,(anonymous_29)
FN:474,(anonymous_30)
FN:485,(anonymous_31)
FN:493,(anonymous_32)
FN:493,(anonymous_33)
FN:503,writeLoopTransition
FN:511,writeInterruptBanner
FN:518,writeStopBanner
FN:525,writeUserPrompt
FN:532,setupMinuteTicker
FN:535,(anonymous_39)
FN:544,(anonymous_40)
FN:547,formatElapsed
FN:559,formatTime
FN:575,setupSignalForwarding
FN:579,(anonymous_44)
FN:600,(anonymous_45)
FN:613,(anonymous_46)
FN:625,isInterruptExitCode
FNF:39
FNH:39
FNDA:134,isWindows
FNDA:39,executeRunCommand
FNDA:39,buildLoopContext
FNDA:38,runLoop
FNDA:67,runSingleIteration
FNDA:67,processIterationResult
FNDA:55,handleExitCode
FNDA:67,logIterationStart
FNDA:67,buildRunOptions
FNDA:39,getProgressFilePath
FNDA:3,buildStopPrompt
FNDA:52,buildContinuationPrompt
FNDA:55,readProgressFile
FNDA:13,logAgentError
FNDA:38,cleanupProgressFile
FNDA:39,getTimeoutMs
FNDA:23,writeStdinMessage
FNDA:23,buildWarningText
FNDA:67,setupTimeoutWarnings
FNDA:45,(anonymous_28)
FNDA:8,(anonymous_29)
FNDA:8,(anonymous_30)
FNDA:7,(anonymous_31)
FNDA:22,(anonymous_32)
FNDA:62,(anonymous_33)
FNDA:19,writeLoopTransition
FNDA:5,writeInterruptBanner
FNDA:3,writeStopBanner
FNDA:10,writeUserPrompt
FNDA:67,setupMinuteTicker
FNDA:141,(anonymous_39)
FNDA:67,(anonymous_40)
FNDA:168,formatElapsed
FNDA:141,formatTime
FNDA:67,setupSignalForwarding
FNDA:8,(anonymous_44)
FNDA:1,(anonymous_45)
FNDA:67,(anonymous_46)
FNDA:65,isInterruptExitCode
DA:5,1
DA:6,1
DA:7,1
DA:8,1
DA:9,1
DA:10,1
DA:13,134
DA:15,1
DA:17,1
DA:19,1
DA:20,1
DA:21,1
DA:64,1
DA:65,39
DA:67,39
DA:69,39
DA:70,1
DA:71,1
DA:74,38
DA:75,38
DA:77,38
DA:86,38
DA:87,38
DA:89,38
DA:94,39
DA:95,39
DA:97,39
DA:118,38
DA:119,93
DA:120,26
DA:121,26
DA:124,67
DA:125,67
DA:127,67
DA:129,67
DA:131,58
DA:133,55
DA:135,52
DA:142,52
DA:143,52
DA:146,3
DA:147,3
DA:150,3
DA:160,67
DA:165,67
DA:166,67
DA:167,67
DA:169,67
DA:170,67
DA:174,67
DA:178,67
DA:180,67
DA:181,67
DA:183,67
DA:184,67
DA:185,67
DA:194,67
DA:196,67
DA:197,3
DA:198,3
DA:201,64
DA:202,3
DA:203,3
DA:204,3
DA:205,3
DA:208,61
DA:209,3
DA:212,58
DA:213,2
DA:214,2
DA:217,56
DA:218,1
DA:219,1
DA:222,55
DA:232,55
DA:233,55
DA:235,55
DA:236,13
DA:238,13
DA:239,2
DA:242,11
DA:244,11
DA:245,1
DA:246,1
DA:249,42
DA:252,52
DA:256,67
DA:257,3
DA:258,64
DA:259,7
DA:260,57
DA:261,38
DA:263,19
DA:266,67
DA:267,10
DA:280,67
DA:290,39
DA:291,39
DA:300,3
DA:302,3
DA:303,2
DA:306,1
DA:324,52
DA:325,52
DA:326,52
DA:328,52
DA:329,50
DA:332,2
DA:342,55
DA:343,55
DA:345,55
DA:346,37
DA:349,18
DA:350,17
DA:352,1
DA:357,13
DA:359,13
DA:361,13
DA:362,5
DA:367,38
DA:368,38
DA:370,38
DA:371,16
DA:379,39
DA:380,28
DA:383,11
DA:386,1
DA:387,1
DA:396,23
DA:398,23
DA:399,3
DA:402,20
DA:407,20
DA:408,3
DA:411,20
DA:417,23
DA:419,23
DA:420,8
DA:427,15
DA:428,8
DA:434,7
DA:446,67
DA:448,67
DA:449,45
DA:452,22
DA:453,22
DA:455,22
DA:456,22
DA:457,22
DA:458,22
DA:460,22
DA:461,18
DA:462,8
DA:463,8
DA:468,8
DA:469,8
DA:473,22
DA:474,22
DA:475,8
DA:476,8
DA:480,8
DA:481,8
DA:485,22
DA:486,7
DA:487,7
DA:488,7
DA:489,7
DA:490,7
DA:493,62
DA:504,19
DA:505,19
DA:506,19
DA:507,19
DA:508,19
DA:512,5
DA:513,5
DA:514,5
DA:515,5
DA:519,3
DA:520,3
DA:521,3
DA:522,3
DA:526,10
DA:527,10
DA:528,10
DA:529,10
DA:533,67
DA:535,67
DA:536,141
DA:537,141
DA:538,141
DA:539,141
DA:540,141
DA:541,141
DA:544,67
DA:548,168
DA:549,168
DA:550,168
DA:552,168
DA:553,3
DA:556,165
DA:560,141
DA:561,141
DA:562,141
DA:563,141
DA:573,1
DA:576,67
DA:577,67
DA:579,67
DA:580,8
DA:581,8
DA:583,8
DA:584,5
DA:585,5
DA:586,5
DA:587,5
DA:590,3
DA:591,1
DA:594,2
DA:595,2
DA:596,2
DA:597,2
DA:600,67
DA:601,1
DA:602,1
DA:603,1
DA:604,1
DA:607,67
DA:609,67
DA:610,1
DA:613,67
DA:614,67
DA:616,67
DA:617,1
DA:622,1
DA:623,1
DA:626,65
LF:237
LH:237
BRDA:69,0,0,1
BRDA:74,1,0,38
BRDA:74,1,1,27
BRDA:75,2,0,38
BRDA:75,2,1,27
BRDA:94,3,0,39
BRDA:94,3,1,22
BRDA:95,4,0,39
BRDA:95,4,1,14
BRDA:108,5,0,39
BRDA:108,5,1,38
BRDA:109,6,0,39
BRDA:109,6,1,38
BRDA:119,7,0,26
BRDA:119,8,0,93
BRDA:119,8,1,93
BRDA:119,8,2,26
BRDA:129,9,0,9
BRDA:131,10,0,3
BRDA:133,11,0,3
BRDA:146,12,0,3
BRDA:169,13,0,2
BRDA:169,13,1,65
BRDA:196,14,0,3
BRDA:201,15,0,3
BRDA:201,16,0,64
BRDA:201,16,1,6
BRDA:208,17,0,3
BRDA:208,18,0,61
BRDA:208,18,1,3
BRDA:212,19,0,2
BRDA:212,20,0,58
BRDA:212,20,1,8
BRDA:217,21,0,1
BRDA:232,22,0,55
BRDA:232,22,1,7
BRDA:233,23,0,8
BRDA:233,23,1,47
BRDA:233,24,0,55
BRDA:233,24,1,53
BRDA:235,25,0,13
BRDA:235,25,1,42
BRDA:238,26,0,2
BRDA:244,27,0,1
BRDA:256,28,0,3
BRDA:256,28,1,64
BRDA:256,29,0,67
BRDA:256,29,1,10
BRDA:258,30,0,7
BRDA:258,30,1,57
BRDA:260,31,0,38
BRDA:260,31,1,19
BRDA:266,32,0,10
BRDA:290,33,0,39
BRDA:290,33,1,39
BRDA:302,34,0,2
BRDA:325,35,0,7
BRDA:325,35,1,45
BRDA:328,36,0,50
BRDA:345,37,0,37
BRDA:350,38,0,17
BRDA:350,38,1,14
BRDA:361,39,0,5
BRDA:370,40,0,16
BRDA:379,41,0,28
BRDA:398,42,0,3
BRDA:398,43,0,23
BRDA:398,43,1,23
BRDA:407,44,0,3
BRDA:419,45,0,8
BRDA:427,46,0,8
BRDA:448,47,0,45
BRDA:460,48,0,18
BRDA:473,49,0,22
BRDA:473,50,0,22
BRDA:473,50,1,22
BRDA:552,51,0,3
BRDA:583,52,0,5
BRDA:590,53,0,1
BRDA:609,54,0,1
BRDA:616,55,0,1
BRDA:626,56,0,65
BRDA:626,56,1,52
BRF:83
BRH:83
end_of_record
TN:
SF:src\commands\ui-command.ts
FN:10,ignoreStopError
FN:22,executeUiCommand
FN:48,(anonymous_2)
FN:49,(anonymous_3)
FNF:4
FNH:4
FNDA:2,ignoreStopError
FNDA:2,executeUiCommand
FNDA:2,(anonymous_2)
FNDA:3,(anonymous_3)
DA:1,1
DA:2,1
DA:3,1
DA:4,1
DA:5,1
DA:6,1
DA:10,1
DA:22,1
DA:23,2
DA:24,2
DA:25,2
DA:26,2
DA:28,2
DA:37,2
DA:39,2
DA:46,2
DA:48,2
DA:49,2
DA:50,3
DA:51,3
DA:52,3
DA:55,2
DA:56,2
LF:23
LH:23
BRF:0
BRH:0
end_of_record
TN:
SF:src\config\config-merger.ts
FN:3,mergeProjectConfig
FNF:1
FNH:1
FNDA:9,mergeProjectConfig
DA:3,2
DA:7,9
LF:2
LH:2
BRDA:8,0,0,9
BRDA:8,0,1,7
BRDA:11,1,0,9
BRDA:11,1,1,7
BRDA:13,2,0,9
BRDA:13,2,1,9
BRDA:15,3,0,9
BRDA:15,3,1,9
BRF:8
BRH:8
end_of_record
TN:
SF:src\config\config-schema.ts
FN:14,(anonymous_0)
FN:42,validateConfig
FN:50,(anonymous_2)
FNF:3
FNH:3
FNDA:1,(anonymous_0)
FNDA:14,validateConfig
FNDA:6,(anonymous_2)
DA:1,2
DA:3,2
DA:8,2
DA:14,2
DA:15,1
DA:21,2
DA:27,2
DA:42,2
DA:43,14
DA:45,14
DA:46,9
DA:49,5
DA:50,6
DA:53,5
LF:14
LH:14
BRDA:45,0,0,9
BRF:1
BRH:1
end_of_record
TN:
SF:src\config\default-config.ts
FN:3,listBuiltInCommandNames
FN:8,createDefaultConfig
FN:57,mergeWithDefaults
FNF:3
FNH:3
FNDA:3,listBuiltInCommandNames
FNDA:22,createDefaultConfig
FNDA:13,mergeWithDefaults
DA:3,3
DA:4,3
DA:5,3
DA:8,3
DA:9,22
DA:57,3
DA:58,13
DA:60,13
LF:8
LH:8
BRDA:61,0,0,13
BRDA:61,0,1,4
BRDA:64,1,0,13
BRDA:64,1,1,9
BRDA:66,2,0,13
BRDA:66,2,1,13
BRDA:68,3,0,13
BRDA:68,3,1,13
BRF:8
BRH:8
end_of_record
TN:
SF:src\config\project-config-loader.ts
FN:22,(anonymous_9)
FN:27,(anonymous_10)
FNF:2
FNH:2
FNDA:3,(anonymous_9)
FNDA:3,(anonymous_10)
DA:1,1
DA:2,1
DA:6,1
DA:7,1
DA:18,1
DA:23,3
DA:24,3
DA:28,3
DA:30,3
DA:31,1
DA:34,2
DA:35,2
LF:12
LH:12
BRDA:30,0,0,1
BRF:1
BRH:1
end_of_record
TN:
SF:src\config\yaml-config-loader.ts
FN:25,(anonymous_0)
FN:33,(anonymous_1)
FN:46,(anonymous_2)
FN:69,(anonymous_3)
FN:77,(anonymous_4)
FNF:5
FNH:5
FNDA:9,(anonymous_0)
FNDA:9,(anonymous_1)
FNDA:9,(anonymous_2)
FNDA:1,(anonymous_3)
FNDA:8,(anonymous_4)
DA:1,1
DA:4,1
DA:5,1
DA:6,1
DA:7,1
DA:9,1
DA:18,1
DA:26,9
DA:27,9
DA:28,9
DA:29,9
DA:30,9
DA:34,9
DA:37,9
DA:38,1
DA:40,8
DA:43,9
DA:47,9
DA:48,6
DA:51,3
DA:53,3
DA:54,1
DA:57,2
DA:58,2
DA:60,2
DA:61,1
DA:66,2
DA:70,1
DA:71,1
DA:72,1
DA:73,1
DA:74,1
DA:78,8
DA:79,8
DA:80,8
DA:82,8
DA:84,8
DA:85,1
DA:86,1
DA:89,8
LF:40
LH:40
BRDA:29,0,0,9
BRDA:29,0,1,6
BRDA:37,1,0,1
BRDA:37,1,1,8
BRDA:47,2,0,6
BRDA:53,3,0,1
BRDA:60,4,0,1
BRDA:84,5,0,1
BRF:8
BRH:8
end_of_record
TN:
SF:src\filesystem\default-filesystem.ts
FN:4,isEnoentError
FN:9,(anonymous_10)
FN:13,(anonymous_11)
FN:17,(anonymous_12)
FN:30,(anonymous_13)
FN:34,(anonymous_14)
FN:37,(anonymous_15)
FN:37,(anonymous_16)
FNF:8
FNH:8
FNDA:5,isEnoentError
FNDA:15,(anonymous_10)
FNDA:14,(anonymous_11)
FNDA:31,(anonymous_12)
FNDA:1,(anonymous_13)
FNDA:3,(anonymous_14)
FNDA:3,(anonymous_15)
FNDA:2,(anonymous_16)
DA:1,2
DA:5,5
DA:8,2
DA:10,15
DA:14,14
DA:18,31
DA:19,31
DA:20,28
DA:22,3
DA:23,1
DA:26,2
DA:31,1
DA:35,3
DA:36,3
DA:37,3
DA:39,2
DA:40,1
DA:43,1
LF:18
LH:18
BRDA:5,0,0,5
BRDA:5,0,1,4
BRDA:5,0,2,4
BRDA:22,1,0,1
BRDA:39,2,0,1
BRF:5
BRH:5
end_of_record
TN:
SF:src\interpolation\variable-resolver.ts
FN:18,(anonymous_9)
FN:23,(anonymous_10)
FN:24,(anonymous_11)
FN:33,(anonymous_12)
FN:60,resolveEnvVar
FN:65,getNestedValue
FN:94,findSolitoRootDir
FNF:7
FNH:7
FNDA:5,(anonymous_9)
FNDA:14,(anonymous_10)
FNDA:15,(anonymous_11)
FNDA:12,(anonymous_12)
FNDA:3,resolveEnvVar
FNDA:9,getNestedValue
FNDA:3,findSolitoRootDir
DA:1,4
DA:2,4
DA:14,4
DA:19,5
DA:20,5
DA:24,14
DA:25,15
DA:26,3
DA:29,12
DA:38,12
DA:39,5
DA:42,7
DA:43,1
DA:46,6
DA:47,1
DA:50,5
DA:52,5
DA:53,1
DA:56,4
DA:61,3
DA:62,3
DA:65,4
DA:69,9
DA:70,9
DA:72,9
DA:73,14
DA:74,1
DA:78,13
DA:80,13
DA:81,2
DA:84,11
DA:87,6
DA:88,1
DA:91,5
DA:95,3
DA:97,3
DA:98,10
DA:100,10
DA:101,4
DA:102,4
DA:104,3
DA:105,2
DA:112,8
DA:114,8
DA:115,1
DA:118,7
LF:46
LH:46
BRDA:19,0,0,5
BRDA:19,0,1,3
BRDA:20,1,0,5
BRDA:20,1,1,4
BRDA:25,2,0,3
BRDA:38,3,0,5
BRDA:42,4,0,1
BRDA:46,5,0,1
BRDA:52,6,0,1
BRDA:62,7,0,3
BRDA:62,7,1,1
BRDA:73,8,0,1
BRDA:73,9,0,14
BRDA:73,9,1,13
BRDA:80,10,0,2
BRDA:87,11,0,1
BRDA:100,12,0,4
BRDA:104,13,0,2
BRDA:114,14,0,1
BRF:19
BRH:19
end_of_record
TN:
SF:src\metrics\metrics-reporter.ts
FN:32,(anonymous_9)
FN:38,(anonymous_10)
FN:39,(anonymous_11)
FN:47,(anonymous_12)
FN:53,(anonymous_13)
FN:61,(anonymous_14)
FN:64,(anonymous_15)
FN:76,(anonymous_16)
FN:84,(anonymous_17)
FNF:9
FNH:9
FNDA:6,(anonymous_9)
FNDA:2,(anonymous_10)
FNDA:2,(anonymous_11)
FNDA:1,(anonymous_12)
FNDA:1,(anonymous_13)
FNDA:4,(anonymous_14)
FNDA:4,(anonymous_15)
FNDA:3,(anonymous_16)
FNDA:1,(anonymous_17)
DA:1,1
DA:27,1
DA:33,6
DA:34,6
DA:35,6
DA:39,2
DA:40,2
DA:48,1
DA:49,1
DA:53,2
DA:54,1
DA:57,2
DA:62,4
DA:64,4
DA:65,4
DA:77,3
DA:78,3
DA:79,3
DA:80,3
DA:84,4
DA:85,1
DA:86,1
DA:89,4
DA:90,4
LF:24
LH:24
BRDA:78,0,0,3
BRDA:78,0,1,2
BRDA:78,0,2,1
BRDA:79,1,0,2
BRDA:79,1,1,1
BRF:5
BRH:5
end_of_record
TN:
SF:src\metrics\metrics-watcher.ts
FN:33,(anonymous_0)
FN:44,(anonymous_1)
FN:46,(anonymous_2)
FN:49,(anonymous_3)
FN:56,(anonymous_4)
FN:71,(anonymous_5)
FN:87,(anonymous_6)
FN:106,(anonymous_7)
FN:107,(anonymous_8)
FN:117,(anonymous_9)
FNF:10
FNH:10
FNDA:18,(anonymous_0)
FNDA:18,(anonymous_1)
FNDA:3,(anonymous_2)
FNDA:19,(anonymous_3)
FNDA:21,(anonymous_4)
FNDA:43,(anonymous_5)
FNDA:15,(anonymous_6)
FNDA:15,(anonymous_7)
FNDA:45,(anonymous_8)
FNDA:15,(anonymous_9)
DA:21,1
DA:30,18
DA:31,18
DA:34,18
DA:35,18
DA:36,18
DA:37,18
DA:38,18
DA:39,18
DA:40,18
DA:41,18
DA:45,18
DA:46,18
DA:50,19
DA:51,18
DA:52,18
DA:57,21
DA:58,21
DA:60,19
DA:61,4
DA:64,15
DA:65,15
DA:67,15
DA:68,1
DA:71,43
DA:72,14
DA:73,14
DA:75,14
DA:76,16
DA:78,15
DA:79,15
DA:82,2
DA:83,2
DA:88,15
DA:89,15
DA:91,15
DA:93,15
DA:107,45
DA:108,15
DA:110,15
DA:111,46
DA:114,15
DA:121,15
DA:122,15
DA:128,15
DA:129,46
DA:131,15
DA:133,15
DA:134,13
DA:138,15
LF:50
LH:50
BRDA:41,0,0,18
BRDA:41,0,1,1
BRDA:50,1,0,18
BRDA:60,2,0,4
BRDA:67,3,0,1
BRDA:76,4,0,1
BRDA:82,5,0,1
BRDA:82,5,1,1
BRDA:91,6,0,15
BRDA:91,6,1,14
BRDA:91,6,2,13
BRDA:98,7,0,15
BRDA:98,7,1,2
BRDA:98,8,0,15
BRDA:98,8,1,1
BRDA:99,9,0,15
BRDA:99,9,1,1
BRDA:101,10,0,15
BRDA:101,10,1,15
BRDA:101,10,2,14
BRDA:102,11,0,2
BRDA:102,11,1,13
BRDA:111,12,0,46
BRDA:111,12,1,1
BRDA:129,13,0,31
BRDA:133,14,0,13
BRDA:133,15,0,15
BRDA:133,15,1,15
BRDA:133,15,2,14
BRF:29
BRH:29
end_of_record
TN:
SF:src\process\default-spawner.ts
FN:6,(anonymous_0)
FN:14,(anonymous_1)
FN:18,(anonymous_2)
FN:24,(anonymous_3)
FN:30,(anonymous_4)
FN:34,(anonymous_5)
FNF:6
FNH:6
FNDA:5,(anonymous_0)
FNDA:5,(anonymous_1)
FNDA:1,(anonymous_2)
FNDA:1,(anonymous_3)
FNDA:1,(anonymous_4)
FNDA:5,(anonymous_5)
DA:1,3
DA:3,3
DA:5,3
DA:7,5
DA:9,5
DA:14,5
DA:15,5
DA:16,5
DA:18,5
DA:19,1
DA:20,1
DA:21,1
DA:24,5
DA:25,1
DA:26,1
DA:27,1
DA:30,5
DA:31,1
DA:34,5
DA:35,5
DA:43,5
LF:21
LH:21
BRDA:36,0,0,5
BRDA:36,0,1,1
BRF:2
BRH:2
end_of_record
TN:
SF:src\process\default-streaming-spawner.ts
FN:6,(anonymous_0)
FN:16,(anonymous_1)
FN:21,(anonymous_2)
FN:28,(anonymous_3)
FN:34,(anonymous_4)
FN:38,(anonymous_5)
FN:51,(anonymous_6)
FN:62,(anonymous_7)
FNF:8
FNH:8
FNDA:8,(anonymous_0)
FNDA:8,(anonymous_1)
FNDA:4,(anonymous_2)
FNDA:1,(anonymous_3)
FNDA:1,(anonymous_4)
FNDA:8,(anonymous_5)
FNDA:4,(anonymous_6)
FNDA:8,(anonymous_7)
DA:1,3
DA:3,3
DA:5,3
DA:7,8
DA:9,8
DA:11,8
DA:16,8
DA:17,8
DA:18,8
DA:19,8
DA:21,8
DA:22,4
DA:23,4
DA:24,4
DA:25,4
DA:28,8
DA:29,1
DA:30,1
DA:31,1
DA:34,8
DA:35,1
DA:38,8
DA:39,8
DA:40,8
DA:48,8
DA:52,4
DA:53,4
DA:55,4
DA:56,7
DA:59,4
DA:63,8
DA:64,2
LF:32
LH:32
BRDA:7,0,0,8
BRDA:41,1,0,8
BRDA:41,1,1,1
BRDA:63,2,0,2
BRF:4
BRH:4
end_of_record
TN:
SF:src\process\kill-process-tree.ts
FN:3,killProcessTree
FN:16,killWindowsProcessTree
FN:24,killUnixProcessGroup
FNF:3
FNH:3
FNDA:19,killProcessTree
FNDA:14,killWindowsProcessTree
FNDA:3,killUnixProcessGroup
DA:1,5
DA:3,5
DA:4,19
DA:5,2
DA:8,17
DA:9,14
DA:10,14
DA:13,3
DA:17,14
DA:18,14
DA:20,13
DA:25,3
DA:26,3
DA:28,2
LF:14
LH:14
BRDA:4,0,0,2
BRDA:4,1,0,19
BRDA:4,1,1,18
BRDA:8,2,0,14
BRF:4
BRH:4
end_of_record
TN:
SF:src\process\output-buffer.ts
FN:8,(anonymous_0)
FN:12,(anonymous_1)
FN:26,(anonymous_2)
FNF:3
FNH:3
FNDA:30,(anonymous_0)
FNDA:15,(anonymous_1)
FNDA:30,(anonymous_2)
DA:1,5
DA:3,5
DA:4,30
DA:5,30
DA:9,30
DA:13,15
DA:14,1
DA:17,14
DA:18,2
DA:19,2
DA:20,2
DA:23,12
DA:27,30
DA:28,2
DA:31,28
LF:15
LH:15
BRDA:8,0,0,28
BRDA:13,1,0,1
BRDA:17,2,0,2
BRDA:27,3,0,2
BRF:4
BRH:4
end_of_record
TN:
SF:src\stream\formatter.ts
FN:38,(anonymous_0)
FN:44,(anonymous_1)
FN:60,(anonymous_2)
FN:80,(anonymous_3)
FN:94,(anonymous_4)
FN:128,(anonymous_5)
FN:155,(anonymous_6)
FN:173,(anonymous_7)
FN:187,(anonymous_8)
FN:215,(anonymous_9)
FN:229,(anonymous_10)
FN:247,(anonymous_11)
FN:271,(anonymous_12)
FN:276,(anonymous_13)
FN:285,(anonymous_14)
FN:293,indentText
FN:296,(anonymous_16)
FNF:17
FNH:17
FNDA:40,(anonymous_0)
FNDA:60,(anonymous_1)
FNDA:48,(anonymous_2)
FNDA:3,(anonymous_3)
FNDA:18,(anonymous_4)
FNDA:13,(anonymous_5)
FNDA:10,(anonymous_6)
FNDA:3,(anonymous_7)
FNDA:7,(anonymous_8)
FNDA:3,(anonymous_9)
FNDA:9,(anonymous_10)
FNDA:4,(anonymous_11)
FNDA:33,(anonymous_12)
FNDA:30,(anonymous_13)
FNDA:10,(anonymous_14)
FNDA:3,indentText
FNDA:3,(anonymous_16)
DA:10,3
DA:12,3
DA:28,3
DA:29,40
DA:30,40
DA:31,40
DA:32,40
DA:33,40
DA:39,40
DA:40,40
DA:41,40
DA:45,60
DA:46,48
DA:47,48
DA:50,12
DA:51,9
DA:52,9
DA:55,3
DA:56,2
DA:61,48
DA:63,3
DA:64,3
DA:66,18
DA:67,18
DA:69,13
DA:70,13
DA:72,10
DA:73,10
DA:75,3
DA:76,3
DA:81,3
DA:82,1
DA:85,2
DA:87,2
DA:88,1
DA:91,2
DA:95,18
DA:96,18
DA:98,18
DA:99,5
DA:100,5
DA:101,5
DA:104,13
DA:105,2
DA:106,1
DA:107,1
DA:110,2
DA:113,11
DA:114,11
DA:115,11
DA:117,11
DA:118,3
DA:119,3
DA:122,11
DA:123,1
DA:129,13
DA:131,13
DA:132,4
DA:133,2
DA:135,2
DA:138,4
DA:141,9
DA:142,7
DA:143,6
DA:145,1
DA:147,7
DA:150,2
DA:151,1
DA:156,10
DA:157,3
DA:158,3
DA:161,10
DA:162,7
DA:163,7
DA:164,7
DA:167,10
DA:168,10
DA:169,10
DA:170,10
DA:174,3
DA:175,1
DA:178,2
DA:180,2
DA:181,1
DA:184,1
DA:188,7
DA:189,1
DA:192,6
DA:194,6
DA:195,1
DA:198,5
DA:200,5
DA:201,1
DA:202,1
DA:203,1
DA:204,1
DA:207,4
DA:208,4
DA:210,4
DA:211,5
DA:216,3
DA:217,1
DA:220,2
DA:222,2
DA:223,1
DA:226,2
DA:230,9
DA:232,9
DA:233,2
DA:234,2
DA:237,7
DA:238,4
DA:241,7
DA:242,6
DA:243,6
DA:248,4
DA:250,4
DA:251,1
DA:254,4
DA:255,1
DA:258,4
DA:259,1
DA:262,4
DA:263,2
DA:266,4
DA:267,3
DA:272,33
DA:273,33
DA:277,30
DA:278,1
DA:281,29
DA:282,29
DA:286,10
DA:287,10
DA:291,3
DA:294,3
DA:296,3
LF:137
LH:137
BRDA:40,0,0,40
BRDA:40,0,1,22
BRDA:41,1,0,40
BRDA:41,1,1,36
BRDA:45,2,0,48
BRDA:50,3,0,9
BRDA:55,4,0,2
BRDA:55,5,0,3
BRDA:55,5,1,2
BRDA:56,6,0,2
BRDA:56,6,1,1
BRDA:61,7,0,3
BRDA:61,7,1,18
BRDA:61,7,2,13
BRDA:61,7,3,10
BRDA:61,7,4,3
BRDA:81,8,0,1
BRDA:87,9,0,1
BRDA:98,10,0,5
BRDA:104,11,0,2
BRDA:105,12,0,1
BRDA:113,13,0,11
BRDA:117,14,0,3
BRDA:122,15,0,1
BRDA:131,16,0,4
BRDA:132,17,0,2
BRDA:132,17,1,2
BRDA:141,18,0,7
BRDA:142,19,0,6
BRDA:142,19,1,1
BRDA:142,20,0,7
BRDA:142,20,1,7
BRDA:150,21,0,1
BRDA:150,22,0,2
BRDA:150,22,1,2
BRDA:156,23,0,3
BRDA:161,24,0,7
BRDA:174,25,0,1
BRDA:180,26,0,1
BRDA:188,27,0,1
BRDA:188,28,0,7
BRDA:188,28,1,7
BRDA:194,29,0,1
BRDA:200,30,0,1
BRDA:216,31,0,1
BRDA:222,32,0,1
BRDA:232,33,0,2
BRDA:233,34,0,2
BRDA:233,34,1,1
BRDA:237,35,0,4
BRDA:241,36,0,6
BRDA:250,37,0,1
BRDA:254,38,0,1
BRDA:258,39,0,1
BRDA:262,40,0,2
BRDA:266,41,0,3
BRDA:277,42,0,1
BRF:57
BRH:57
end_of_record
TN:
SF:src\stream\markdown-renderer.ts
FN:11,(anonymous_0)
FN:23,(anonymous_1)
FN:33,(anonymous_2)
FN:43,(anonymous_3)
FNF:4
FNH:4
FNDA:5,(anonymous_0)
FNDA:12,(anonymous_1)
FNDA:6,(anonymous_2)
FNDA:19,(anonymous_3)
DA:1,3
DA:2,3
DA:8,3
DA:12,5
DA:13,5
DA:20,5
DA:24,12
DA:26,12
DA:27,1
DA:30,11
DA:34,6
DA:37,6
DA:38,1
DA:41,5
DA:43,5
DA:47,19
DA:49,19
DA:50,4
DA:53,15
LF:19
LH:19
BRDA:17,0,0,5
BRDA:17,0,1,5
BRDA:26,1,0,1
BRDA:37,2,0,1
BRDA:49,3,0,4
BRDA:49,4,0,19
BRDA:49,4,1,4
BRF:7
BRH:7
end_of_record
TN:
SF:src\stream\parser.ts
FN:13,(anonymous_0)
FN:19,(anonymous_1)
FN:23,(anonymous_2)
FNF:3
FNH:3
FNDA:1,(anonymous_0)
FNDA:6,(anonymous_1)
FNDA:11,(anonymous_2)
DA:2,3
DA:12,3
DA:13,1
DA:16,3
DA:20,6
DA:24,11
DA:26,11
DA:27,2
DA:30,9
DA:31,9
DA:33,5
DA:36,5
DA:37,5
LF:13
LH:13
BRDA:20,0,0,6
BRDA:20,0,1,2
BRDA:26,1,0,2
BRDA:33,2,0,1
BRDA:33,2,1,4
BRF:5
BRH:5
end_of_record
TN:
SF:src\stream\tool-formatter.ts
FN:27,isKnownTool
FN:31,formatToolInput
FN:56,formatAgent
FN:68,formatBash
FN:82,formatRead
FN:92,formatGlob
FN:106,isRecord
FNF:7
FNH:7
FNDA:31,isKnownTool
FNDA:20,formatToolInput
FNDA:5,formatAgent
FNDA:3,formatBash
FNDA:2,formatRead
FNDA:2,formatGlob
FNDA:18,isRecord
DA:25,4
DA:27,4
DA:28,31
DA:31,4
DA:32,20
DA:33,20
DA:35,18
DA:36,5
DA:39,13
DA:41,5
DA:43,3
DA:45,2
DA:47,2
DA:49,1
DA:52,2
DA:57,5
DA:58,5
DA:59,5
DA:61,5
DA:62,4
DA:65,5
DA:69,3
DA:71,3
DA:72,2
DA:75,3
DA:76,3
DA:79,3
DA:83,2
DA:85,2
DA:86,1
DA:89,2
DA:93,2
DA:95,2
DA:96,2
DA:99,2
DA:100,1
DA:103,2
DA:107,18
LF:38
LH:38
BRDA:35,0,0,5
BRDA:39,1,0,5
BRDA:39,1,1,3
BRDA:39,1,2,2
BRDA:39,1,3,2
BRDA:39,1,4,1
BRDA:57,2,0,5
BRDA:57,2,1,1
BRDA:61,3,0,4
BRDA:71,4,0,2
BRDA:75,5,0,3
BRDA:85,6,0,1
BRDA:95,7,0,2
BRDA:99,8,0,1
BRDA:107,9,0,18
BRDA:107,9,1,15
BRDA:107,9,2,14
BRF:17
BRH:17
end_of_record
TN:
SF:src\test\mock-agent.ts
FN:4,mockHandle
FN:14,createMockAgent
FN:26,createSequenceMockAgent
FNF:3
FNH:3
FNDA:54,mockHandle
FNDA:12,createMockAgent
FNDA:9,createSequenceMockAgent
DA:2,1
DA:5,54
DA:6,54
DA:14,1
DA:15,12
DA:17,12
DA:26,1
DA:30,9
DA:32,9
DA:33,21
DA:36,9
DA:37,9
DA:39,9
LF:13
LH:13
BRDA:14,0,0,11
BRDA:28,1,0,9
BRF:2
BRH:2
end_of_record
TN:
SF:src\test\mock-child-process.ts
FN:9,createMockChild
FNF:1
FNH:1
FNDA:114,createMockChild
DA:2,3
DA:9,3
DA:10,114
DA:11,114
DA:12,114
DA:13,114
DA:15,114
DA:16,114
DA:18,114
LF:9
LH:9
BRF:0
BRH:0
end_of_record
TN:
SF:src\test\mock-filesystem.ts
FN:3,normalizePath
FN:7,createMockFileSystem
FN:15,(anonymous_2)
FN:24,(anonymous_3)
FN:27,(anonymous_4)
FN:28,(anonymous_5)
FN:29,(anonymous_6)
FNF:7
FNH:7
FNDA:172,normalizePath
FNDA:87,createMockFileSystem
FNDA:31,(anonymous_2)
FNDA:6,(anonymous_3)
FNDA:99,(anonymous_4)
FNDA:4,(anonymous_5)
FNDA:3,(anonymous_6)
DA:4,172
DA:7,8
DA:8,87
DA:10,87
DA:11,33
DA:14,87
DA:16,31
DA:18,31
DA:19,2
DA:22,29
DA:25,6
DA:27,99
DA:30,3
DA:31,3
DA:33,3
DA:34,4
DA:35,4
DA:36,4
DA:38,4
DA:39,4
DA:44,3
LF:21
LH:21
BRDA:7,0,0,41
BRDA:18,1,0,2
BRDA:34,2,0,4
BRDA:38,3,0,4
BRF:4
BRH:4
end_of_record
TN:
SF:src\test\mock-logger.ts
FN:3,createMockLogger
FNF:1
FNH:1
FNDA:73,createMockLogger
DA:3,7
DA:8,73
LF:2
LH:2
BRF:0
BRH:0
end_of_record
TN:
SF:src\ui\metrics-store.ts
FN:33,(anonymous_0)
FN:37,(anonymous_1)
FN:41,(anonymous_2)
FN:42,(anonymous_3)
FN:45,(anonymous_4)
FN:46,(anonymous_5)
FN:49,(anonymous_6)
FNF:7
FNH:7
FNDA:24,(anonymous_0)
FNDA:7,(anonymous_1)
FNDA:2,(anonymous_2)
FNDA:5,(anonymous_3)
FNDA:2,(anonymous_4)
FNDA:5,(anonymous_5)
FNDA:3,(anonymous_6)
DA:30,3
DA:31,29
DA:34,24
DA:38,7
DA:42,5
DA:46,5
DA:50,3
DA:52,3
DA:53,5
DA:55,5
DA:56,1
DA:57,1
DA:59,4
DA:70,3
LF:14
LH:14
BRDA:55,0,0,1
BRDA:55,0,1,4
BRF:2
BRH:2
end_of_record
TN:
SF:src\ui\tsv-parser.ts
FN:10,(anonymous_0)
FN:18,(anonymous_1)
FN:21,(anonymous_2)
FN:22,(anonymous_3)
FN:25,(anonymous_4)
FNF:5
FNH:5
FNDA:7,(anonymous_0)
FNDA:9,(anonymous_1)
FNDA:14,(anonymous_2)
FNDA:32,(anonymous_3)
FNDA:9,(anonymous_4)
DA:9,3
DA:11,7
DA:13,7
DA:14,2
DA:17,5
DA:18,9
DA:22,32
DA:26,9
DA:27,9
DA:29,9
DA:30,21
DA:33,9
LF:12
LH:12
BRDA:13,0,0,2
BRDA:30,1,0,21
BRDA:30,1,1,1
BRF:3
BRH:3
end_of_record
TN:
SF:src\ui\tsv-row-transformer.ts
FN:15,(anonymous_0)
FN:17,(anonymous_1)
FN:20,(anonymous_2)
FN:36,(anonymous_3)
FN:41,(anonymous_4)
FNF:5
FNH:5
FNDA:12,(anonymous_0)
FNDA:14,(anonymous_1)
FNDA:14,(anonymous_2)
FNDA:14,(anonymous_3)
FNDA:14,(anonymous_4)
DA:8,3
DA:14,3
DA:16,12
DA:17,14
DA:23,14
DA:37,14
DA:38,14
DA:42,14
DA:44,14
DA:45,43
DA:47,16
DA:49,16
DA:50,16
DA:54,14
LF:14
LH:14
BRDA:27,0,0,14
BRDA:27,0,1,13
BRDA:27,0,2,12
BRDA:28,1,0,14
BRDA:28,1,1,1
BRDA:28,2,0,14
BRDA:28,2,1,2
BRDA:29,3,0,14
BRDA:29,3,1,8
BRDA:31,4,0,14
BRDA:31,4,1,12
BRDA:31,4,2,10
BRDA:37,5,0,14
BRDA:37,5,1,13
BRDA:38,6,0,2
BRDA:38,6,1,12
BRDA:45,7,0,27
BRDA:49,8,0,16
BRDA:49,9,0,16
BRDA:49,9,1,16
BRDA:49,9,2,16
BRF:21
BRH:21
end_of_record
TN:
SF:src\ui\ui-charts-js.ts
FN:1,buildChartsScript
FN:23,buildStateSection
FN:37,buildChartHelpers
FN:87,buildUtilityFunctions
FN:117,buildNavigationFunctions
FN:171,buildCardBuilders
FN:221,buildSetInstanceInfo
FN:247,buildEnsureStatusCards
FN:263,buildAddNewMetricKeys
FN:294,buildLayoutFunctions
FN:307,buildStatusBadgeAndSummary
FN:334,buildHistoryAndDelta
FN:338,buildHistoryRows
FN:361,buildPaginationState
FN:385,buildPagerControls
FN:411,buildPagerInteraction
FN:452,buildFormatDelta
FN:462,buildIsLowerBetter
FN:480,buildDeltaColor
FN:492,buildDeltaHelpers
FN:496,buildUpdateCurrentValue
FN:506,buildUpdateBaselineDelta
FN:525,buildUpdateLastDelta
FN:543,buildMetricsUpdateHeader
FN:562,buildMetricsUpdateBody
FN:566,buildUpdateStatusAndHistory
FN:586,buildFilterDataMetrics
FN:598,buildExtractMetricSnapshots
FN:619,buildUpdateInstanceMetrics
FN:639,buildInstanceManagement
FN:666,buildDashboardRefresh
FN:714,buildModalHelpers
FN:742,buildModalHandlers
FN:776,buildModalFunctions
FN:780,buildTsvRefresh
FN:824,buildInitSection
FNF:36
FNH:36
FNDA:1,buildChartsScript
FNDA:1,buildStateSection
FNDA:1,buildChartHelpers
FNDA:1,buildUtilityFunctions
FNDA:1,buildNavigationFunctions
FNDA:1,buildCardBuilders
FNDA:1,buildSetInstanceInfo
FNDA:1,buildEnsureStatusCards
FNDA:1,buildAddNewMetricKeys
FNDA:1,buildLayoutFunctions
FNDA:1,buildStatusBadgeAndSummary
FNDA:1,buildHistoryAndDelta
FNDA:1,buildHistoryRows
FNDA:1,buildPaginationState
FNDA:1,buildPagerControls
FNDA:1,buildPagerInteraction
FNDA:1,buildFormatDelta
FNDA:1,buildIsLowerBetter
FNDA:1,buildDeltaColor
FNDA:1,buildDeltaHelpers
FNDA:1,buildUpdateCurrentValue
FNDA:1,buildUpdateBaselineDelta
FNDA:1,buildUpdateLastDelta
FNDA:1,buildMetricsUpdateHeader
FNDA:1,buildMetricsUpdateBody
FNDA:1,buildUpdateStatusAndHistory
FNDA:1,buildFilterDataMetrics
FNDA:1,buildExtractMetricSnapshots
FNDA:1,buildUpdateInstanceMetrics
FNDA:1,buildInstanceManagement
FNDA:1,buildDashboardRefresh
FNDA:1,buildModalHelpers
FNDA:1,buildModalHandlers
FNDA:1,buildModalFunctions
FNDA:1,buildTsvRefresh
FNDA:1,buildInitSection
DA:1,2
DA:2,1
DA:24,1
DA:38,1
DA:88,1
DA:118,1
DA:172,1
DA:222,1
DA:248,1
DA:264,1
DA:295,1
DA:308,1
DA:335,1
DA:339,1
DA:362,1
DA:386,1
DA:412,1
DA:453,1
DA:463,1
DA:481,1
DA:493,1
DA:497,1
DA:507,1
DA:526,1
DA:544,1
DA:563,1
DA:567,1
DA:587,1
DA:599,1
DA:620,1
DA:640,1
DA:667,1
DA:715,1
DA:743,1
DA:777,1
DA:781,1
DA:825,1
LF:37
LH:37
BRF:0
BRH:0
end_of_record
TN:
SF:src\ui\ui-handlers.ts
FN:30,createUiHandlers
FN:34,(anonymous_10)
FN:38,(anonymous_11)
FN:42,(anonymous_12)
FN:46,(anonymous_13)
FN:50,(anonymous_14)
FN:54,(anonymous_15)
FN:58,(anonymous_16)
FN:62,(anonymous_17)
FN:68,handlePostMetrics
FN:74,(anonymous_19)
FN:91,logIncomingReport
FN:103,handleGetTsv
FN:106,(anonymous_22)
FN:112,(anonymous_23)
FN:116,(anonymous_24)
FN:119,(anonymous_25)
FN:124,handleGetAvailableCommands
FN:127,(anonymous_27)
FN:128,(anonymous_28)
FN:130,(anonymous_29)
FN:133,(anonymous_30)
FN:134,(anonymous_31)
FN:137,(anonymous_32)
FN:142,sendJson
FN:151,sendHtml
FN:159,readBody
FN:162,(anonymous_36)
FN:166,(anonymous_37)
FN:167,(anonymous_38)
FNF:30
FNH:30
FNDA:22,createUiHandlers
FNDA:1,(anonymous_10)
FNDA:1,(anonymous_11)
FNDA:1,(anonymous_12)
FNDA:1,(anonymous_13)
FNDA:1,(anonymous_14)
FNDA:8,(anonymous_15)
FNDA:4,(anonymous_16)
FNDA:4,(anonymous_17)
FNDA:8,handlePostMetrics
FNDA:8,(anonymous_19)
FNDA:6,logIncomingReport
FNDA:4,handleGetTsv
FNDA:3,(anonymous_22)
FNDA:1,(anonymous_23)
FNDA:1,(anonymous_24)
FNDA:1,(anonymous_25)
FNDA:4,handleGetAvailableCommands
FNDA:3,(anonymous_27)
FNDA:4,(anonymous_28)
FNDA:4,(anonymous_29)
FNDA:3,(anonymous_30)
FNDA:4,(anonymous_31)
FNDA:1,(anonymous_32)
FNDA:20,sendJson
FNDA:1,sendHtml
FNDA:8,readBody
FNDA:7,(anonymous_36)
FNDA:7,(anonymous_37)
FNDA:1,(anonymous_38)
DA:7,2
DA:8,2
DA:30,2
DA:31,22
DA:33,22
DA:35,1
DA:39,1
DA:43,1
DA:47,1
DA:51,1
DA:55,8
DA:59,4
DA:63,4
DA:74,8
DA:75,8
DA:76,1
DA:77,1
DA:80,7
DA:81,7
DA:82,6
DA:83,6
DA:84,6
DA:86,1
DA:92,6
DA:94,6
DA:95,4
DA:96,4
DA:99,6
DA:100,6
DA:104,4
DA:106,4
DA:107,3
DA:108,1
DA:109,1
DA:112,2
DA:113,1
DA:114,1
DA:115,1
DA:117,1
DA:120,1
DA:125,4
DA:127,4
DA:128,3
DA:129,4
DA:130,4
DA:133,3
DA:134,4
DA:135,3
DA:138,1
DA:143,20
DA:144,20
DA:148,20
DA:152,1
DA:156,1
DA:160,8
DA:162,8
DA:163,7
DA:166,8
DA:167,8
LF:59
LH:59
BRDA:75,0,0,1
BRDA:92,1,0,5
BRDA:92,1,1,1
BRDA:94,2,0,4
BRDA:94,3,0,6
BRDA:94,3,1,5
BRDA:99,4,0,6
BRDA:99,4,1,1
BRDA:99,4,2,1
BRDA:100,5,0,5
BRDA:100,5,1,1
BRDA:107,6,0,1
BRDA:130,7,0,3
BRDA:130,7,1,1
BRF:14
BRH:14
end_of_record
TN:
SF:src\ui\ui-html.ts
FN:3,buildDashboardHtml
FNF:1
FNH:1
FNDA:1,buildDashboardHtml
DA:1,2
DA:3,2
DA:4,1
DA:6,1
LF:4
LH:4
BRF:0
BRH:0
end_of_record
TN:
SF:src\ui\ui-routes.ts
FN:20,createRouteDispatcher
FN:36,(anonymous_1)
FN:49,tryExactRoute
FN:52,(anonymous_3)
FN:60,tryPrefixRoute
FN:77,sendNotFound
FNF:6
FNH:6
FNDA:13,createRouteDispatcher
FNDA:11,(anonymous_1)
FNDA:11,tryExactRoute
FNDA:41,(anonymous_3)
FNDA:5,tryPrefixRoute
FNDA:2,sendNotFound
DA:20,2
DA:21,13
DA:29,13
DA:35,13
DA:37,11
DA:38,11
DA:40,11
DA:42,5
DA:44,2
DA:52,41
DA:54,11
DA:56,6
DA:57,6
DA:63,5
DA:64,12
DA:66,3
DA:68,3
DA:69,3
DA:70,3
DA:74,2
DA:78,2
DA:79,2
DA:83,2
LF:23
LH:23
BRDA:37,0,0,11
BRDA:37,0,1,1
BRDA:38,1,0,11
BRDA:38,1,1,1
BRDA:40,2,0,6
BRDA:42,3,0,3
BRDA:52,4,0,41
BRDA:52,4,1,28
BRDA:54,5,0,5
BRDA:64,6,0,9
BRDA:64,7,0,12
BRDA:64,7,1,9
BRDA:68,8,0,3
BRF:13
BRH:13
end_of_record
TN:
SF:src\ui\ui-server.ts
FN:24,(anonymous_9)
FN:31,(anonymous_10)
FN:32,(anonymous_11)
FN:33,(anonymous_12)
FN:37,(anonymous_13)
FN:41,(anonymous_14)
FN:48,(anonymous_15)
FN:49,(anonymous_16)
FN:55,(anonymous_17)
FNF:9
FNH:9
FNDA:7,(anonymous_9)
FNDA:7,(anonymous_10)
FNDA:7,(anonymous_11)
FNDA:1,(anonymous_12)
FNDA:1,(anonymous_13)
FNDA:6,(anonymous_14)
FNDA:10,(anonymous_15)
FNDA:10,(anonymous_16)
FNDA:7,(anonymous_17)
DA:1,2
DA:17,2
DA:22,7
DA:25,7
DA:26,7
DA:27,7
DA:28,7
DA:32,7
DA:33,7
DA:34,1
DA:37,7
DA:38,1
DA:41,7
DA:42,6
DA:43,6
DA:49,10
DA:50,10
DA:51,3
DA:52,3
DA:55,7
DA:56,7
DA:57,7
LF:22
LH:22
BRDA:50,0,0,3
BRF:1
BRH:1
end_of_record
TN:
SF:src\util\command.ts
FN:3,commandExists
FN:7,(anonymous_1)
FN:8,(anonymous_2)
FNF:3
FNH:3
FNDA:4,commandExists
FNDA:4,(anonymous_1)
FNDA:4,(anonymous_2)
DA:1,5
DA:3,5
DA:4,4
DA:5,4
DA:7,4
DA:8,4
DA:9,4
LF:7
LH:7
BRDA:5,0,0,3
BRDA:5,0,1,1
BRF:2
BRH:2
end_of_record
TN:
SF:src\util\logger.ts
FN:8,(anonymous_0)
FN:12,(anonymous_1)
FN:16,(anonymous_2)
FNF:3
FNH:3
FNDA:133,(anonymous_0)
FNDA:1,(anonymous_1)
FNDA:9,(anonymous_2)
DA:7,5
DA:9,133
DA:13,1
DA:17,9
LF:4
LH:4
BRF:0
BRH:0
end_of_record
TN:
SF:src\util\paths.ts
FN:3,getConfigDir
FN:13,getConfigFilePath
FNF:2
FNH:2
FNDA:44,getConfigDir
FNDA:10,getConfigFilePath
DA:1,3
DA:3,3
DA:4,44
DA:6,44
DA:7,2
DA:10,42
DA:13,3
DA:14,10
LF:8
LH:8
BRDA:4,0,0,44
BRDA:4,0,1,42
BRDA:4,0,2,2
BRDA:4,0,3,1
BRDA:6,1,0,2
BRF:5
BRH:5
end_of_record
TN:
SF:src\workspace\workspace-initializer.ts
FN:22,(anonymous_9)
FN:27,(anonymous_10)
FN:40,(anonymous_11)
FNF:3
FNH:3
FNDA:3,(anonymous_9)
FNDA:2,(anonymous_10)
FNDA:1,(anonymous_11)
DA:1,1
DA:4,1
DA:5,1
DA:6,1
DA:18,1
DA:23,3
DA:24,3
DA:28,2
DA:29,2
DA:31,2
DA:33,2
DA:35,2
DA:36,1
DA:41,1
DA:48,1
DA:49,1
LF:16
LH:16
BRDA:35,0,0,1
BRF:1
BRH:1
end_of_record
